Scenario - Phase8_R71NoCueWithPupil
Logfile written - 10/29/2020 19:04:12

Subject	Trial	Event Type	Code	Time	TTime	Uncertainty	Duration	Uncertainty	ReqTime	ReqDur	Stim Type	Pair Index

20332	1	Nothing	90	11240	0	1			0		other	0
20332	1	Port Input	2	27673	16433	4
20332	1	Response	3	27673	16433	4
20332	2	Nothing	90	27949	0	0			0		other	0
20332	2	Port Input	2	29033	1084	4
20332	2	Response	3	29033	1084	4
20332	3	Nothing	90	45338	0	0			0		other	0
20332	3	Port Input	2	52846	7508	3
20332	3	Response	3	52846	7508	3
20332	4	Nothing	90	55817	0	0			0		other	0
20332	4	Port Input	1	91378	35561	3
20332	4	Response	2	91378	35561	3
20332	4	Port Input	1	92754	36937	3
20332	4	Response	2	92754	36937	3
20332	5	Nothing	90	100745	0	0			0		other	0
20332	6	Nothing	99	121252	0	0			0		other	0
20332	7	Nothing	41	121402	0	1			0		other	0
20332	8	Sound	21	122729	0	1			0		miss	0
20332	9	Nothing	8	142783	0	0			0		other	0
20332	9	Manual	17	172967	30185	NA
20332	10	Nothing	90	173180	0	0			0		other	0
20332	10	Port Input	1	199232	26051	3
20332	10	Response	2	199232	26051	3
20332	11	Nothing	90	199748	0	1			0		other	0
20332	11	Port Input	1	201277	1529	3
20332	11	Response	2	201277	1529	3
20332	11	Port Input	1	202984	3235	3
20332	11	Response	2	202984	3235	3
20332	12	Nothing	90	222913	0	0			0		other	0
20332	13	Nothing	99	252508	0	1			0		other	0
20332	14	Nothing	41	252661	0	0			0		other	0
20332	15	Sound	21	254029	0	1			0		miss	0
20332	16	Nothing	8	274082	0	0			0		other	0
20332	17	Nothing	90	304294	0	0			0		other	0
20332	18	Nothing	99	319471	0	0			0		other	0
20332	19	Nothing	41	319631	0	1			0		other	0
20332	20	Sound	21	321029	0	1			0		hit	39
20332	20	Port Input	1	322257	1228	4
20332	20	Response	2	322257	1228	4
20332	21	Nothing	75	322409	0	0			0		other	0
20332	21	Port Input	1	323402	993	4
20332	21	Response	2	323402	993	4
20332	22	Nothing	90	352675	0	0			0		other	0
20332	22	Port Input	1	366973	14298	3
20332	22	Response	2	366973	14298	3
20332	23	Nothing	90	380493	0	1			0		other	0
20332	23	Port Input	1	397019	16527	3
20332	23	Response	2	397019	16527	3
20332	24	Nothing	90	416594	0	1			0		other	0
20332	25	Nothing	99	438190	0	0			0		other	0
20332	26	Nothing	41	438342	0	0			0		other	0
20332	27	Sound	21	439729	0	1			0		miss	0
20332	28	Nothing	8	459782	0	0			0		other	0
20332	29	Nothing	90	489995	0	1			0		other	0
20332	29	Port Input	2	519861	29866	3
20332	29	Response	3	519861	29866	3
20332	29	Port Input	1	521535	31540	3
20332	29	Response	2	521535	31540	3
20332	29	Port Input	1	523076	33081	4
20332	29	Response	2	523076	33081	4
20332	30	Nothing	90	534648	0	0			0		other	0
20332	31	Nothing	99	554214	0	0			0		other	0
20332	32	Nothing	41	554366	0	0			0		other	0
20332	33	Sound	21	555728	0	1			0		miss	0
20332	34	Nothing	8	575782	0	0			0		other	0
20332	34	Port Input	2	602101	26319	3
20332	34	Response	3	602101	26319	3
20332	36	Nothing	90	606012	0	0			0		other	0
20332	36	Port Input	1	606358	346	3
20332	36	Response	2	606358	346	3
20332	37	Nothing	90	622464	0	1			0		other	0
20332	38	Nothing	99	650509	0	1			0		other	0
20332	39	Nothing	41	650665	0	1			0		other	0
20332	40	Sound	21	652028	0	1			0		hit	76
20332	40	Port Input	1	669873	17845	3
20332	40	Response	2	669873	17845	3
20332	41	Nothing	5	670039	0	0			0		other	0
20332	41	Port Input	1	671428	1389	5
20332	41	Response	2	671428	1389	5
20332	41	Port Input	1	672611	2573	3
20332	41	Response	2	672611	2573	3
20332	41	Port Input	1	673860	3821	3
20332	41	Response	2	673860	3821	3
20332	41	Port Input	1	675091	5052	4
20332	41	Response	2	675091	5052	4
20332	41	Port Input	1	676265	6226	3
20332	41	Response	2	676265	6226	3
20332	41	Port Input	1	677470	7432	3
20332	41	Response	2	677470	7432	3
20332	41	Port Input	1	678675	8636	3
20332	41	Response	2	678675	8636	3
20332	41	Port Input	1	679848	9809	4
20332	41	Response	2	679848	9809	4
20332	41	Port Input	1	681131	11092	3
20332	41	Response	2	681131	11092	3
20332	41	Port Input	1	682354	12315	3
20332	41	Response	2	682354	12315	3
20332	41	Port Input	1	683840	13801	3
20332	41	Response	2	683840	13801	3
20332	41	Port Input	1	685168	15129	3
20332	41	Response	2	685168	15129	3
20332	41	Port Input	1	686822	16783	3
20332	41	Response	2	686822	16783	3
20332	41	Port Input	2	690189	20150	3
20332	41	Response	3	690189	20150	3
20332	41	Port Input	1	691656	21618	4
20332	41	Response	2	691656	21618	4
20332	41	Port Input	1	693660	23621	3
20332	41	Response	2	693660	23621	3
20332	41	Port Input	1	695290	25251	3
20332	41	Response	2	695290	25251	3
20332	41	Port Input	1	698891	28852	3
20332	41	Response	2	698891	28852	3
20332	42	Nothing	90	700306	0	1			0		other	0
20332	42	Port Input	1	707340	7034	3
20332	42	Response	2	707340	7034	3
20332	43	Nothing	90	710515	0	0			0		other	0
20332	44	Nothing	99	722561	0	0			0		other	0
20332	45	Nothing	41	722712	0	0			0		other	0
20332	46	Sound	21	724128	0	1			0		hit	122
20332	46	Port Input	1	733474	9346	3
20332	46	Response	2	733474	9346	3
20332	47	Nothing	5	733641	0	1			0		other	0
20332	47	Port Input	1	735158	1517	4
20332	47	Response	2	735158	1517	4
20332	47	Port Input	1	736379	2738	3
20332	47	Response	2	736379	2738	3
20332	47	Port Input	1	737623	3982	3
20332	47	Response	2	737623	3982	3
20332	47	Port Input	1	738887	5246	3
20332	47	Response	2	738887	5246	3
20332	47	Port Input	1	740050	6409	3
20332	47	Response	2	740050	6409	3
20332	47	Port Input	1	741314	7673	3
20332	47	Response	2	741314	7673	3
20332	47	Port Input	1	742446	8806	3
20332	47	Response	2	742446	8806	3
20332	47	Port Input	1	743886	10246	4
20332	47	Response	2	743886	10246	4
20332	47	Port Input	1	745210	11569	3
20332	47	Response	2	745210	11569	3
20332	47	Port Input	1	746475	12834	3
20332	47	Response	2	746475	12834	3
20332	47	Port Input	1	746478	12837	4
20332	47	Port Input	1	747895	14254	4
20332	47	Response	2	747895	14254	4
20332	47	Port Input	1	749445	15805	3
20332	47	Response	2	749445	15805	3
20332	48	Nothing	90	763855	0	1			0		other	0
20332	48	Port Input	1	780212	16357	3
20332	48	Response	2	780212	16357	3
20332	48	Port Input	1	781296	17441	3
20332	48	Response	2	781296	17441	3
20332	49	Nothing	90	784091	0	1			0		other	0
20332	50	Nothing	99	803108	0	1			0		other	0
20332	51	Nothing	41	803260	0	0			0		other	0
20332	52	Sound	21	804628	0	1			0		hit	159
20332	52	Port Input	1	808695	4067	3
20332	52	Response	2	808695	4067	3
20332	53	Nothing	5	808854	0	1			0		other	0
20332	53	Port Input	1	810428	1574	4
20332	53	Response	2	810428	1574	4
20332	53	Port Input	1	811576	2721	3
20332	53	Response	2	811576	2721	3
20332	53	Port Input	1	812710	3855	3
20332	53	Response	2	812710	3855	3
20332	53	Port Input	1	813997	5143	4
20332	53	Response	2	813997	5143	4
20332	53	Port Input	1	815274	6420	3
20332	53	Response	2	815274	6420	3
20332	53	Port Input	1	816476	7622	4
20332	53	Response	2	816476	7622	4
20332	53	Port Input	1	817740	8886	3
20332	53	Response	2	817740	8886	3
20332	53	Port Input	1	819125	10271	3
20332	53	Response	2	819125	10271	3
20332	53	Port Input	1	820215	11361	3
20332	53	Response	2	820215	11361	3
20332	53	Port Input	1	821461	12607	3
20332	53	Response	2	821461	12607	3
20332	53	Port Input	1	822982	14128	3
20332	53	Response	2	822982	14128	3
20332	53	Port Input	1	824228	15373	4
20332	53	Response	2	824228	15373	4
20332	53	Port Input	1	825797	16943	3
20332	53	Response	2	825797	16943	3
20332	53	Port Input	1	827345	18491	3
20332	53	Response	2	827345	18491	3
20332	54	Nothing	90	839163	0	1			0		other	0
20332	55	Nothing	99	852689	0	1			0		other	0
20332	56	Nothing	41	852841	0	0			0		other	0
20332	57	Sound	21	854228	0	1			0		hit	194
20332	57	Port Input	1	854752	524	3
20332	57	Response	2	854752	524	3
20332	58	Nothing	5	854913	0	0			0		other	0
20332	58	Port Input	1	855976	1063	4
20332	58	Response	2	855976	1063	4
20332	58	Port Input	1	857167	2254	3
20332	58	Response	2	857167	2254	3
20332	58	Port Input	1	858517	3604	3
20332	58	Response	2	858517	3604	3
20332	58	Port Input	1	859819	4906	3
20332	58	Response	2	859819	4906	3
20332	58	Port Input	1	861031	6119	3
20332	58	Response	2	861031	6119	3
20332	58	Port Input	1	862230	7317	3
20332	58	Response	2	862230	7317	3
20332	58	Port Input	1	863362	8449	3
20332	58	Response	2	863362	8449	3
20332	58	Port Input	1	864535	9622	3
20332	58	Response	2	864535	9622	3
20332	58	Port Input	1	865791	10878	3
20332	58	Response	2	865791	10878	3
20332	58	Port Input	1	866942	12029	3
20332	58	Response	2	866942	12029	3
20332	58	Port Input	1	868391	13478	3
20332	58	Response	2	868391	13478	3
20332	58	Port Input	1	869709	14796	3
20332	58	Response	2	869709	14796	3
20332	58	Port Input	1	871372	16459	3
20332	58	Response	2	871372	16459	3
20332	58	Port Input	1	872764	17851	3
20332	58	Response	2	872764	17851	3
20332	58	Port Input	1	874213	19300	3
20332	58	Response	2	874213	19300	3
20332	59	Nothing	90	885183	0	0			0		other	0
20332	59	Port Input	1	895003	9821	3
20332	59	Response	2	895003	9821	3
20332	59	Port Input	1	897521	12339	3
20332	59	Response	2	897521	12339	3
20332	59	Port Input	1	900696	15514	4
20332	59	Response	2	900696	15514	4
20332	60	Nothing	90	900958	0	1			0		other	0
20332	60	Port Input	1	902492	1534	3
20332	60	Response	2	902492	1534	3
20332	60	Port Input	1	904050	3092	3
20332	60	Response	2	904050	3092	3
20332	60	Port Input	1	913037	12079	3
20332	60	Response	2	913037	12079	3
20332	60	Port Input	1	916990	16033	4
20332	60	Response	2	916990	16033	4
20332	60	Port Input	1	918663	17706	4
20332	60	Response	2	918663	17706	4
20332	61	Nothing	90	928608	0	0			0		other	0
20332	62	Nothing	99	941964	0	0			0		other	0
20332	63	Nothing	41	942116	0	1			0		other	0
20332	64	Sound	21	943528	0	1			0		hit	249
20332	64	Port Input	1	956888	13360	3
20332	64	Response	2	956888	13360	3
20332	65	Nothing	75	957042	0	0			0		other	0
20332	65	Port Input	1	958413	1371	3
20332	65	Response	2	958413	1371	3
20332	65	Port Input	1	960191	3148	3
20332	65	Response	2	960191	3148	3
20332	65	Port Input	1	961976	4934	3
20332	65	Response	2	961976	4934	3
20332	67	Nothing	90	987342	0	0			0		other	0
20332	67	Port Input	1	1004873	17531	3
20332	67	Response	2	1004873	17531	3
20332	67	Port Input	1	1006181	18839	3
20332	67	Response	2	1006181	18839	3
20332	68	Nothing	90	1012911	0	0			0		other	0
20332	69	Nothing	99	1023066	0	0			0		other	0
20332	70	Nothing	41	1023223	0	0			0		other	0
20332	71	Sound	21	1024628	0	1			0		miss	0
20332	72	Nothing	8	1044679	0	0			0		other	0
20332	72	Port Input	1	1047290	2610	3
20332	72	Response	2	1047290	2610	3
20332	72	Port Input	1	1048747	4068	3
20332	72	Response	2	1048747	4068	3
20332	72	Port Input	1	1050355	5676	3
20332	72	Response	2	1050355	5676	3
20332	72	Port Input	1	1073353	28674	4
20332	72	Response	2	1073353	28674	4
20332	72	Port Input	1	1074683	30004	47
20332	72	Response	2	1074683	30004	47
20332	73	Nothing	90	1074895	0	1			0		other	0
20332	74	Nothing	99	1086331	0	1			0		other	0
20332	75	Nothing	41	1086488	0	0			0		other	0
20332	76	Sound	21	1087828	0	1			0		hit	282
20332	76	Port Input	1	1094328	6500	3
20332	76	Response	2	1094328	6500	3
20332	77	Nothing	5	1094491	0	1			0		other	0
20332	77	Port Input	1	1096051	1560	3
20332	77	Response	2	1096051	1560	3
20332	77	Port Input	1	1097186	2695	4
20332	77	Response	2	1097186	2695	4
20332	77	Port Input	1	1098387	3896	3
20332	77	Response	2	1098387	3896	3
20332	77	Port Input	1	1099602	5111	4
20332	77	Response	2	1099602	5111	4
20332	77	Port Input	1	1101005	6514	4
20332	77	Response	2	1101005	6514	4
20332	77	Port Input	1	1102422	7931	3
20332	77	Response	2	1102422	7931	3
20332	77	Port Input	1	1103743	9252	4
20332	77	Response	2	1103743	9252	4
20332	77	Port Input	1	1105088	10598	3
20332	77	Response	2	1105088	10598	3
20332	77	Port Input	1	1106305	11814	3
20332	77	Response	2	1106305	11814	3
20332	77	Port Input	1	1107748	13257	4
20332	77	Response	2	1107748	13257	4
20332	77	Port Input	1	1109152	14661	3
20332	77	Response	2	1109152	14661	3
20332	77	Port Input	1	1110846	16355	3
20332	77	Response	2	1110846	16355	3
20332	78	Nothing	90	1124802	0	1			0		other	0
20332	78	Port Input	1	1139608	14806	4
20332	78	Response	2	1139608	14806	4
20332	78	Port Input	1	1140952	16149	3
20332	78	Response	2	1140952	16149	3
20332	79	Nothing	90	1149942	0	0			0		other	0
20332	79	Port Input	1	1153776	3835	4
20332	79	Response	2	1153776	3835	4
20332	80	Nothing	90	1166792	0	1			0		other	0
20332	81	Nothing	99	1179158	0	1			0		other	0
20332	82	Nothing	41	1179310	0	1			0		other	0
20332	83	Sound	21	1180728	0	1			0		hit	321
20332	83	Port Input	1	1194359	13631	3
20332	83	Response	2	1194359	13631	3
20332	84	Nothing	75	1194515	0	1			0		other	0
20332	84	Port Input	1	1195701	1186	4
20332	84	Response	2	1195701	1186	4
20332	84	Port Input	2	1214226	19711	3
20332	84	Response	3	1214226	19711	3
20332	84	Port Input	1	1215747	21232	4
20332	84	Response	2	1215747	21232	4
20332	84	Port Input	1	1217688	23174	3
20332	84	Response	2	1217688	23174	3
20332	85	Nothing	90	1224789	0	0			0		other	0
20332	86	Nothing	99	1235834	0	0			0		other	0
20332	87	Nothing	41	1235985	0	0			0		other	0
20332	88	Sound	21	1237328	0	1			0		miss	0
20332	89	Nothing	8	1257381	0	0			0		other	0
20332	89	Port Input	1	1283917	26536	3
20332	89	Response	2	1283917	26536	3
20332	90	Nothing	90	1287605	0	1			0		other	0
20332	91	Nothing	99	1327492	0	0			0		other	0
20332	92	Nothing	41	1327644	0	1			0		other	0
20332	93	Sound	21	1329028	0	1			0		miss	0
20332	94	Nothing	8	1349083	0	0			0		other	0
20332	94	Port Input	1	1363348	14265	3
20332	94	Response	2	1363348	14265	3
20332	94	Port Input	1	1364845	15762	3
20332	94	Response	2	1364845	15762	3
20332	94	Port Input	1	1367897	18814	3
20332	94	Response	2	1367897	18814	3
20332	94	Port Input	1	1369278	20195	3
20332	94	Response	2	1369278	20195	3
20332	94	Port Input	1	1371097	22014	4
20332	94	Response	2	1371097	22014	4
20332	96	Nothing	90	1379331	0	1			0		other	0
20332	96	Port Input	2	1384455	5124	3
20332	96	Response	3	1384455	5124	3
20332	96	Port Input	1	1403773	24442	3
20332	96	Response	2	1403773	24442	3
20332	97	Nothing	90	1423130	0	1			0		other	0
20332	98	Nothing	99	1434406	0	0			0		other	0
20332	99	Nothing	41	1434558	0	0			0		other	0
20332	100	Sound	21	1435928	0	1			0		hit	363
20332	100	Port Input	1	1445810	9883	3
20332	100	Response	2	1445810	9883	3
20332	101	Nothing	5	1445974	0	0			0		other	0
20332	101	Port Input	1	1447179	1205	3
20332	101	Response	2	1447179	1205	3
20332	101	Port Input	1	1448350	2377	3
20332	101	Response	2	1448350	2377	3
20332	101	Port Input	1	1449606	3632	4
20332	101	Response	2	1449606	3632	4
20332	101	Port Input	1	1450882	4908	3
20332	101	Response	2	1450882	4908	3
20332	101	Port Input	1	1452156	6182	4
20332	101	Response	2	1452156	6182	4
20332	101	Port Input	1	1453457	7483	3
20332	101	Response	2	1453457	7483	3
20332	101	Port Input	1	1454649	8675	3
20332	101	Response	2	1454649	8675	3
20332	101	Port Input	1	1454652	8678	3
20332	101	Port Input	1	1455953	9980	3
20332	101	Response	2	1455953	9980	3
20332	101	Port Input	1	1457126	11152	4
20332	101	Response	2	1457126	11152	4
20332	101	Port Input	1	1458370	12396	3
20332	101	Response	2	1458370	12396	3
20332	101	Port Input	1	1459870	13896	3
20332	101	Response	2	1459870	13896	3
20332	101	Port Input	1	1461227	15253	3
20332	101	Response	2	1461227	15253	3
20332	101	Port Input	1	1462630	16656	3
20332	101	Response	2	1462630	16656	3
20332	101	Port Input	1	1464330	18356	3
20332	101	Response	2	1464330	18356	3
20332	101	Port Input	1	1464399	18425	3
20332	102	Nothing	90	1476287	0	0			0		other	0
20332	102	Port Input	1	1493911	17624	3
20332	102	Response	2	1493911	17624	3
20332	102	Port Input	1	1509565	33278	3
20332	102	Response	2	1509565	33278	3
20332	102	Port Input	1	1510944	34657	4
20332	102	Response	2	1510944	34657	4
20332	103	Nothing	90	1512968	0	0			0		other	0
20332	103	Port Input	1	1537387	24420	3
20332	103	Response	2	1537387	24420	3
20332	103	Port Input	1	1539203	26235	3
20332	103	Response	2	1539203	26235	3
20332	103	Port Input	1	1540287	27319	4
20332	103	Response	2	1540287	27319	4
20332	103	Port Input	1	1541950	28982	4
20332	103	Response	2	1541950	28982	4
20332	103	Port Input	1	1545385	32418	4
20332	103	Response	2	1545385	32418	4
20332	104	Nothing	90	1556508	0	1			0		other	0
20332	104	Port Input	1	1584471	27962	3
20332	104	Response	2	1584471	27962	3
20332	104	Port Input	1	1585713	29204	3
20332	104	Response	2	1585713	29204	3
20332	105	Nothing	90	1586349	0	0			0		other	0
20332	105	Port Input	1	1586947	597	4
20332	105	Response	2	1586947	597	4
20332	105	Port Input	1	1590523	4174	3
20332	105	Response	2	1590523	4174	3
20332	106	Nothing	90	1624799	0	0			0		other	0
20332	106	Port Input	1	1638330	13531	4
20332	106	Response	2	1638330	13531	4
20332	106	Port Input	1	1639486	14688	3
20332	106	Response	2	1639486	14688	3
20332	106	Port Input	1	1640999	16200	3
20332	106	Response	2	1640999	16200	3
20332	106	Port Input	1	1655949	31150	3
20332	106	Response	2	1655949	31150	3
20332	106	Port Input	1	1657259	32460	4
20332	106	Response	2	1657259	32460	4
20332	106	Port Input	1	1659348	34549	3
20332	106	Response	2	1659348	34549	3
20332	106	Port Input	1	1660928	36129	4
20332	106	Response	2	1660928	36129	4
20332	106	Port Input	2	1662675	37876	3
20332	106	Response	3	1662675	37876	3
20332	106	Port Input	1	1664309	39510	3
20332	106	Response	2	1664309	39510	3
20332	106	Port Input	1	1665609	40810	3
20332	106	Response	2	1665609	40810	3
20332	106	Port Input	1	1667707	42908	3
20332	106	Response	2	1667707	42908	3
20332	106	Port Input	1	1669583	44784	3
20332	106	Response	2	1669583	44784	3
20332	107	Nothing	99	1669775	0	0			0		other	0
20332	108	Nothing	41	1669926	0	1			0		other	0
20332	109	Port Input	1	1671214	286	3
20332	109	Response	2	1671214	286	3
20332	110	Nothing	5	1671379	0	1			0		other	0
20332	110	Port Input	1	1672865	1486	4
20332	110	Response	2	1672865	1486	4
20332	110	Port Input	1	1674153	2773	3
20332	110	Response	2	1674153	2773	3
20332	110	Port Input	1	1675375	3996	3
20332	110	Response	2	1675375	3996	3
20332	110	Port Input	1	1676691	5312	3
20332	110	Response	2	1676691	5312	3
20332	110	Port Input	1	1677838	6458	3
20332	110	Response	2	1677838	6458	3
20332	110	Port Input	1	1677840	6461	3
20332	110	Port Input	1	1679126	7747	3
20332	110	Response	2	1679126	7747	3
20332	110	Port Input	1	1680447	9067	4
20332	110	Response	2	1680447	9067	4
20332	110	Port Input	1	1681751	10372	3
20332	110	Response	2	1681751	10372	3
20332	110	Port Input	1	1683280	11901	3
20332	110	Response	2	1683280	11901	3
20332	110	Port Input	1	1684533	13154	3
20332	110	Response	2	1684533	13154	3
20332	110	Port Input	1	1686114	14735	3
20332	110	Response	2	1686114	14735	3
20332	110	Port Input	1	1687474	16094	3
20332	110	Response	2	1687474	16094	3
20332	110	Port Input	1	1689179	17800	3
20332	110	Response	2	1689179	17800	3
20332	110	Port Input	1	1690796	19417	3
20332	110	Response	2	1690796	19417	3
20332	111	Nothing	90	1701755	0	1			0		other	0
20332	111	Port Input	1	1721160	19405	3
20332	111	Response	2	1721160	19405	3
20332	111	Port Input	1	1722206	20451	3
20332	111	Response	2	1722206	20451	3
20332	111	Port Input	1	1723614	21859	3
20332	111	Response	2	1723614	21859	3
20332	112	Nothing	90	1723970	0	1			0		other	0
20332	113	Nothing	99	1745327	0	0			0		other	0
20332	114	Nothing	41	1745479	0	1			0		other	0
20332	115	Sound	21	1746827	0	1			0		hit	494
20332	115	Port Input	1	1752395	5568	4
20332	115	Response	2	1752395	5568	4
20332	116	Nothing	5	1752560	0	1			0		other	0
20332	116	Port Input	1	1753589	1029	3
20332	116	Response	2	1753589	1029	3
20332	116	Port Input	1	1754806	2246	4
20332	116	Response	2	1754806	2246	4
20332	116	Port Input	1	1755990	3430	3
20332	116	Response	2	1755990	3430	3
20332	116	Port Input	1	1757232	4671	3
20332	116	Response	2	1757232	4671	3
20332	116	Port Input	1	1758627	6067	3
20332	116	Response	2	1758627	6067	3
20332	116	Port Input	1	1759936	7375	3
20332	116	Response	2	1759936	7375	3
20332	116	Port Input	1	1761090	8530	3
20332	116	Response	2	1761090	8530	3
20332	116	Port Input	1	1762417	9857	3
20332	116	Response	2	1762417	9857	3
20332	116	Port Input	1	1763687	11127	3
20332	116	Response	2	1763687	11127	3
20332	116	Port Input	1	1764805	12245	4
20332	116	Response	2	1764805	12245	4
20332	116	Port Input	1	1766109	13548	3
20332	116	Response	2	1766109	13548	3
20332	116	Port Input	1	1767670	15110	3
20332	116	Response	2	1767670	15110	3
20332	116	Port Input	1	1769081	16521	3
20332	116	Response	2	1769081	16521	3
20332	116	Port Input	1	1770510	17950	3
20332	116	Response	2	1770510	17950	3
20332	117	Nothing	90	1782871	0	1			0		other	0
20332	117	Port Input	1	1790117	7246	4
20332	117	Response	2	1790117	7246	4
20332	117	Port Input	1	1791289	8418	3
20332	117	Response	2	1791289	8418	3
20332	117	Port Input	1	1792788	9917	3
20332	117	Response	2	1792788	9917	3
20332	117	Port Input	1	1794111	11240	3
20332	117	Response	2	1794111	11240	3
20332	118	Nothing	90	1794431	0	0			0		other	0
20332	118	Port Input	1	1806043	11611	3
20332	118	Response	2	1806043	11611	3
20332	118	Port Input	1	1807370	12939	3
20332	118	Response	2	1807370	12939	3
20332	118	Port Input	1	1808722	14290	3
20332	118	Response	2	1808722	14290	3
20332	119	Nothing	90	1810053	0	1			0		other	0
20332	119	Port Input	1	1813026	2972	4
20332	119	Response	2	1813026	2972	4
20332	119	Port Input	1	1814637	4583	4
20332	119	Response	2	1814637	4583	4
20332	119	Port Input	1	1819036	8982	3
20332	119	Response	2	1819036	8982	3
20332	119	Port Input	1	1820561	10508	3
20332	119	Response	2	1820561	10508	3
20332	119	Port Input	1	1822509	12455	3
20332	119	Response	2	1822509	12455	3
20332	120	Nothing	90	1834842	0	1			0		other	0
20332	120	Port Input	1	1846142	11299	4
20332	120	Response	2	1846142	11299	4
20332	120	Port Input	1	1847618	12776	3
20332	120	Response	2	1847618	12776	3
20332	120	Port Input	1	1849044	14201	3
20332	120	Response	2	1849044	14201	3
20332	121	Nothing	90	1856662	0	0			0		other	0
20332	122	Nothing	99	1881888	0	0			0		other	0
20332	123	Nothing	41	1882046	0	0			0		other	0
20332	124	Sound	21	1883427	0	1			0		hit	563
20332	124	Port Input	1	1884995	1568	4
20332	124	Response	2	1884995	1568	4
20332	125	Nothing	75	1885151	0	1			0		other	0
20332	126	Nothing	90	1915517	0	1			0		other	0
20332	126	Port Input	1	1926628	11111	3
20332	126	Response	2	1926628	11111	3
20332	126	Port Input	1	1926631	11114	3
20332	126	Port Input	1	1927926	12409	4
20332	126	Response	2	1927926	12409	4
20332	126	Port Input	1	1929424	13906	4
20332	126	Response	2	1929424	13906	4
20332	127	Nothing	90	1965127	0	0			0		other	0
20332	127	Port Input	1	1972615	7488	3
20332	127	Response	2	1972615	7488	3
20332	127	Port Input	1	1974145	9018	4
20332	127	Response	2	1974145	9018	4
20332	127	Port Input	1	1975416	10289	4
20332	127	Response	2	1975416	10289	4
20332	127	Port Input	1	1976744	11617	3
20332	127	Response	2	1976744	11617	3
20332	128	Nothing	90	1978360	0	1			0		other	0
20332	128	Port Input	1	1978827	466	4
20332	128	Response	2	1978827	466	4
20332	128	Port Input	1	1980086	1726	4
20332	128	Response	2	1980086	1726	4
20332	129	Nothing	90	1997940	0	1			0		other	0
20332	130	Nothing	99	2009876	0	0			0		other	0
20332	131	Nothing	41	2010034	0	1			0		other	0
20332	132	Sound	21	2011427	0	1			0		miss	0
20332	133	Nothing	8	2031485	0	1			0		other	0
20332	133	Port Input	1	2041099	9613	3
20332	133	Response	2	2041099	9613	3
20332	133	Port Input	1	2042361	10875	3
20332	133	Response	2	2042361	10875	3
20332	133	Port Input	1	2043806	12321	3
20332	133	Response	2	2043806	12321	3
20332	135	Nothing	90	2061790	0	0			0		other	0
20332	135	Port Input	1	2068810	7019	3
20332	135	Response	2	2068810	7019	3
20332	135	Port Input	1	2087051	25261	3
20332	135	Response	2	2087051	25261	3
20332	135	Port Input	1	2088425	26635	3
20332	135	Response	2	2088425	26635	3
20332	135	Port Input	1	2090279	28489	3
20332	135	Response	2	2090279	28489	3
20332	135	Port Input	1	2110262	48472	3
20332	135	Response	2	2110262	48472	3
20332	136	Nothing	90	2111121	0	1			0		other	0
20332	136	Port Input	1	2111667	546	3
20332	136	Response	2	2111667	546	3
20332	136	Port Input	1	2113603	2483	4
20332	136	Response	2	2113603	2483	4
20332	137	Nothing	90	2125201	0	0			0		other	0
20332	138	Nothing	99	2153557	0	1			0		other	0
20332	139	Nothing	41	2153710	0	0			0		other	0
20332	140	Sound	21	2155127	0	1			0		miss	0
20332	141	Nothing	8	2175180	0	0			0		other	0
20332	141	Port Input	2	2180231	5051	4
20332	141	Response	3	2180231	5051	4
20332	141	Port Input	2	2181417	6237	4
20332	141	Response	3	2181417	6237	4
20332	141	Port Input	1	2182797	7617	3
20332	141	Response	2	2182797	7617	3
20332	141	Port Input	1	2184463	9283	3
20332	141	Response	2	2184463	9283	3
20332	142	Nothing	90	2205452	0	1			0		other	0
20332	142	Port Input	2	2216556	11104	3
20332	142	Response	3	2216556	11104	3
20332	142	Port Input	2	2217981	12529	3
20332	142	Response	3	2217981	12529	3
20332	142	Port Input	1	2222992	17540	3
20332	142	Response	2	2222992	17540	3
20332	142	Port Input	1	2224593	19142	3
20332	142	Response	2	2224593	19142	3
20332	142	Port Input	1	2226409	20957	3
20332	142	Response	2	2226409	20957	3
20332	143	Nothing	90	2247741	0	0			0		other	0
20332	143	Port Input	2	2254598	6858	3
20332	143	Response	3	2254598	6858	3
20332	143	Port Input	1	2257871	10130	3
20332	143	Response	2	2257871	10130	3
20332	144	Nothing	90	2270740	0	0			0		other	0
20332	145	Nothing	99	2290176	0	0			0		other	0
20332	146	Nothing	41	2290330	0	0			0		other	0
20332	147	Sound	21	2291727	0	1			0		hit	648
20332	147	Port Input	2	2295852	4126	3
20332	147	Response	3	2295852	4126	3
20332	148	Nothing	76	2295912	0	0			0		other	0
20332	148	Port Input	1	2297513	1602	4
20332	148	Response	2	2297513	1602	4
20332	148	Port Input	1	2299029	3118	3
20332	148	Response	2	2299029	3118	3
20332	148	Port Input	1	2310170	14258	3
20332	148	Response	2	2310170	14258	3
20332	148	Port Input	1	2311725	15813	3
20332	148	Response	2	2311725	15813	3
20332	148	Port Input	1	2311727	15816	3
20332	149	Nothing	90	2326372	0	0			0		other	0
20332	150	Nothing	99	2355568	0	0			0		other	0
20332	151	Nothing	41	2355721	0	0			0		other	0
20332	152	Port Input	2	2357012	289	4
20332	152	Response	3	2357012	289	4
20332	153	Nothing	76	2357073	0	0			0		other	0
20332	153	Port Input	2	2358455	1382	3
20332	153	Response	3	2358455	1382	3
20332	153	Port Input	1	2366063	8990	3
20332	153	Response	2	2366063	8990	3
20332	154	Nothing	90	2387421	0	0			0		other	0
20332	154	Port Input	2	2409679	22258	3
20332	154	Response	3	2409679	22258	3
20332	154	Port Input	1	2411722	24301	3
20332	154	Response	2	2411722	24301	3
20332	154	Port Input	1	2416414	28993	3
20332	154	Response	2	2416414	28993	3
20332	155	Nothing	90	2431270	0	0			0		other	0
20332	155	Port Input	1	2454737	23467	3
20332	155	Response	2	2454737	23467	3
20332	155	Port Input	1	2455877	24607	3
20332	155	Response	2	2455877	24607	3
20332	155	Port Input	1	2457588	26319	3
20332	155	Response	2	2457588	26319	3
20332	156	Nothing	90	2463062	0	1			0		other	0
20332	157	Nothing	99	2478948	0	1			0		other	0
20332	158	Nothing	41	2479102	0	0			0		other	0
20332	159	Sound	21	2480426	0	1			0		hit	688
20332	159	Port Input	1	2486476	6050	4
20332	159	Response	2	2486476	6050	4
20332	160	Nothing	75	2486628	0	0			0		other	0
20332	160	Port Input	1	2488185	1557	3
20332	160	Response	2	2488185	1557	3
20332	160	Port Input	1	2512868	26240	4
20332	160	Response	2	2512868	26240	4
20332	160	Port Input	1	2514178	27550	3
20332	160	Response	2	2514178	27550	3
20332	160	Manual	41	2516936	30308	NA
20332	161	Nothing	90	2517278	0	1			0		other	0
20332	162	Nothing	99	2535993	0	1			0		other	0
20332	163	Nothing	42	2536145	0	0			0		other	0
20332	164	Sound	21	2537526	0	1			0		miss	0
20332	165	Nothing	8	2557579	0	0			0		other	0
20332	165	Port Input	2	2579746	22167	3
20332	165	Response	3	2579746	22167	3
20332	165	Port Input	2	2580928	23349	4
20332	165	Response	3	2580928	23349	4
20332	165	Port Input	1	2582266	24687	3
20332	165	Response	2	2582266	24687	3
20332	165	Port Input	1	2583830	26251	4
20332	165	Response	2	2583830	26251	4
20332	167	Nothing	90	2587830	0	1			0		other	0
20332	168	Nothing	99	2616726	0	0			0		other	0
20332	169	Nothing	42	2616885	0	1			0		other	0
20332	170	Sound	21	2618226	0	1			0		hit	715
20332	170	Port Input	1	2626625	8398	4
20332	170	Response	2	2626625	8398	4
20332	171	Nothing	5	2626694	0	0			0		other	0
20332	171	Port Input	1	2627820	1126	4
20332	171	Response	2	2627820	1126	4
20332	171	Port Input	1	2629064	2371	3
20332	171	Response	2	2629064	2371	3
20332	171	Port Input	1	2630207	3513	3
20332	171	Response	2	2630207	3513	3
20332	171	Port Input	1	2631578	4885	3
20332	171	Response	2	2631578	4885	3
20332	171	Port Input	1	2632839	6146	3
20332	171	Response	2	2632839	6146	3
20332	171	Port Input	1	2634086	7392	4
20332	171	Response	2	2634086	7392	4
20332	171	Port Input	1	2635322	8629	5
20332	171	Response	2	2635322	8629	5
20332	171	Port Input	1	2636722	10028	3
20332	171	Response	2	2636722	10028	3
20332	171	Port Input	1	2638009	11316	3
20332	171	Response	2	2638009	11316	3
20332	171	Port Input	1	2639270	12577	3
20332	171	Response	2	2639270	12577	3
20332	171	Port Input	1	2640694	14001	4
20332	171	Response	2	2640694	14001	4
20332	171	Port Input	1	2642254	15560	3
20332	171	Response	2	2642254	15560	3
20332	171	Port Input	1	2644124	17431	3
20332	171	Response	2	2644124	17431	3
20332	172	Nothing	90	2657051	0	1			0		other	0
20332	173	Nothing	99	2668716	0	0			0		other	0
20332	174	Nothing	42	2668869	0	1			0		other	0
20332	175	Sound	21	2670226	0	1			0		hit	748
20332	175	Port Input	1	2676482	6255	4
20332	175	Response	2	2676482	6255	4
20332	176	Nothing	75	2676544	0	1			0		other	0
20332	176	Port Input	1	2677570	1026	3
20332	176	Response	2	2677570	1026	3
20332	176	Port Input	1	2679237	2692	3
20332	176	Response	2	2679237	2692	3
20332	176	Port Input	1	2680658	4113	3
20332	176	Response	2	2680658	4113	3
20332	176	Port Input	1	2682306	5762	4
20332	176	Response	2	2682306	5762	4
20332	176	Port Input	1	2683994	7450	3
20332	176	Response	2	2683994	7450	3
20332	177	Nothing	90	2706851	0	1			0		other	0
20332	177	Port Input	1	2720108	13257	3
20332	177	Response	2	2720108	13257	3
20332	177	Port Input	1	2721383	14532	3
20332	177	Response	2	2721383	14532	3
20332	177	Port Input	1	2723057	16205	3
20332	177	Response	2	2723057	16205	3
20332	178	Nothing	90	2730279	0	1			0		other	0
20332	179	Nothing	99	2744456	0	1			0		other	0
20332	180	Nothing	42	2744608	0	0			0		other	0
20332	181	Sound	21	2746026	0	1			0		hit	772
20332	181	Port Input	1	2748993	2967	3
20332	181	Response	2	2748993	2967	3
20332	182	Nothing	75	2749051	0	1			0		other	0
20332	182	Port Input	1	2750268	1216	4
20332	182	Response	2	2750268	1216	4
20332	182	Port Input	1	2759587	10536	3
20332	182	Response	2	2759587	10536	3
20332	182	Port Input	2	2761038	11987	3
20332	182	Response	3	2761038	11987	3
20332	182	Port Input	1	2763044	13993	3
20332	182	Response	2	2763044	13993	3
20332	182	Port Input	1	2767787	18736	5
20332	182	Response	2	2767787	18736	5
20332	182	Port Input	1	2770212	21161	3
20332	182	Response	2	2770212	21161	3
20332	182	Port Input	1	2772394	23342	3
20332	182	Response	2	2772394	23342	3
20332	183	Nothing	90	2779352	0	0			0		other	0
20332	183	Port Input	1	2814863	35511	3
20332	183	Response	2	2814863	35511	3
20332	184	Nothing	90	2815939	0	1			0		other	0
20332	184	Port Input	1	2816412	472	3
20332	184	Response	2	2816412	472	3
20332	185	Nothing	90	2850879	0	0			0		other	0
20332	185	Port Input	1	2857799	6920	3
20332	185	Response	2	2857799	6920	3
20332	185	Port Input	1	2859158	8279	3
20332	185	Response	2	2859158	8279	3
20332	185	Port Input	1	2860803	9924	3
20332	185	Response	2	2860803	9924	3
20332	186	Nothing	90	2880128	0	0			0		other	0
20332	186	Port Input	1	2886453	6325	3
20332	186	Response	2	2886453	6325	3
20332	186	Port Input	1	2887788	7660	3
20332	186	Response	2	2887788	7660	3
20332	186	Port Input	1	2889260	9132	3
20332	186	Response	2	2889260	9132	3
20332	186	Port Input	1	2891161	11033	3
20332	186	Response	2	2891161	11033	3
20332	187	Nothing	90	2893528	0	1			0		other	0
20332	187	Port Input	1	2901124	7596	3
20332	187	Response	2	2901124	7596	3
20332	187	Port Input	1	2905304	11776	4
20332	187	Response	2	2905304	11776	4
20332	187	Port Input	1	2907330	13802	3
20332	187	Response	2	2907330	13802	3
20332	187	Port Input	1	2909364	15836	3
20332	187	Response	2	2909364	15836	3
20332	187	Port Input	1	2911185	17658	4
20332	187	Response	2	2911185	17658	4
20332	187	Port Input	1	2912740	19212	3
20332	187	Response	2	2912740	19212	3
20332	188	Nothing	99	2924354	0	0			0		other	0
20332	189	Nothing	42	2924508	0	0			0		other	0
20332	190	Sound	21	2925926	0	1			0		hit	827
20332	190	Port Input	1	2941723	15797	3
20332	190	Response	2	2941723	15797	3
20332	191	Nothing	75	2941781	0	1			0		other	0
20332	192	Nothing	90	2972145	0	1			0		other	0
20332	192	Port Input	1	2983950	11805	3
20332	192	Response	2	2983950	11805	3
20332	192	Port Input	1	2985291	13146	3
20332	192	Response	2	2985291	13146	3
20332	193	Nothing	90	2987359	0	0			0		other	0
20332	193	Port Input	1	3002941	15582	3
20332	193	Response	2	3002941	15582	3
20332	193	Port Input	1	3006657	19298	3
20332	193	Response	2	3006657	19298	3
20332	193	Port Input	1	3008445	21086	3
20332	193	Response	2	3008445	21086	3
20332	194	Nothing	90	3023563	0	0			0		other	0
20332	195	Nothing	99	3043969	0	0			0		other	0
20332	196	Nothing	42	3044120	0	1			0		other	0
20332	197	Sound	21	3045526	0	1			0		hit	846
20332	197	Port Input	1	3059321	13795	3
20332	197	Response	2	3059321	13795	3
20332	198	Nothing	75	3059381	0	1			0		other	0
20332	198	Port Input	1	3072359	12978	3
20332	198	Response	2	3072359	12978	3
20332	200	Nothing	90	3089742	0	0			0		other	0
20332	200	Port Input	1	3112816	23075	3
20332	200	Response	2	3112816	23075	3
20332	200	Port Input	1	3114136	24395	3
20332	200	Response	2	3114136	24395	3
20332	200	Port Input	1	3127123	37381	3
20332	200	Response	2	3127123	37381	3
20332	201	Nothing	90	3127816	0	1			0		other	0
20332	201	Port Input	1	3128680	865	3
20332	201	Response	2	3128680	865	3
20332	201	Port Input	1	3132012	4196	3
20332	201	Response	2	3132012	4196	3
20332	201	Port Input	1	3133969	6153	3
20332	201	Response	2	3133969	6153	3
20332	201	Port Input	1	3155760	27944	3
20332	201	Response	2	3155760	27944	3
20332	202	Nothing	90	3155942	0	1			0		other	0
20332	202	Port Input	1	3157460	1517	3
20332	202	Response	2	3157460	1517	3
20332	202	Port Input	1	3166401	10458	3
20332	202	Response	2	3166401	10458	3
20332	202	Port Input	2	3166911	10969	3
20332	202	Response	3	3166911	10969	3
20332	202	Port Input	3	3166977	11035	3
20332	202	Port Input	1	3166992	11049	3
20332	202	Port Input	1	3167202	11260	3
20332	202	Port Input	2	3167640	11698	3
20332	202	Response	3	3167640	11698	3
20332	202	Port Input	1	3168310	12367	3
20332	202	Response	2	3168310	12367	3
20332	202	Port Input	1	3168314	12371	3
20332	202	Port Input	2	3168719	12776	3
20332	202	Response	3	3168719	12776	3
20332	202	Port Input	1	3168720	12777	3
20332	202	Response	2	3168720	12777	3
20332	202	Port Input	1	3168723	12780	3
20332	202	Port Input	1	3170287	14345	3
20332	202	Response	2	3170287	14345	3
20332	202	Port Input	1	3170489	14546	3
20332	202	Response	2	3170489	14546	3
20332	202	Port Input	1	3172621	16679	3
20332	202	Response	2	3172621	16679	3
20332	203	Nothing	90	3172671	0	1			0		other	0
20332	203	Port Input	1	3173377	707	3
20332	203	Response	2	3173377	707	3
20332	203	Port Input	1	3176243	3572	3
20332	203	Response	2	3176243	3572	3
20332	203	Port Input	1	3179301	6630	3
20332	203	Response	2	3179301	6630	3
20332	203	Port Input	1	3179783	7112	3
20332	203	Response	2	3179783	7112	3
20332	203	Port Input	2	3181057	8387	3
20332	203	Response	3	3181057	8387	3
20332	203	Port Input	1	3182563	9892	3
20332	203	Response	2	3182563	9892	3
20332	203	Port Input	1	3183863	11192	3
20332	203	Response	2	3183863	11192	3
20332	203	Port Input	2	3185687	13016	4
20332	203	Response	3	3185687	13016	4
20332	203	Port Input	3	3185914	13243	4
20332	203	Port Input	1	3185921	13251	3
20332	203	Response	2	3185921	13251	3
20332	203	Port Input	1	3187805	15134	3
20332	203	Response	2	3187805	15134	3
20332	204	Nothing	90	3188634	0	0			0		other	0
20332	204	Port Input	1	3189978	1344	3
20332	204	Response	2	3189978	1344	3
20332	204	Port Input	1	3190098	1464	3
20332	204	Port Input	1	3194987	6353	3
20332	204	Response	2	3194987	6353	3
20332	204	Port Input	1	3196155	7521	3
20332	204	Response	2	3196155	7521	3
20332	204	Port Input	1	3197970	9335	3
20332	204	Response	2	3197970	9335	3
20332	204	Port Input	1	3209130	20496	3
20332	204	Response	2	3209130	20496	3
20332	204	Port Input	1	3232869	44235	3
20332	204	Response	2	3232869	44235	3
20332	205	Nothing	99	3233031	0	1			0		other	0
20332	206	Nothing	42	3233183	0	0			0		other	0
20332	206	Port Input	1	3234175	992	4
20332	206	Response	2	3234175	992	4
20332	207	Sound	21	3234526	0	1			0		miss	0
20332	208	Nothing	8	3254578	0	1			0		other	0
20332	208	Port Input	1	3277415	22837	4
20332	208	Response	2	3277415	22837	4
20332	208	Port Input	1	3278602	24023	3
20332	208	Response	2	3278602	24023	3
20332	208	Port Input	1	3280286	25707	3
20332	208	Response	2	3280286	25707	3
20332	209	Nothing	90	3284837	0	0			0		other	0
20332	209	Port Input	1	3308964	24127	4
20332	209	Response	2	3308964	24127	4
20332	209	Port Input	1	3321845	37008	4
20332	209	Response	2	3321845	37008	4
20332	209	Port Input	1	3323158	38321	3
20332	209	Response	2	3323158	38321	3
20332	210	Nothing	90	3327798	0	1			0		other	0
20332	210	Port Input	1	3340235	12437	4
20332	210	Response	2	3340235	12437	4
20332	210	Port Input	1	3341706	13908	4
20332	210	Response	2	3341706	13908	4
20332	211	Nothing	90	3350057	0	0			0		other	0
20332	212	Nothing	99	3362743	0	0			0		other	0
20332	213	Nothing	42	3362899	0	1			0		other	0
20332	214	Sound	21	3364226	0	1			0		hit	957
20332	214	Port Input	1	3382240	18014	3
20332	214	Response	2	3382240	18014	3
20332	215	Nothing	75	3382300	0	0			0		other	0
20332	215	Port Input	1	3383477	1177	3
20332	215	Response	2	3383477	1177	3
20332	215	Port Input	1	3385129	2829	3
20332	215	Response	2	3385129	2829	3
20332	215	Port Input	1	3408733	26433	4
20332	215	Response	2	3408733	26433	4
20332	216	Nothing	90	3412661	0	1			0		other	0
20332	216	Port Input	1	3441627	28966	3
20332	216	Response	2	3441627	28966	3
20332	216	Port Input	1	3443423	30762	3
20332	216	Response	2	3443423	30762	3
20332	217	Nothing	90	3460540	0	0			0		other	0
20332	218	Nothing	99	3480067	0	0			0		other	0
20332	219	Nothing	42	3480219	0	1			0		other	0
20332	220	Sound	21	3481625	0	1			0		miss	0
20332	221	Nothing	8	3501680	0	1			0		other	0
20332	221	Port Input	1	3521530	19850	4
20332	221	Response	2	3521530	19850	4
20332	221	Port Input	1	3523114	21434	4
20332	221	Response	2	3523114	21434	4
20332	222	Nothing	90	3531894	0	0			0		other	0
20332	223	Nothing	99	3558080	0	0			0		other	0
20332	224	Nothing	42	3558232	0	0			0		other	0
20332	225	Sound	21	3559625	0	1			0		hit	984
20332	225	Port Input	1	3567559	7934	3
20332	225	Response	2	3567559	7934	3
20332	226	Nothing	75	3567618	0	0			0		other	0
20332	226	Port Input	1	3569120	1502	3
20332	226	Response	2	3569120	1502	3
20332	227	Nothing	90	3597990	0	1			0		other	0
20332	227	Port Input	1	3602086	4095	3
20332	227	Response	2	3602086	4095	3
20332	227	Port Input	1	3603574	5583	3
20332	227	Response	2	3603574	5583	3
20332	228	Nothing	90	3608220	0	1			0		other	0
20332	229	Nothing	99	3618907	0	1			0		other	0
20332	230	Nothing	42	3619059	0	0			0		other	0
20332	231	Sound	21	3620425	0	1			0		miss	0
20332	232	Nothing	8	3640477	0	0			0		other	0
20332	234	Nothing	90	3670738	0	0			0		other	0
20332	235	Nothing	99	3681544	0	0			0		other	0
20332	236	Nothing	42	3681696	0	1			0		other	0
20332	237	Sound	21	3683025	0	1			0		hit	1003
20332	237	Port Input	1	3688952	5927	3
20332	237	Response	2	3688952	5927	3
20332	238	Nothing	75	3689010	0	1			0		other	0
20332	239	Nothing	90	3719366	0	0			0		other	0
20332	239	Port Input	1	3734763	15398	3
20332	239	Response	2	3734763	15398	3
20332	239	Port Input	1	3749265	29899	3
20332	239	Response	2	3749265	29899	3
20332	239	Port Input	1	3753051	33685	3
20332	239	Response	2	3753051	33685	3
20332	240	Nothing	90	3753393	0	0			0		other	0
20332	241	Nothing	99	3790211	0	0			0		other	0
20332	242	Nothing	42	3790367	0	0			0		other	0
20332	243	Sound	21	3791725	0	1			0		miss	0
20332	244	Nothing	8	3811782	0	0			0		other	0
20332	244	Port Input	1	3811869	87	3
20332	244	Response	2	3811869	87	3
20332	244	Port Input	1	3813407	1625	3
20332	244	Response	2	3813407	1625	3
20332	245	Nothing	90	3842007	0	1			0		other	0
20332	246	Nothing	99	3858484	0	1			0		other	0
20332	247	Nothing	42	3858636	0	0			0		other	0
20332	248	Sound	21	3860025	0	1			0		miss	0
20332	249	Nothing	8	3880079	0	0			0		other	0
20332	249	Port Input	1	3907263	27184	4
20332	249	Response	2	3907263	27184	4
20332	249	Port Input	1	3908878	28799	3
20332	249	Response	2	3908878	28799	3
20332	250	Nothing	90	3910299	0	0			0		other	0
20332	250	Port Input	1	3910519	220	3
20332	250	Response	2	3910519	220	3
20332	251	Nothing	90	3925468	0	0			0		other	0
20332	251	Port Input	1	3934694	9227	4
20332	251	Response	2	3934694	9227	4
20332	251	Port Input	1	3936235	10767	3
20332	251	Response	2	3936235	10767	3
20332	251	Port Input	2	3959853	34385	3
20332	251	Response	3	3959853	34385	3
20332	252	Nothing	90	3969277	0	0			0		other	0
20332	252	Port Input	1	3979755	10477	4
20332	252	Response	2	3979755	10477	4
20332	253	Nothing	90	3993105	0	1			0		other	0
20332	253	Port Input	1	4006698	13593	3
20332	253	Response	2	4006698	13593	3
20332	253	Port Input	1	4008347	15241	3
20332	253	Response	2	4008347	15241	3
20332	253	Port Input	1	4017535	24430	3
20332	253	Response	2	4017535	24430	3
20332	254	Nothing	90	4018679	0	1			0		other	0
20332	254	Port Input	1	4019063	384	4
20332	254	Response	2	4019063	384	4
20332	255	Nothing	99	4044195	0	0			0		other	0
20332	256	Nothing	42	4044348	0	0			0		other	0
20332	257	Sound	21	4045725	0	1			0		hit	1057
20332	257	Port Input	1	4056466	10741	3
20332	257	Response	2	4056466	10741	3
20332	258	Nothing	75	4056527	0	0			0		other	0
20332	258	Port Input	1	4070343	13816	3
20332	258	Response	2	4070343	13816	3
20332	258	Port Input	1	4071715	15188	3
20332	258	Response	2	4071715	15188	3
20332	258	Port Input	1	4073515	16988	3
20332	258	Response	2	4073515	16988	3
20332	259	Nothing	90	4086935	0	0			0		other	0
20332	260	Nothing	99	4103543	0	0			0		other	0
20332	261	Nothing	42	4103697	0	0			0		other	0
20332	262	Sound	21	4105025	0	1			0		hit	1070
20332	262	Port Input	1	4122649	17624	3
20332	262	Response	2	4122649	17624	3
20332	263	Nothing	75	4122709	0	1			0		other	0
20332	265	Nothing	90	4153072	0	0			0		other	0
20332	265	Port Input	1	4161646	8574	3
20332	265	Response	2	4161646	8574	3
20332	266	Nothing	90	4177701	0	0			0		other	0
20332	267	Nothing	99	4205167	0	1			0		other	0
20332	268	Nothing	42	4205319	0	1			0		other	0
20332	269	Sound	21	4206725	0	1			0		miss	0
20332	270	Nothing	8	4226779	0	0			0		other	0
20332	270	Port Input	1	4229617	2838	3
20332	270	Response	2	4229617	2838	3
20332	270	Port Input	1	4231126	4347	3
20332	270	Response	2	4231126	4347	3
20332	271	Nothing	90	4256995	0	0			0		other	0
20332	271	Port Input	1	4287765	30770	3
20332	271	Response	2	4287765	30770	3
20332	271	Port Input	1	4289126	32131	3
20332	271	Response	2	4289126	32131	3
20332	272	Nothing	90	4305867	0	1			0		other	0
20332	273	Nothing	99	4316913	0	0			0		other	0
20332	274	Nothing	42	4317066	0	0			0		other	0
20332	275	Sound	21	4318425	0	1			0		miss	0
20332	276	Nothing	8	4338481	0	1			0		other	0
20332	277	Nothing	90	4368700	0	1			0		other	0
20332	278	Nothing	99	4385876	0	0			0		other	0
20332	279	Nothing	42	4386029	0	1			0		other	0
20332	280	Sound	21	4387425	0	1			0		miss	0
20332	281	Nothing	8	4407478	0	1			0		other	0
20332	281	Port Input	1	4420036	12558	3
20332	281	Response	2	4420036	12558	3
20332	281	Port Input	1	4421452	13975	3
20332	281	Response	2	4421452	13975	3
20332	281	Port Input	1	4423200	15722	3
20332	281	Response	2	4423200	15722	3
20332	282	Nothing	90	4437697	0	0			0		other	0
20332	283	Nothing	99	4450524	0	0			0		other	0
20332	284	Nothing	42	4450676	0	0			0		other	0
20332	285	Sound	21	4452024	0	1			0		miss	0
20332	286	Nothing	8	4472079	0	0			0		other	0
20332	287	Nothing	90	4502290	0	0			0		other	0
20332	288	Nothing	99	4547287	0	1			0		other	0
20332	289	Nothing	42	4547439	0	1			0		other	0
20332	290	Sound	21	4548824	0	1			0		miss	0
20332	291	Nothing	8	4568879	0	0			0		other	0
20332	293	Nothing	90	4599146	0	1			0		other	0
20332	293	Port Input	2	4604144	4998	4
20332	293	Response	3	4604144	4998	4
20332	293	Port Input	2	4605898	6752	3
20332	293	Response	3	4605898	6752	3
20332	293	Port Input	2	4635583	36437	3
20332	293	Response	3	4635583	36437	3
20332	293	Port Input	1	4637163	38017	4
20332	293	Response	2	4637163	38017	4
20332	293	Port Input	1	4638843	39697	3
20332	293	Response	2	4638843	39697	3
20332	294	Nothing	90	4639366	0	0			0		other	0
20332	295	Nothing	99	4654953	0	0			0		other	0
20332	296	Nothing	42	4655108	0	1			0		other	0
20332	297	Sound	21	4656524	0	1			0		miss	0
20332	298	Nothing	8	4676576	0	0			0		other	0
20332	299	Nothing	90	4706797	0	1			0		other	0
20332	300	Nothing	99	4726942	0	1			0		other	0
20332	301	Nothing	42	4727094	0	1			0		other	0
20332	302	Sound	21	4728424	0	1			0		hit	1136
20332	302	Port Input	1	4732163	3739	3
20332	302	Response	2	4732163	3739	3
20332	303	Nothing	75	4732225	0	1			0		other	0
20332	303	Port Input	1	4733996	1771	3
20332	303	Response	2	4733996	1771	3
20332	304	Nothing	90	4762572	0	1			0		other	0
20332	305	Nothing	99	4800169	0	1			0		other	0
20332	306	Nothing	42	4800321	0	1			0		other	0
20332	307	Sound	21	4801724	0	1			0		miss	0
20332	308	Nothing	8	4821778	0	1			0		other	0
20332	308	Port Input	2	4839247	17469	3
20332	308	Response	3	4839247	17469	3
20332	308	Port Input	2	4840923	19145	3
20332	308	Response	3	4840923	19145	3
20332	308	Port Input	1	4842747	20969	3
20332	308	Response	2	4842747	20969	3
20332	308	Port Input	1	4844586	22808	4
20332	308	Response	2	4844586	22808	4
20332	309	Nothing	90	4851990	0	0			0		other	0
20332	310	Nothing	99	4871267	0	1			0		other	0
20332	311	Nothing	42	4871420	0	0			0		other	0
20332	312	Sound	21	4872824	0	1			0		miss	0
20332	313	Nothing	8	4892876	0	1			0		other	0
20332	314	Nothing	90	4923084	0	0			0		other	0
20332	314	Port Input	2	4950508	27424	3
20332	314	Response	3	4950508	27424	3
20332	314	Port Input	2	4951863	28779	4
20332	314	Response	3	4951863	28779	4
20332	314	Port Input	1	4953713	30629	4
20332	314	Response	2	4953713	30629	4
20332	315	Nothing	90	4961215	0	0			0		other	0
20332	316	Nothing	99	5005031	0	0			0		other	0
20332	317	Nothing	42	5005183	0	1			0		other	0
20332	318	Sound	21	5006524	0	1			0		miss	0
20332	319	Nothing	8	5026577	0	0			0		other	0
20332	319	Port Input	2	5043136	16558	4
20332	319	Response	3	5043136	16558	4
20332	321	Nothing	90	5056851	0	0			0		other	0
20332	321	Port Input	1	5090057	33205	3
20332	321	Response	2	5090057	33205	3
20332	321	Port Input	1	5091246	34395	3
20332	321	Response	2	5091246	34395	3
20332	322	Nothing	90	5097228	0	1			0		other	0
20332	322	Port Input	1	5107130	9902	3
20332	322	Response	2	5107130	9902	3
20332	323	Nothing	90	5108997	0	1			0		other	0
20332	324	Nothing	99	5157274	0	0			0		other	0
20332	325	Nothing	42	5157426	0	1			0		other	0
20332	326	Sound	21	5158824	0	1			0		miss	0
20332	327	Nothing	8	5178876	0	0			0		other	0
20332	327	Port Input	2	5189143	10266	4
20332	327	Response	3	5189143	10266	4
20332	327	Port Input	1	5190818	11941	4
20332	327	Response	2	5190818	11941	4
20332	327	Port Input	1	5192591	13714	3
20332	327	Response	2	5192591	13714	3
20332	328	Nothing	90	5209088	0	0			0		other	0
20332	329	Nothing	99	5237365	0	0			0		other	0
20332	330	Nothing	42	5237522	0	1			0		other	0
20332	331	Sound	21	5238924	0	1			0		miss	0
20332	332	Nothing	8	5258978	0	1			0		other	0
20332	333	Nothing	90	5289190	0	0			0		other	0
20332	333	Port Input	1	5303213	14023	4
20332	333	Response	2	5303213	14023	4
20332	333	Port Input	1	5333416	44225	3
20332	333	Response	2	5333416	44225	3
20332	333	Port Input	1	5334810	45620	3
20332	333	Response	2	5334810	45620	3
20332	334	Nothing	90	5337519	0	1			0		other	0
20332	334	Port Input	1	5350152	12632	4
20332	334	Response	2	5350152	12632	4
20332	335	Nothing	99	5350156	0	0			0		other	0
20332	336	Nothing	42	5350308	0	0			0		other	0
20332	337	Sound	21	5351724	0	1			0		hit	1210
20332	337	Port Input	1	5353717	1993	3
20332	337	Response	2	5353717	1993	3
20332	338	Nothing	75	5353776	0	0			0		other	0
20332	339	Nothing	90	5384132	0	1			0		other	0
20332	339	Port Input	1	5403468	19336	3
20332	339	Response	2	5403468	19336	3
20332	339	Port Input	1	5405056	20924	4
20332	339	Response	2	5405056	20924	4
20332	340	Nothing	90	5407270	0	0			0		other	0
20332	341	Nothing	99	5419206	0	0			0		other	0
20332	342	Nothing	42	5419360	0	0			0		other	0
20332	343	Sound	21	5420724	0	1			0		miss	0
20332	344	Nothing	8	5440777	0	1			0		other	0
20332	344	Port Input	2	5447038	6260	3
20332	344	Response	3	5447038	6260	3
20332	344	Port Input	1	5448614	7837	3
20332	344	Response	2	5448614	7837	3
20332	344	Port Input	1	5450128	9350	3
20332	344	Response	2	5450128	9350	3
20332	344	Port Input	1	5465123	24346	3
20332	344	Response	2	5465123	24346	3
20332	344	Port Input	1	5466597	25819	3
20332	344	Response	2	5466597	25819	3
20332	345	Nothing	90	5471018	0	1			0		other	0
20332	345	Port Input	1	5485866	14848	3
20332	345	Response	2	5485866	14848	3
20332	346	Nothing	90	5515439	0	0			0		other	0
20332	346	Port Input	1	5522944	7505	3
20332	346	Response	2	5522944	7505	3
20332	346	Port Input	1	5524167	8728	3
20332	346	Response	2	5524167	8728	3
20332	346	Port Input	1	5525770	10331	3
20332	346	Response	2	5525770	10331	3
20332	347	Nothing	90	5526126	0	0			0		other	0
20332	348	Nothing	99	5546892	0	1			0		other	0
20332	349	Nothing	42	5547045	0	0			0		other	0
20332	350	Sound	21	5548423	0	1			0		hit	1247
20332	350	Port Input	1	5560526	12103	4
20332	350	Response	2	5560526	12103	4
20332	351	Nothing	75	5560591	0	0			0		other	0
20332	351	Port Input	1	5561812	1222	3
20332	351	Response	2	5561812	1222	3
20332	353	Nothing	90	5591005	0	1			0		other	0
20332	354	Nothing	99	5603341	0	0			0		other	0
20332	355	Nothing	42	5603492	0	0			0		other	0
20332	355	Port Input	1	5604103	611	3
20332	355	Response	2	5604103	611	3
20332	356	Sound	21	5604823	0	1			0		hit	1258
20332	356	Port Input	1	5605815	992	3
20332	356	Response	2	5605815	992	3
20332	357	Nothing	75	5605873	0	0			0		other	0
20332	358	Nothing	90	5636182	0	0			0		other	0
20332	359	Nothing	99	5651788	0	0			0		other	0
20332	360	Nothing	42	5651939	0	0			0		other	0
20332	361	Sound	21	5653323	0	1			0		miss	0
20332	362	Nothing	8	5673376	0	1			0		other	0
20332	362	Port Input	1	5677898	4521	3
20332	362	Response	2	5677898	4521	3
20332	362	Port Input	1	5679357	5981	3
20332	362	Response	2	5679357	5981	3
20332	363	Nothing	90	5703588	0	1			0		other	0
20332	364	Nothing	99	5723945	0	1			0		other	0
20332	365	Nothing	42	5724099	0	1			0		other	0
20332	366	Sound	21	5725423	0	1			0		miss	0
20332	367	Nothing	8	5745476	0	0			0		other	0
20332	367	Port Input	1	5757913	12437	3
20332	367	Response	2	5757913	12437	3
20332	367	Port Input	1	5759198	13721	3
20332	367	Response	2	5759198	13721	3
20332	367	Port Input	1	5761086	15610	3
20332	367	Response	2	5761086	15610	3
20332	368	Nothing	90	5775694	0	1			0		other	0
20332	369	Nothing	99	5786560	0	0			0		other	0
20332	370	Nothing	42	5786717	0	0			0		other	0
20332	371	Sound	21	5788123	0	1			0		miss	0
20332	372	Nothing	8	5808178	0	0			0		other	0
20332	372	Port Input	1	5809349	1171	3
20332	372	Response	2	5809349	1171	3
20332	372	Port Input	1	5812310	4132	3
20332	372	Response	2	5812310	4132	3
20332	372	Port Input	1	5814227	6049	4
20332	372	Response	2	5814227	6049	4
20332	373	Nothing	90	5838388	0	0			0		other	0
20332	374	Nothing	99	5865314	0	0			0		other	0
20332	375	Nothing	42	5865468	0	0			0		other	0
20332	376	Sound	21	5866823	0	1			0		miss	0
20332	377	Nothing	8	5886875	0	1			0		other	0
20332	377	Port Input	1	5893573	6698	3
20332	377	Response	2	5893573	6698	3
20332	377	Port Input	1	5894942	8067	3
20332	377	Response	2	5894942	8067	3
20332	377	Port Input	1	5896552	9676	3
20332	377	Response	2	5896552	9676	3
20332	379	Nothing	90	5917155	0	1			0		other	0
20332	380	Nothing	99	5937052	0	0			0		other	0
20332	381	Nothing	42	5937205	0	0			0		other	0
20332	381	Port Input	1	5937880	675	3
20332	381	Response	2	5937880	675	3
20332	382	Sound	21	5938623	0	1			0		hit	1309
20332	382	Port Input	1	5939427	804	4
20332	382	Response	2	5939427	804	4
20332	383	Nothing	5	5939499	0	0			0		other	0
20332	383	Port Input	1	5941182	1683	4
20332	383	Response	2	5941182	1683	4
20332	383	Port Input	1	5942350	2851	4
20332	383	Response	2	5942350	2851	4
20332	383	Port Input	1	5943566	4067	3
20332	383	Response	2	5943566	4067	3
20332	383	Port Input	1	5944788	5290	4
20332	383	Response	2	5944788	5290	4
20332	383	Port Input	1	5946151	6652	4
20332	383	Response	2	5946151	6652	4
20332	383	Port Input	1	5947368	7870	3
20332	383	Response	2	5947368	7870	3
20332	383	Port Input	1	5948763	9264	3
20332	383	Response	2	5948763	9264	3
20332	383	Port Input	1	5949960	10461	3
20332	383	Response	2	5949960	10461	3
20332	383	Port Input	1	5951427	11929	3
20332	383	Response	2	5951427	11929	3
20332	383	Port Input	1	5952818	13320	4
20332	383	Response	2	5952818	13320	4
20332	383	Port Input	1	5954128	14630	3
20332	383	Response	2	5954128	14630	3
20332	383	Port Input	1	5955826	16327	3
20332	383	Response	2	5955826	16327	3
20332	383	Port Input	1	5957437	17938	3
20332	383	Response	2	5957437	17938	3
20332	383	Port Input	1	5958773	19275	3
20332	383	Response	2	5958773	19275	3
20332	383	Port Input	1	5960285	20786	3
20332	383	Response	2	5960285	20786	3
20332	383	Port Input	1	5962063	22564	4
20332	383	Response	2	5962063	22564	4
20332	383	Port Input	1	5963424	23926	3
20332	383	Response	2	5963424	23926	3
20332	383	Port Input	1	5964974	25475	3
20332	383	Response	2	5964974	25475	3
20332	383	Port Input	1	5966860	27361	3
20332	383	Response	2	5966860	27361	3
20332	383	Port Input	1	5968270	28771	3
20332	383	Response	2	5968270	28771	3
20332	384	Nothing	90	5969849	0	1			0		other	0
20332	384	Port Input	1	5969934	85	3
20332	384	Response	2	5969934	85	3
20332	384	Port Input	1	5971901	2052	3
20332	384	Response	2	5971901	2052	3
20332	385	Nothing	90	5996959	0	0			0		other	0
20332	385	Port Input	1	5998724	1766	3
20332	385	Response	2	5998724	1766	3
20332	385	Port Input	1	6000074	3115	4
20332	385	Response	2	6000074	3115	4
20332	385	Port Input	1	6003662	6703	4
20332	385	Response	2	6003662	6703	4
20332	385	Port Input	1	6007875	10916	3
20332	385	Response	2	6007875	10916	3
20332	385	Port Input	1	6009805	12846	4
20332	385	Response	2	6009805	12846	4
20332	385	Port Input	1	6011446	14487	3
20332	385	Response	2	6011446	14487	3
20332	385	Port Input	1	6012933	15974	3
20332	385	Response	2	6012933	15974	3
20332	386	Nothing	90	6044980	0	0			0		other	0
20332	386	Port Input	1	6050540	5560	3
20332	386	Response	2	6050540	5560	3
20332	386	Port Input	1	6051925	6945	3
20332	386	Response	2	6051925	6945	3
20332	386	Port Input	1	6053236	8256	3
20332	386	Response	2	6053236	8256	3
20332	387	Nothing	90	6060248	0	0			0		other	0
20332	388	Nothing	99	6084694	0	1			0		other	0
20332	389	Nothing	42	6084846	0	1			0		other	0
20332	390	Sound	21	6086223	0	1			0		hit	1383
20332	390	Port Input	1	6088139	1916	3
20332	390	Response	2	6088139	1916	3
20332	391	Nothing	75	6088198	0	0			0		other	0
20332	391	Port Input	1	6089846	1648	3
20332	391	Response	2	6089846	1648	3
20332	391	Port Input	1	6092998	4800	3
20332	391	Response	2	6092998	4800	3
20332	391	Port Input	1	6100861	12663	3
20332	391	Response	2	6100861	12663	3
20332	391	Port Input	1	6105348	17150	3
20332	391	Response	2	6105348	17150	3
20332	391	Port Input	1	6107046	18848	3
20332	391	Response	2	6107046	18848	3
20332	392	Nothing	90	6118503	0	1			0		other	0
20332	392	Port Input	1	6162579	44076	3
20332	392	Response	2	6162579	44076	3
20332	393	Nothing	90	6163186	0	0			0		other	0
20332	393	Port Input	1	6163751	565	4
20332	393	Response	2	6163751	565	4
20332	394	Nothing	90	6189017	0	0			0		other	0
20332	394	Port Input	1	6190961	1944	3
20332	394	Response	2	6190961	1944	3
20332	395	Nothing	90	6222619	0	1			0		other	0
20332	395	Port Input	1	6231081	8462	4
20332	395	Response	2	6231081	8462	4
20332	395	Port Input	1	6256078	33459	3
20332	395	Response	2	6256078	33459	3
20332	395	Port Input	1	6257561	34942	4
20332	395	Response	2	6257561	34942	4
20332	396	Nothing	90	6271093	0	1			0		other	0
20332	396	Port Input	1	6271969	877	3
20332	396	Response	2	6271969	877	3
20332	396	Port Input	2	6273399	2306	3
20332	396	Response	3	6273399	2306	3
20332	396	Port Input	1	6275237	4145	3
20332	396	Response	2	6275237	4145	3
20332	397	Nothing	99	6284711	0	0			0		other	0
20332	398	Nothing	42	6284863	0	1			0		other	0
20332	399	Sound	21	6286223	0	1			0		hit	1422
20332	399	Port Input	1	6299321	13098	4
20332	399	Response	2	6299321	13098	4
20332	400	Nothing	75	6299380	0	0			0		other	0
20332	401	Nothing	90	6329754	0	0			0		other	0
20332	401	Port Input	1	6355832	26078	3
20332	401	Response	2	6355832	26078	3
20332	401	Port Input	1	6357024	27270	3
20332	401	Response	2	6357024	27270	3
20332	402	Nothing	90	6370845	0	1			0		other	0
20332	403	Nothing	99	6386341	0	1			0		other	0
20332	404	Nothing	42	6386492	0	0			0		other	0
20332	405	Sound	21	6387823	0	1			0		hit	1434
20332	405	Port Input	2	6391406	3583	4
20332	405	Response	3	6391406	3583	4
20332	406	Nothing	6	6391568	0	1			0		other	0
20332	406	Port Input	2	6393041	1472	4
20332	406	Response	3	6393041	1472	4
20332	406	Port Input	2	6394165	2597	3
20332	406	Response	3	6394165	2597	3
20332	406	Port Input	2	6395591	4023	3
20332	406	Response	3	6395591	4023	3
20332	406	Port Input	2	6396901	5333	3
20332	406	Response	3	6396901	5333	3
20332	406	Port Input	2	6398251	6683	3
20332	406	Response	3	6398251	6683	3
20332	406	Port Input	2	6399610	8042	3
20332	406	Response	3	6399610	8042	3
20332	406	Port Input	2	6400934	9366	3
20332	406	Response	3	6400934	9366	3
20332	406	Port Input	2	6402181	10613	4
20332	406	Response	3	6402181	10613	4
20332	406	Port Input	1	6403663	12095	3
20332	406	Response	2	6403663	12095	3
20332	406	Port Input	3	6403785	12217	3
20332	406	Port Input	2	6403874	12306	3
20332	406	Response	3	6403874	12306	3
20332	406	Port Input	2	6404998	13430	3
20332	406	Response	3	6404998	13430	3
20332	406	Port Input	2	6406452	14884	4
20332	406	Response	3	6406452	14884	4
20332	406	Port Input	2	6407858	16290	3
20332	406	Response	3	6407858	16290	3
20332	406	Port Input	2	6409344	17776	3
20332	406	Response	3	6409344	17776	3
20332	406	Port Input	2	6411231	19663	3
20332	406	Response	3	6411231	19663	3
20332	406	Port Input	2	6412942	21374	4
20332	406	Response	3	6412942	21374	4
20332	406	Port Input	2	6414288	22720	3
20332	406	Response	3	6414288	22720	3
20332	407	Nothing	90	6421924	0	1			0		other	0
20332	407	Port Input	2	6434752	12828	4
20332	407	Response	3	6434752	12828	4
20332	408	Nothing	90	6456233	0	1			0		other	0
20332	408	Port Input	2	6472151	15918	4
20332	408	Response	3	6472151	15918	4
20332	408	Port Input	1	6474837	18604	3
20332	408	Response	2	6474837	18604	3
20332	408	Port Input	2	6476374	20141	3
20332	408	Response	3	6476374	20141	3
20332	408	Port Input	2	6478127	21894	3
20332	408	Response	3	6478127	21894	3
20332	409	Nothing	90	6496347	0	0			0		other	0
20332	409	Port Input	2	6501870	5524	3
20332	409	Response	3	6501870	5524	3
20332	409	Port Input	2	6504991	8644	4
20332	409	Response	3	6504991	8644	4
20332	409	Port Input	2	6506656	10310	3
20332	409	Response	3	6506656	10310	3
20332	410	Nothing	90	6522661	0	0			0		other	0
20332	410	Port Input	2	6532450	9789	3
20332	410	Response	3	6532450	9789	3
20332	411	Nothing	90	6533130	0	1			0		other	0
20332	412	Nothing	99	6552696	0	0			0		other	0
20332	413	Nothing	42	6552848	0	0			0		other	0
20332	414	Sound	21	6554222	0	1			0		hit	1498
20332	414	Port Input	2	6562519	8297	4
20332	414	Response	3	6562519	8297	4
20332	415	Nothing	76	6562672	0	1			0		other	0
20332	415	Port Input	2	6563866	1194	3
20332	415	Response	3	6563866	1194	3
20332	415	Port Input	1	6565912	3240	3
20332	415	Response	2	6565912	3240	3
20332	417	Nothing	90	6593111	0	1			0		other	0
20332	417	Port Input	1	6615829	22718	3
20332	417	Response	2	6615829	22718	3
20332	417	Port Input	1	6617362	24251	4
20332	417	Response	2	6617362	24251	4
20332	418	Nothing	90	6621400	0	0			0		other	0
20332	418	Port Input	2	6651535	30135	3
20332	418	Response	3	6651535	30135	3
20332	419	Nothing	90	6658700	0	0			0		other	0
20332	419	Port Input	1	6661986	3286	4
20332	419	Response	2	6661986	3286	4
20332	419	Port Input	1	6663604	4904	4
20332	419	Response	2	6663604	4904	4
20332	419	Port Input	1	6692514	33814	3
20332	419	Response	2	6692514	33814	3
20332	420	Nothing	90	6695880	0	0			0		other	0
20332	421	Nothing	99	6719737	0	0			0		other	0
20332	422	Nothing	42	6719888	0	1			0		other	0
20332	422	Port Input	1	6720414	526	3
20332	422	Response	2	6720414	526	3
20332	423	Sound	21	6721222	0	1			0		hit	1526
20332	423	Port Input	1	6721994	772	3
20332	423	Response	2	6721994	772	3
20332	424	Nothing	75	6722054	0	0			0		other	0
20332	424	Port Input	1	6742660	20606	3
20332	424	Response	2	6742660	20606	3
20332	424	Port Input	1	6744064	22010	4
20332	424	Response	2	6744064	22010	4
20332	425	Nothing	90	6752441	0	1			0		other	0
20332	425	Port Input	1	6765822	13381	4
20332	425	Response	2	6765822	13381	4
20332	426	Nothing	90	6798251	0	0			0		other	0
20332	426	Port Input	1	6811870	13619	4
20332	426	Response	2	6811870	13619	4
20332	426	Port Input	1	6813074	14823	4
20332	426	Response	2	6813074	14823	4
20332	427	Nothing	90	6816606	0	0			0		other	0
20332	428	Nothing	99	6853632	0	1			0		other	0
20332	429	Nothing	42	6853784	0	0			0		other	0
20332	430	Sound	21	6855122	0	1			0		hit	1545
20332	430	Port Input	1	6860600	5478	3
20332	430	Response	2	6860600	5478	3
20332	431	Nothing	75	6860658	0	1			0		other	0
20332	431	Port Input	1	6861942	1284	3
20332	431	Response	2	6861942	1284	3
20332	431	Port Input	1	6863663	3005	3
20332	431	Response	2	6863663	3005	3
20332	432	Nothing	90	6890969	0	1			0		other	0
20332	433	Nothing	99	6924995	0	0			0		other	0
20332	434	Nothing	42	6925146	0	0			0		other	0
20332	435	Sound	21	6926522	0	1			0		hit	1556
20332	435	Port Input	1	6933314	6792	3
20332	435	Response	2	6933314	6792	3
20332	436	Nothing	75	6933372	0	1			0		other	0
20332	436	Port Input	1	6934672	1300	3
20332	436	Response	2	6934672	1300	3
20332	436	Port Input	1	6936134	2761	3
20332	436	Response	2	6936134	2761	3
20332	437	Nothing	90	6963681	0	0			0		other	0
20332	438	Nothing	99	6984548	0	0			0		other	0
20332	439	Nothing	42	6984700	0	1			0		other	0
20332	440	Sound	21	6986122	0	1			0		miss	0
20332	441	Nothing	8	7006175	0	1			0		other	0
20332	441	Port Input	1	7019555	13380	3
20332	441	Response	2	7019555	13380	3
20332	442	Nothing	90	7036383	0	1			0		other	0
20332	443	Nothing	99	7076889	0	0			0		other	0
20332	444	Nothing	42	7077048	0	1			0		other	0
20332	445	Sound	21	7078422	0	1			0		hit	1574
20332	445	Port Input	1	7084043	5621	3
20332	445	Response	2	7084043	5621	3
20332	446	Nothing	75	7084102	0	1			0		other	0
20332	446	Port Input	1	7085291	1189	4
20332	446	Response	2	7085291	1189	4
20332	446	Port Input	1	7086657	2555	3
20332	446	Response	2	7086657	2555	3
20332	448	Nothing	90	7114525	0	1			0		other	0
20332	449	Nothing	99	7126182	0	1			0		other	0
20332	450	Nothing	42	7126335	0	0			0		other	0
20332	450	Port Input	1	7127150	815	3
20332	450	Response	2	7127150	815	3
20332	451	Sound	21	7127722	0	1			0		hit	1587
20332	451	Port Input	1	7128850	1128	3
20332	451	Response	2	7128850	1128	3
20332	452	Nothing	75	7128910	0	1			0		other	0
20332	453	Nothing	90	7159186	0	0			0		other	0
20332	453	Port Input	1	7168097	8911	3
20332	453	Response	2	7168097	8911	3
20332	453	Port Input	1	7169519	10333	3
20332	453	Response	2	7169519	10333	3
20332	454	Nothing	90	7198287	0	1			0		other	0
20332	455	Nothing	99	7224004	0	0			0		other	0
20332	456	Nothing	42	7224161	0	1			0		other	0
20332	456	Port Input	1	7224979	818	3
20332	456	Response	2	7224979	818	3
20332	457	Sound	21	7225522	0	1			0		hit	1601
20332	457	Port Input	1	7226404	883	3
20332	457	Response	2	7226404	883	3
20332	458	Nothing	75	7226465	0	0			0		other	0
20332	459	Nothing	90	7256776	0	0			0		other	0
20332	459	Port Input	1	7267900	11123	4
20332	459	Response	2	7267900	11123	4
20332	460	Nothing	90	7280518	0	1			0		other	0
20332	461	Nothing	99	7314184	0	1			0		other	0
20332	462	Nothing	42	7314336	0	0			0		other	0
20332	463	Sound	21	7315722	0	1			0		hit	1611
20332	463	Port Input	2	7332591	16869	3
20332	463	Response	3	7332591	16869	3
20332	464	Nothing	76	7332740	0	0			0		other	0
20332	464	Port Input	1	7334048	1308	3
20332	464	Response	2	7334048	1308	3
20332	465	Nothing	90	7363094	0	0			0		other	0
20332	466	Nothing	99	7373360	0	1			0		other	0
20332	467	Nothing	42	7373517	0	0			0		other	0
20332	468	Sound	21	7374922	0	1			0		miss	0
20332	469	Nothing	8	7394979	0	0			0		other	0
20332	470	Nothing	90	7425197	0	0			0		other	0
20332	471	Nothing	99	7462873	0	0			0		other	0
20332	472	Nothing	42	7463025	0	0			0		other	0
20332	473	Sound	21	7464422	0	1			0		miss	0
20332	474	Nothing	8	7484474	0	1			0		other	0
20332	474	Port Input	1	7505415	20942	4
20332	474	Response	2	7505415	20942	4
20332	474	Port Input	1	7506752	22278	4
20332	474	Response	2	7506752	22278	4
20332	476	Nothing	90	7514756	0	1			0		other	0
20332	477	Nothing	99	7550223	0	1			0		other	0
20332	478	Nothing	42	7550376	0	0			0		other	0
20332	479	Sound	21	7551721	0	1			0		miss	0
20332	480	Nothing	8	7571775	0	0			0		other	0
20332	480	Port Input	2	7593665	21891	3
20332	480	Response	3	7593665	21891	3
20332	481	Nothing	90	7601984	0	1			0		other	0
20332	482	Nothing	99	7637740	0	0			0		other	0
20332	483	Nothing	42	7637892	0	0			0		other	0
20332	484	Sound	21	7639221	0	1			0		miss	0
20332	485	Nothing	8	7659273	0	1			0		other	0
20332	486	Nothing	90	7689488	0	0			0		other	0
20332	487	Nothing	99	7704805	0	1			0		other	0
20332	488	Nothing	42	7704959	0	1			0		other	0
20332	489	Sound	21	7706321	0	1			0		miss	0
20332	490	Nothing	8	7726374	0	0			0		other	0
20332	490	Port Input	1	7740383	14009	3
20332	490	Response	2	7740383	14009	3
20332	490	Port Input	1	7741801	15426	4
20332	490	Response	2	7741801	15426	4
20332	491	Nothing	90	7756589	0	0			0		other	0
20332	492	Nothing	99	7788975	0	0			0		other	0
20332	493	Nothing	42	7789129	0	0			0		other	0
20332	494	Sound	21	7790521	0	1			0		miss	0
20332	495	Nothing	8	7810573	0	0			0		other	0
20332	495	Port Input	1	7819559	8986	3
20332	495	Response	2	7819559	8986	3
20332	496	Nothing	90	7840784	0	0			0		other	0
20332	497	Nothing	99	7867041	0	0			0		other	0
20332	498	Nothing	42	7867194	0	1			0		other	0
20332	499	Sound	21	7868521	0	1			0		hit	1662
20332	499	Port Input	1	7881495	12974	3
20332	499	Response	2	7881495	12974	3
20332	500	Nothing	75	7881554	0	0			0		other	0
20332	500	Port Input	1	7882995	1441	3
20332	500	Response	2	7882995	1441	3
20332	500	Port Input	1	7884724	3170	4
20332	500	Response	2	7884724	3170	4
20332	502	Nothing	90	7911975	0	0			0		other	0
20332	503	Nothing	99	7929151	0	1			0		other	0
20332	504	Nothing	42	7929304	0	1			0		other	0
20332	505	Sound	21	7930721	0	1			0		hit	1673
20332	505	Port Input	1	7933695	2974	3
20332	505	Response	2	7933695	2974	3
20332	506	Nothing	75	7933754	0	0			0		other	0
20332	506	Port Input	1	7934959	1205	4
20332	506	Response	2	7934959	1205	4
20332	506	Port Input	1	7949456	15702	3
20332	506	Response	2	7949456	15702	3
20332	506	Port Input	1	7957595	23841	3
20332	506	Response	2	7957595	23841	3
20332	506	Port Input	1	7961800	28046	4
20332	506	Response	2	7961800	28046	4
20332	506	Port Input	1	7963510	29756	3
20332	506	Response	2	7963510	29756	3
20332	507	Nothing	90	7964060	0	0			0		other	0
20332	507	Port Input	1	7967137	3077	3
20332	507	Response	2	7967137	3077	3
20332	507	Port Input	1	7969795	5735	3
20332	507	Response	2	7969795	5735	3
20332	508	Nothing	90	7982409	0	1			0		other	0
20332	509	Nothing	99	7996376	0	0			0		other	0
20332	510	Nothing	42	7996527	0	1			0		other	0
20332	511	Sound	21	7997921	0	1			0		hit	1695
20332	511	Port Input	1	8016268	18347	3
20332	511	Response	2	8016268	18347	3
20332	512	Nothing	75	8016326	0	0			0		other	0
20332	512	Port Input	1	8017957	1631	3
20332	512	Response	2	8017957	1631	3
20332	512	Port Input	1	8044529	28203	4
20332	512	Response	2	8044529	28203	4
20332	513	Nothing	90	8046590	0	0			0		other	0
20332	514	Nothing	99	8075006	0	0			0		other	0
20332	515	Nothing	42	8075159	0	1			0		other	0
20332	516	Sound	21	8076521	0	1			0		miss	0
20332	517	Nothing	8	8096573	0	1			0		other	0
20332	517	Port Input	1	8106577	10005	4
20332	517	Response	2	8106577	10005	4
20332	518	Nothing	90	8126786	0	1			0		other	0
20332	518	Port Input	1	8140163	13376	3
20332	518	Response	2	8140163	13376	3
20332	518	Port Input	1	8141461	14674	3
20332	518	Response	2	8141461	14674	3
20332	519	Nothing	90	8152515	0	1			0		other	0
20332	520	Nothing	99	8163491	0	0			0		other	0
20332	521	Nothing	42	8163644	0	0			0		other	0
20332	522	Sound	21	8165021	0	1			0		miss	0
20332	523	Nothing	8	8185073	0	0			0		other	0
20332	524	Nothing	90	8215285	0	0			0		other	0
20332	525	Nothing	99	8226621	0	0			0		other	0
20332	526	Nothing	42	8226774	0	0			0		other	0
20332	527	Sound	21	8228121	0	1			0		hit	1723
20332	527	Port Input	1	8243805	15684	3
20332	527	Response	2	8243805	15684	3
20332	528	Nothing	75	8243863	0	0			0		other	0
20332	528	Port Input	1	8245133	1269	4
20332	528	Response	2	8245133	1269	4
20332	528	Port Input	1	8246392	2529	3
20332	528	Response	2	8246392	2529	3
20332	530	Nothing	90	8274297	0	1			0		other	0
20332	530	Port Input	1	8315245	40948	3
20332	530	Response	2	8315245	40948	3
20332	530	Port Input	1	8316465	42168	3
20332	530	Response	2	8316465	42168	3
20332	531	Nothing	90	8316901	0	0			0		other	0
20332	531	Port Input	2	8318090	1189	3
20332	531	Response	3	8318090	1189	3
20332	532	Nothing	90	8329591	0	1			0		other	0
20332	533	Nothing	99	8342117	0	0			0		other	0
20332	534	Nothing	42	8342269	0	1			0		other	0
20332	535	Sound	21	8343621	0	1			0		miss	0
20332	536	Nothing	8	8363673	0	0			0		other	0
20332	537	Nothing	90	8393885	0	0			0		other	0
20332	538	Nothing	99	8420901	0	0			0		other	0
20332	539	Nothing	42	8421054	0	1			0		other	0
20332	540	Sound	21	8422421	0	1			0		miss	0
20332	541	Nothing	8	8442474	0	1			0		other	0
20332	541	Port Input	1	8470915	28440	3
20332	541	Response	2	8470915	28440	3
20332	542	Nothing	90	8472689	0	1			0		other	0
20332	543	Nothing	99	8496945	0	0			0		other	0
20332	544	Nothing	42	8497096	0	0			0		other	0
20332	545	Sound	21	8498420	0	1			0		hit	1754
20332	545	Port Input	1	8516321	17901	3
20332	545	Response	2	8516321	17901	3
20332	546	Nothing	75	8516380	0	0			0		other	0
20332	546	Port Input	1	8517728	1347	4
20332	546	Response	2	8517728	1347	4
20332	547	Nothing	90	8546728	0	1			0		other	0
20332	548	Nothing	99	8558834	0	1			0		other	0
20332	549	Nothing	42	8558986	0	0			0		other	0
20332	550	Sound	21	8560320	0	1			0		miss	0
20332	551	Nothing	8	8580374	0	0			0		other	0
20332	552	Nothing	90	8610583	0	0			0		other	0
20332	553	Nothing	99	8646908	0	1			0		other	0
20332	554	Nothing	42	8647061	0	0			0		other	0
20332	555	Sound	21	8648420	0	1			0		hit	1768
20332	555	Port Input	1	8652336	3915	3
20332	555	Response	2	8652336	3915	3
20332	556	Nothing	75	8652399	0	0			0		other	0
20332	556	Port Input	1	8653692	1293	3
20332	556	Response	2	8653692	1293	3
20332	556	Port Input	2	8665679	13280	4
20332	556	Response	3	8665679	13280	4
20332	556	Port Input	1	8667586	15187	3
20332	556	Response	2	8667586	15187	3
20332	556	Port Input	1	8669292	16893	3
20332	556	Response	2	8669292	16893	3
20332	558	Nothing	90	8682743	0	0			0		other	0
20332	559	Nothing	99	8701600	0	0			0		other	0
20332	560	Nothing	42	8701751	0	0			0		other	0
20332	561	Sound	21	8703120	0	1			0		miss	0
20332	562	Nothing	8	8723173	0	0			0		other	0
20332	563	Nothing	90	8753387	0	0			0		other	0
20332	564	Nothing	99	8792142	0	1			0		other	0
20332	565	Nothing	42	8792295	0	1			0		other	0
20332	566	Sound	21	8793620	0	1			0		miss	0
20332	567	Nothing	8	8813673	0	0			0		other	0
20332	568	Nothing	90	8843883	0	0			0		other	0
20332	569	Nothing	99	8854169	0	0			0		other	0
20332	570	Nothing	42	8854324	0	1			0		other	0
20332	571	Sound	21	8855720	0	1			0		miss	0
20332	572	Nothing	8	8875775	0	0			0		other	0
20332	573	Nothing	90	8905990	0	1			0		other	0
20332	574	Nothing	99	8941246	0	0			0		other	0
20332	575	Nothing	42	8941403	0	1			0		other	0
20332	576	Sound	21	8942820	0	1			0		miss	0
20332	577	Nothing	8	8962872	0	0			0		other	0
20332	578	Nothing	90	8993085	0	0			0		other	0
20332	579	Nothing	99	9025051	0	0			0		other	0
20332	580	Nothing	42	9025204	0	1			0		other	0
20332	581	Sound	21	9026620	0	1			0		hit	1803
20332	581	Port Input	1	9029770	3150	3
20332	581	Response	2	9029770	3150	3
20332	582	Nothing	75	9029833	0	1			0		other	0
20332	582	Port Input	1	9031394	1561	3
20332	582	Response	2	9031394	1561	3
20332	582	Port Input	1	9032887	3054	3
20332	582	Response	2	9032887	3054	3
20332	582	Port Input	1	9034630	4797	4
20332	582	Response	2	9034630	4797	4
20332	582	Port Input	1	9036158	6325	3
20332	582	Response	2	9036158	6325	3
20332	584	Nothing	90	9060258	0	1			0		other	0
20332	585	Nothing	99	9080484	0	1			0		other	0
20332	586	Nothing	42	9080636	0	0			0		other	0
20332	587	Sound	21	9082020	0	1			0		miss	0
20332	588	Nothing	8	9102072	0	0			0		other	0
20332	589	Nothing	90	9132285	0	0			0		other	0
20332	590	Nothing	99	9150451	0	0			0		other	0
20332	591	Nothing	42	9150604	0	0			0		other	0
20332	592	Sound	21	9152020	0	1			0		miss	0
20332	593	Nothing	8	9172072	0	1			0		other	0
20332	593	Port Input	1	9188170	16098	3
20332	593	Response	2	9188170	16098	3
20332	593	Port Input	1	9189538	17466	3
20332	593	Response	2	9189538	17466	3
20332	594	Nothing	90	9202284	0	0			0		other	0
20332	595	Nothing	99	9214640	0	1			0		other	0
20332	596	Nothing	42	9214801	0	0			0		other	0
20332	597	Sound	21	9216220	0	1			0		miss	0
20332	598	Nothing	8	9236276	0	0			0		other	0
20332	599	Nothing	90	9266492	0	1			0		other	0
20332	600	Nothing	99	9303328	0	0			0		other	0
20332	601	Nothing	42	9303483	0	1			0		other	0
20332	602	Sound	21	9304820	0	1			0		miss	0
20332	603	Nothing	8	9324872	0	1			0		other	0
20332	603	Port Input	2	9340831	15959	3
20332	603	Response	3	9340831	15959	3
20332	603	Port Input	1	9342437	17565	3
20332	603	Response	2	9342437	17565	3
20332	603	Port Input	1	9343954	19081	3
20332	603	Response	2	9343954	19081	3
20332	604	Nothing	90	9355092	0	0			0		other	0
20332	605	Nothing	99	9384628	0	0			0		other	0
20332	606	Nothing	42	9384780	0	1			0		other	0
20332	607	Sound	21	9386120	0	1			0		miss	0
20332	608	Nothing	8	9406175	0	0			0		other	0
20332	608	Port Input	2	9433584	27409	3
20332	608	Response	3	9433584	27409	3
20332	608	Port Input	2	9435037	28862	4
20332	608	Response	3	9435037	28862	4
20332	608	Port Input	1	9435169	28994	4
20332	608	Response	2	9435169	28994	4
20332	609	Port Input	1	9436414	129	3
20332	609	Response	2	9436414	129	3
20332	610	Nothing	90	9436473	0	0			0		other	0
20332	611	Nothing	99	9469599	0	0			0		other	0
20332	612	Nothing	42	9469753	0	1			0		other	0
20332	613	Sound	21	9471120	0	1			0		miss	0
20332	614	Nothing	8	9491173	0	1			0		other	0
20332	615	Nothing	90	9521385	0	1			0		other	0
20332	616	Nothing	99	9560052	0	1			0		other	0
20332	617	Nothing	42	9560205	0	1			0		other	0
20332	618	Sound	21	9561619	0	1			0		miss	0
20332	619	Nothing	8	9581671	0	1			0		other	0
20332	620	Nothing	90	9611887	0	0			0		other	0
20332	621	Nothing	99	9637943	0	1			0		other	0
20332	622	Nothing	42	9638095	0	0			0		other	0
20332	623	Sound	21	9639419	0	1			0		hit	1871
20332	623	Port Input	1	9648306	8887	4
20332	623	Response	2	9648306	8887	4
20332	624	Nothing	75	9648367	0	0			0		other	0
20332	624	Port Input	1	9649517	1150	4
20332	624	Response	2	9649517	1150	4
20332	625	Nothing	90	9678671	0	0			0		other	0
20332	626	Nothing	99	9710047	0	0			0		other	0
20332	627	Nothing	42	9710202	0	1			0		other	0
20332	628	Sound	21	9711619	0	1			0		miss	0
20332	629	Nothing	8	9731671	0	1			0		other	0
20332	630	Nothing	90	9761883	0	1			0		other	0
20332	631	Nothing	99	9775229	0	0			0		other	0
20332	632	Nothing	42	9775382	0	0			0		other	0
20332	632	Port Input	1	9776379	997	4
20332	632	Response	2	9776379	997	4
20332	633	Sound	21	9776719	0	1			0		miss	0
20332	634	Nothing	8	9796774	0	1			0		other	0
20332	636	Nothing	90	9827072	0	0			0		other	0
20332	636	Port Input	1	9852400	25328	3
20332	636	Response	2	9852400	25328	3
20332	637	Nothing	90	9866315	0	1			0		other	0
20332	637	Port Input	1	9876922	10607	3
20332	637	Response	2	9876922	10607	3
20332	637	Port Input	1	9878278	11963	4
20332	637	Response	2	9878278	11963	4
20332	638	Nothing	90	9908191	0	1			0		other	0
20332	639	Nothing	99	9957706	0	0			0		other	0
20332	640	Nothing	42	9957858	0	0			0		other	0
20332	641	Sound	21	9959219	0	1			0		miss	0
20332	642	Nothing	8	9979277	0	0			0		other	0
20332	643	Nothing	90	10009492	0	0			0		other	0
20332	644	Nothing	99	10019878	0	0			0		other	0
20332	645	Nothing	42	10020030	0	1			0		other	0
20332	646	Sound	21	10021419	0	1			0		miss	0
20332	647	Nothing	8	10041471	0	0			0		other	0
20332	648	Nothing	90	10071683	0	0			0		other	0
20332	649	Nothing	99	10083300	0	1			0		other	0
20332	650	Nothing	42	10083452	0	0			0		other	0
20332	651	Sound	21	10084819	0	1			0		miss	0
20332	652	Nothing	8	10104873	0	0			0		other	0
20332	653	Nothing	90	10135084	0	1			0		other	0
20332	654	Nothing	99	10146881	0	1			0		other	0
20332	655	Nothing	42	10147033	0	0			0		other	0
20332	656	Sound	21	10148419	0	1			0		miss	0
20332	657	Nothing	8	10168471	0	1			0		other	0
20332	658	Nothing	90	10198689	0	1			0		other	0
20332	659	Nothing	99	10220925	0	0			0		other	0
20332	660	Nothing	42	10221077	0	0			0		other	0
20332	661	Sound	21	10222419	0	1			0		miss	0
20332	662	Nothing	8	10242470	0	1			0		other	0
20332	664	Nothing	90	10272763	0	1			0		other	0
20332	665	Nothing	99	10299732	0	1			0		other	0
20332	666	Nothing	42	10299884	0	0			0		other	0
20332	667	Sound	21	10301219	0	1			0		miss	0
20332	668	Nothing	8	10321273	0	0			0		other	0
20332	669	Nothing	90	10351484	0	0			0		other	0
20332	669	Port Input	1	10370049	18564	3
20332	669	Response	2	10370049	18564	3
20332	669	Port Input	1	10371683	20198	3
20332	669	Response	2	10371683	20198	3
20332	669	Port Input	1	10375129	23644	3
20332	669	Response	2	10375129	23644	3
20332	669	Port Input	1	10375132	23647	3
20332	670	Nothing	90	10393413	0	1			0		other	0
20332	671	Nothing	99	10415650	0	0			0		other	0
20332	672	Nothing	42	10415807	0	0			0		other	0
20332	673	Sound	21	10417219	0	1			0		miss	0
20332	674	Nothing	8	10437271	0	1			0		other	0
20332	675	Nothing	90	10467484	0	0			0		other	0
20332	676	Nothing	99	10501920	0	0			0		other	0
20332	677	Nothing	42	10502071	0	0			0		other	0
20332	678	Sound	21	10503418	0	1			0		miss	0
20332	679	Nothing	8	10523471	0	1			0		other	0
20332	680	Nothing	90	10553690	0	1			0		other	0
20332	681	Nothing	99	10571348	0	0			0		other	0
20332	682	Nothing	42	10571502	0	1			0		other	0
20332	683	Sound	21	10572918	0	1			0		miss	0
20332	684	Nothing	8	10592970	0	1			0		other	0
20332	685	Nothing	90	10623190	0	0			0		other	0
20332	686	Nothing	99	10634336	0	1			0		other	0
20332	687	Nothing	42	10634488	0	0			0		other	0
20332	688	Sound	21	10635818	0	1			0		miss	0
20332	689	Nothing	8	10655871	0	1			0		other	0
20332	691	Nothing	90	10686172	0	1			0		other	0
20332	692	Nothing	99	10728608	0	0			0		other	0
20332	693	Nothing	42	10728764	0	0			0		other	0
20332	694	Sound	21	10730118	0	1			0		miss	0
20332	695	Nothing	8	10750177	0	0			0		other	0
20332	696	Nothing	90	10780400	0	1			0		other	0
20332	697	Nothing	99	10806075	0	1			0		other	0
20332	698	Nothing	42	10806227	0	0			0		other	0
20332	699	Sound	21	10807618	0	1			0		miss	0
20332	700	Nothing	8	10827671	0	0			0		other	0
20332	701	Nothing	90	10857892	0	0			0		other	0
20332	702	Nothing	99	10897188	0	1			0		other	0
20332	703	Nothing	42	10897340	0	0			0		other	0
20332	704	Sound	21	10898718	0	1			0		miss	0
20332	705	Nothing	8	10918771	0	1			0		other	0
20332	706	Nothing	90	10948983	0	0			0		other	0
20332	706	Port Input	1	10952337	3354	3
20332	706	Response	2	10952337	3354	3
20332	706	Port Input	1	10954001	5018	3
20332	706	Response	2	10954001	5018	3
20332	707	Nothing	90	10959176	0	1			0		other	0
20332	708	Nothing	99	11003673	0	0			0		other	0
20332	709	Nothing	42	11003824	0	0			0		other	0
20332	710	Sound	21	11005218	0	1			0		miss	0
20332	711	Nothing	8	11025271	0	1			0		other	0
20332	712	Nothing	90	11055485	0	0			0		other	0
20332	713	Nothing	99	11080371	0	1			0		other	0
20332	714	Nothing	42	11080523	0	0			0		other	0
20332	715	Sound	21	11081918	0	1			0		miss	0
20332	716	Nothing	8	11101971	0	1			0		other	0
20332	718	Nothing	90	11132267	0	0			0		other	0
20332	719	Nothing	99	11176273	0	0			0		other	0
20332	720	Nothing	42	11176425	0	1			0		other	0
20332	721	Sound	21	11177818	0	1			0		miss	0
20332	722	Nothing	8	11197871	0	0			0		other	0
20332	723	Nothing	90	11228091	0	1			0		other	0
20332	724	Nothing	99	11247628	0	1			0		other	0
20332	725	Nothing	42	11247779	0	1			0		other	0
20332	726	Sound	21	11249118	0	1			0		miss	0
20332	727	Nothing	8	11269171	0	0			0		other	0
20332	728	Nothing	90	11299389	0	0			0		other	0
20332	729	Nothing	99	11309615	0	0			0		other	0
20332	730	Nothing	42	11309770	0	1			0		other	0
20332	731	Sound	21	11311118	0	1			0		miss	0
20332	732	Nothing	8	11331172	0	1			0		other	0
