Scenario - Phase8_R71NoCueWithPupil
Logfile written - 11/17/2020 19:24:41

Subject	Trial	Event Type	Code	Time	TTime	Uncertainty	Duration	Uncertainty	ReqTime	ReqDur	Stim Type	Pair Index

20333	1	Nothing	90	11301	0	0			0		other	0
20333	1	Port Input	2	20927	9626	3
20333	1	Response	3	20927	9626	3
20333	1	Port Input	2	22003	10702	4
20333	1	Response	3	22003	10702	4
20333	1	Port Input	2	23226	11925	3
20333	1	Response	3	23226	11925	3
20333	2	Nothing	90	23999	0	1			0		other	0
20333	2	Port Input	2	24642	643	4
20333	2	Response	3	24642	643	4
20333	2	Port Input	2	26148	2149	3
20333	2	Response	3	26148	2149	3
20333	2	Port Input	2	57876	33876	3
20333	2	Response	3	57876	33876	3
20333	2	Port Input	2	58927	34927	3
20333	2	Response	3	58927	34927	3
20333	2	Port Input	2	60041	36041	48
20333	2	Response	3	60041	36041	48
20333	3	Nothing	90	60090	0	1			0		other	0
20333	3	Port Input	2	61422	1333	3
20333	3	Response	3	61422	1333	3
20333	3	Port Input	2	62869	2779	3
20333	3	Response	3	62869	2779	3
20333	3	Port Input	2	64519	4429	3
20333	3	Response	3	64519	4429	3
20333	4	Nothing	90	81847	0	0			0		other	0
20333	4	Port Input	2	94846	12999	3
20333	4	Response	3	94846	12999	3
20333	4	Port Input	2	95915	14068	3
20333	4	Response	3	95915	14068	3
20333	4	Port Input	2	97252	15405	4
20333	4	Response	3	97252	15405	4
20333	4	Port Input	2	98708	16861	3
20333	4	Response	3	98708	16861	3
20333	4	Port Input	2	98711	16864	3
20333	4	Port Input	2	100291	18444	3
20333	4	Response	3	100291	18444	3
20333	4	Port Input	2	100777	18930	3
20333	4	Port Input	2	100954	19107	3
20333	4	Port Input	2	100957	19110	3
20333	4	Port Input	2	102006	20159	3
20333	4	Response	3	102006	20159	3
20333	5	Nothing	90	127695	0	1			0		other	0
20333	5	Port Input	2	137664	9969	3
20333	5	Response	3	137664	9969	3
20333	5	Port Input	2	138588	10893	3
20333	5	Response	3	138588	10893	3
20333	5	Port Input	2	139701	12006	4
20333	5	Response	3	139701	12006	4
20333	5	Port Input	2	140907	13212	3
20333	5	Response	3	140907	13212	3
20333	5	Port Input	2	142219	14523	3
20333	5	Response	3	142219	14523	3
20333	5	Port Input	2	143641	15945	4
20333	5	Response	3	143641	15945	4
20333	6	Nothing	99	153262	0	0			0		other	0
20333	7	Nothing	42	153412	0	0			0		other	0
20333	8	Sound	21	154834	0	1			0		miss	0
20333	9	Nothing	8	174884	0	1			0		other	0
20333	9	Port Input	2	175613	729	3
20333	9	Response	3	175613	729	3
20333	9	Port Input	2	176559	1675	3
20333	9	Response	3	176559	1675	3
20333	9	Port Input	2	177810	2925	3
20333	9	Response	3	177810	2925	3
20333	9	Port Input	2	179050	4165	3
20333	9	Response	3	179050	4165	3
20333	9	Port Input	2	180373	5489	4
20333	9	Response	3	180373	5489	4
20333	9	Port Input	2	181685	6800	4
20333	9	Response	3	181685	6800	4
20333	9	Port Input	2	183175	8290	3
20333	9	Response	3	183175	8290	3
20333	9	Manual	13	205049	30165	NA
20333	10	Nothing	90	205258	0	1			0		other	0
20333	10	Port Input	2	216013	10754	3
20333	10	Response	3	216013	10754	3
20333	10	Port Input	2	217066	11807	3
20333	10	Response	3	217066	11807	3
20333	10	Port Input	2	218254	12996	3
20333	10	Response	3	218254	12996	3
20333	10	Port Input	2	219600	14341	3
20333	10	Response	3	219600	14341	3
20333	11	Nothing	90	231585	0	1			0		other	0
20333	11	Port Input	2	250469	18884	3
20333	11	Response	3	250469	18884	3
20333	11	Port Input	2	251605	20019	3
20333	11	Response	3	251605	20019	3
20333	12	Nothing	90	257223	0	0			0		other	0
20333	12	Port Input	2	263963	6740	3
20333	12	Response	3	263963	6740	3
20333	12	Port Input	2	265373	8150	3
20333	12	Response	3	265373	8150	3
20333	12	Port Input	2	266663	9440	3
20333	12	Response	3	266663	9440	3
20333	13	Nothing	90	268256	0	1			0		other	0
20333	14	Nothing	99	301022	0	1			0		other	0
20333	15	Nothing	42	301174	0	0			0		other	0
20333	16	Sound	21	302534	0	1			0		miss	0
20333	17	Nothing	8	322587	0	1			0		other	0
20333	17	Port Input	2	334722	12135	5
20333	17	Response	3	334722	12135	5
20333	17	Port Input	2	338680	16093	3
20333	17	Response	3	338680	16093	3
20333	18	Nothing	90	352798	0	1			0		other	0
20333	19	Nothing	99	377736	0	1			0		other	0
20333	20	Nothing	42	377888	0	0			0		other	0
20333	21	Sound	21	379234	0	1			0		miss	0
20333	22	Nothing	8	399285	0	0			0		other	0
20333	23	Nothing	90	429496	0	1			0		other	0
20333	23	Port Input	2	432642	3146	4
20333	23	Response	3	432642	3146	4
20333	23	Port Input	2	433772	4276	4
20333	23	Response	3	433772	4276	4
20333	23	Port Input	2	435047	5551	3
20333	23	Response	3	435047	5551	3
20333	23	Port Input	2	437848	8353	3
20333	23	Response	3	437848	8353	3
20333	23	Port Input	2	439432	9936	4
20333	23	Response	3	439432	9936	4
20333	24	Nothing	90	439861	0	0			0		other	0
20333	25	Nothing	99	454737	0	0			0		other	0
20333	26	Nothing	42	454889	0	0			0		other	0
20333	26	Port Input	2	454994	105	3
20333	26	Response	3	454994	105	3
20333	27	Sound	21	456234	0	1			0		hit	128
20333	27	Port Input	2	456693	459	3
20333	27	Response	3	456693	459	3
20333	28	Nothing	6	456854	0	1			0		other	0
20333	28	Port Input	2	458261	1406	4
20333	28	Response	3	458261	1406	4
20333	28	Port Input	2	459247	2392	3
20333	28	Response	3	459247	2392	3
20333	28	Port Input	2	460460	3605	3
20333	28	Response	3	460460	3605	3
20333	28	Port Input	2	460744	3890	3
20333	28	Response	3	460744	3890	3
20333	28	Port Input	2	460887	4032	3
20333	28	Port Input	2	461758	4904	3
20333	28	Response	3	461758	4904	3
20333	28	Port Input	2	462955	6101	3
20333	28	Response	3	462955	6101	3
20333	28	Port Input	2	464127	7272	4
20333	28	Response	3	464127	7272	4
20333	28	Port Input	2	465427	8572	3
20333	28	Response	3	465427	8572	3
20333	28	Port Input	2	466625	9771	3
20333	28	Response	3	466625	9771	3
20333	28	Port Input	2	467912	11058	3
20333	28	Response	3	467912	11058	3
20333	28	Port Input	2	469209	12355	3
20333	28	Response	3	469209	12355	3
20333	28	Port Input	2	470636	13782	3
20333	28	Response	3	470636	13782	3
20333	28	Port Input	2	472053	15198	3
20333	28	Response	3	472053	15198	3
20333	28	Port Input	2	473474	16619	3
20333	28	Response	3	473474	16619	3
20333	29	Nothing	90	487127	0	1			0		other	0
20333	29	Port Input	2	487302	175	4
20333	29	Response	3	487302	175	4
20333	29	Port Input	2	488511	1383	4
20333	29	Response	3	488511	1383	4
20333	29	Port Input	2	489724	2597	4
20333	29	Response	3	489724	2597	4
20333	29	Port Input	2	490894	3767	4
20333	29	Response	3	490894	3767	4
20333	29	Port Input	2	492288	5161	3
20333	29	Response	3	492288	5161	3
20333	29	Port Input	2	493838	6710	3
20333	29	Response	3	493838	6710	3
20333	30	Nothing	90	509028	0	0			0		other	0
20333	30	Port Input	2	521091	12063	4
20333	30	Response	3	521091	12063	4
20333	30	Port Input	2	522111	13083	4
20333	30	Response	3	522111	13083	4
20333	30	Port Input	2	523174	14146	3
20333	30	Response	3	523174	14146	3
20333	30	Port Input	2	524408	15380	3
20333	30	Response	3	524408	15380	3
20333	30	Port Input	2	525727	16699	4
20333	30	Response	3	525727	16699	4
20333	30	Port Input	2	526082	17054	3
20333	30	Port Input	2	526263	17235	3
20333	30	Port Input	2	527109	18081	4
20333	30	Response	3	527109	18081	4
20333	30	Port Input	2	528572	19544	3
20333	30	Response	3	528572	19544	3
20333	30	Port Input	2	539084	30056	3
20333	30	Response	3	539084	30056	3
20333	30	Port Input	2	540221	31193	4
20333	30	Response	3	540221	31193	4
20333	30	Port Input	2	541384	32356	3
20333	30	Response	3	541384	32356	3
20333	30	Port Input	2	541576	32548	3
20333	30	Port Input	2	541760	32732	3
20333	30	Response	3	541760	32732	3
20333	30	Port Input	2	541762	32734	3
20333	30	Port Input	2	542693	33665	3
20333	30	Response	3	542693	33665	3
20333	30	Port Input	2	543230	34202	3
20333	31	Nothing	90	548949	0	1			0		other	0
20333	31	Port Input	2	568735	19786	3
20333	31	Response	3	568735	19786	3
20333	32	Nothing	90	569549	0	1			0		other	0
20333	32	Port Input	2	569862	313	4
20333	32	Response	3	569862	313	4
20333	32	Port Input	2	571054	1505	3
20333	32	Response	3	571054	1505	3
20333	32	Port Input	2	572357	2808	3
20333	32	Response	3	572357	2808	3
20333	32	Port Input	2	572359	2810	3
20333	32	Port Input	2	574012	4463	4
20333	32	Response	3	574012	4463	4
20333	33	Nothing	90	594321	0	1			0		other	0
20333	33	Port Input	2	601428	7107	3
20333	33	Response	3	601428	7107	3
20333	33	Port Input	2	602794	8473	3
20333	33	Response	3	602794	8473	3
20333	33	Port Input	2	604192	9871	3
20333	33	Response	3	604192	9871	3
20333	34	Nothing	99	622978	0	1			0		other	0
20333	35	Nothing	42	623129	0	1			0		other	0
20333	36	Sound	21	624534	0	1			0		miss	0
20333	37	Nothing	8	644590	0	1			0		other	0
20333	37	Port Input	2	658201	13612	3
20333	37	Response	3	658201	13612	3
20333	37	Port Input	2	659281	14691	3
20333	37	Response	3	659281	14691	3
20333	37	Port Input	2	660681	16091	3
20333	37	Response	3	660681	16091	3
20333	37	Port Input	2	660919	16329	4
20333	37	Port Input	2	660924	16334	4
20333	37	Port Input	2	661080	16491	3
20333	39	Nothing	90	674876	0	1			0		other	0
20333	40	Nothing	99	699222	0	0			0		other	0
20333	41	Nothing	42	699374	0	1			0		other	0
20333	42	Sound	21	700734	0	1			0		miss	0
20333	43	Nothing	8	720786	0	1			0		other	0
20333	44	Nothing	90	750996	0	0			0		other	0
20333	45	Nothing	99	780292	0	1			0		other	0
20333	46	Nothing	42	780443	0	0			0		other	0
20333	47	Sound	21	781834	0	1			0		miss	0
20333	48	Nothing	8	801885	0	1			0		other	0
20333	48	Port Input	2	806196	4311	3
20333	48	Response	3	806196	4311	3
20333	48	Port Input	2	807173	5287	3
20333	48	Response	3	807173	5287	3
20333	48	Port Input	2	810088	8203	3
20333	48	Response	3	810088	8203	3
20333	48	Port Input	2	811617	9732	3
20333	48	Response	3	811617	9732	3
20333	48	Port Input	2	813104	11218	3
20333	48	Response	3	813104	11218	3
20333	49	Nothing	90	832096	0	0			0		other	0
20333	50	Nothing	99	855852	0	0			0		other	0
20333	51	Nothing	42	856003	0	1			0		other	0
20333	52	Sound	21	857333	0	1			0		hit	260
20333	52	Port Input	2	871478	14144	3
20333	52	Response	3	871478	14144	3
20333	53	Nothing	6	871638	0	0			0		other	0
20333	53	Port Input	2	872600	962	4
20333	53	Response	3	872600	962	4
20333	53	Port Input	2	873538	1900	3
20333	53	Response	3	873538	1900	3
20333	53	Port Input	2	874624	2986	4
20333	53	Response	3	874624	2986	4
20333	53	Port Input	2	874627	2989	3
20333	53	Port Input	2	874780	3142	4
20333	53	Response	3	874780	3142	4
20333	53	Port Input	2	874953	3315	4
20333	53	Response	3	874953	3315	4
20333	53	Port Input	2	875781	4144	3
20333	53	Response	3	875781	4144	3
20333	53	Port Input	2	876976	5339	3
20333	53	Response	3	876976	5339	3
20333	53	Port Input	2	878214	6576	3
20333	53	Response	3	878214	6576	3
20333	53	Port Input	2	879361	7724	3
20333	53	Response	3	879361	7724	3
20333	53	Port Input	2	880591	8954	3
20333	53	Response	3	880591	8954	3
20333	53	Port Input	2	881776	10138	3
20333	53	Response	3	881776	10138	3
20333	53	Port Input	2	883119	11481	3
20333	53	Response	3	883119	11481	3
20333	53	Port Input	2	884430	12792	4
20333	53	Response	3	884430	12792	4
20333	53	Port Input	2	885758	14120	3
20333	53	Response	3	885758	14120	3
20333	53	Port Input	2	887030	15392	3
20333	53	Response	3	887030	15392	3
20333	53	Port Input	2	888422	16784	4
20333	53	Response	3	888422	16784	4
20333	53	Port Input	2	889841	18203	3
20333	53	Response	3	889841	18203	3
20333	53	Port Input	2	891308	19670	3
20333	53	Response	3	891308	19670	3
20333	53	Port Input	2	892671	21033	3
20333	53	Response	3	892671	21033	3
20333	53	Port Input	2	894251	22614	3
20333	53	Response	3	894251	22614	3
20333	53	Port Input	2	895762	24125	3
20333	53	Response	3	895762	24125	3
20333	53	Port Input	2	897369	25731	3
20333	53	Response	3	897369	25731	3
20333	54	Nothing	90	901900	0	0			0		other	0
20333	54	Port Input	2	905956	4056	3
20333	54	Response	3	905956	4056	3
20333	54	Port Input	2	907152	5251	4
20333	54	Response	3	907152	5251	4
20333	54	Port Input	2	908159	6259	3
20333	54	Response	3	908159	6259	3
20333	54	Port Input	2	909405	7505	3
20333	54	Response	3	909405	7505	3
20333	54	Port Input	2	911027	9127	3
20333	54	Response	3	911027	9127	3
20333	54	Port Input	2	911417	9516	4
20333	54	Port Input	2	912414	10513	4
20333	54	Response	3	912414	10513	4
20333	54	Port Input	2	913837	11936	3
20333	54	Response	3	913837	11936	3
20333	54	Port Input	2	915130	13230	3
20333	54	Response	3	915130	13230	3
20333	54	Port Input	2	916662	14761	4
20333	54	Response	3	916662	14761	4
20333	54	Port Input	2	918205	16304	3
20333	54	Response	3	918205	16304	3
20333	54	Port Input	2	919840	17939	4
20333	54	Response	3	919840	17939	4
20333	54	Port Input	2	921464	19563	4
20333	54	Response	3	921464	19563	4
20333	55	Nothing	90	923492	0	0			0		other	0
20333	55	Port Input	2	944442	20950	4
20333	55	Response	3	944442	20950	4
20333	55	Port Input	2	945397	21905	4
20333	55	Response	3	945397	21905	4
20333	55	Port Input	2	946631	23139	4
20333	55	Response	3	946631	23139	4
20333	55	Port Input	2	947922	24430	4
20333	55	Response	3	947922	24430	4
20333	55	Port Input	2	948083	24591	3
20333	55	Port Input	2	948267	24775	3
20333	55	Port Input	2	948430	24938	3
20333	55	Port Input	2	949416	25924	3
20333	55	Response	3	949416	25924	3
20333	55	Port Input	2	949745	26253	4
20333	55	Port Input	2	949932	26440	4
20333	55	Port Input	2	956925	33433	3
20333	55	Response	3	956925	33433	3
20333	55	Port Input	2	958404	34912	4
20333	55	Response	3	958404	34912	4
20333	55	Port Input	2	959900	36408	4
20333	55	Response	3	959900	36408	4
20333	55	Port Input	2	961304	37812	3
20333	55	Response	3	961304	37812	3
20333	55	Port Input	2	962820	39328	3
20333	55	Response	3	962820	39328	3
20333	55	Port Input	2	964434	40942	3
20333	55	Response	3	964434	40942	3
20333	56	Nothing	90	965651	0	0			0		other	0
20333	57	Nothing	99	983219	0	0			0		other	0
20333	58	Nothing	42	983370	0	0			0		other	0
20333	59	Sound	21	984733	0	1			0		hit	366
20333	59	Port Input	2	997181	12448	4
20333	59	Response	3	997181	12448	4
20333	60	Nothing	6	997344	0	1			0		other	0
20333	60	Port Input	2	998355	1010	3
20333	60	Response	3	998355	1010	3
20333	60	Port Input	2	999329	1984	3
20333	60	Response	3	999329	1984	3
20333	60	Port Input	2	1000297	2953	3
20333	60	Response	3	1000297	2953	3
20333	60	Port Input	2	1000581	3237	4
20333	60	Port Input	2	1000586	3242	3
20333	60	Port Input	2	1000752	3408	3
20333	60	Port Input	2	1001422	4077	4
20333	60	Response	3	1001422	4077	4
20333	60	Port Input	2	1002769	5425	3
20333	60	Response	3	1002769	5425	3
20333	60	Port Input	2	1003981	6637	3
20333	60	Response	3	1003981	6637	3
20333	60	Port Input	2	1005165	7821	3
20333	60	Response	3	1005165	7821	3
20333	60	Port Input	2	1006317	8973	3
20333	60	Response	3	1006317	8973	3
20333	60	Port Input	2	1007577	10232	3
20333	60	Response	3	1007577	10232	3
20333	60	Port Input	2	1008838	11494	3
20333	60	Response	3	1008838	11494	3
20333	60	Port Input	2	1010051	12707	4
20333	60	Response	3	1010051	12707	4
20333	60	Port Input	2	1011350	14006	3
20333	60	Response	3	1011350	14006	3
20333	60	Port Input	2	1012560	15216	3
20333	60	Response	3	1012560	15216	3
20333	60	Port Input	2	1013773	16428	4
20333	60	Response	3	1013773	16428	4
20333	60	Port Input	2	1015110	17766	4
20333	60	Response	3	1015110	17766	4
20333	60	Port Input	2	1016612	19268	4
20333	60	Response	3	1016612	19268	4
20333	60	Port Input	2	1017883	20539	3
20333	60	Response	3	1017883	20539	3
20333	60	Port Input	2	1019286	21942	3
20333	60	Response	3	1019286	21942	3
20333	60	Port Input	2	1020773	23429	3
20333	60	Response	3	1020773	23429	3
20333	60	Port Input	2	1022336	24992	3
20333	60	Response	3	1022336	24992	3
20333	60	Port Input	2	1023794	26450	3
20333	60	Response	3	1023794	26450	3
20333	61	Nothing	90	1027658	0	1			0		other	0
20333	61	Port Input	2	1043789	16131	3
20333	61	Response	3	1043789	16131	3
20333	61	Port Input	2	1044878	17220	3
20333	61	Response	3	1044878	17220	3
20333	61	Port Input	2	1044881	17222	3
20333	61	Port Input	2	1046157	18499	4
20333	61	Response	3	1046157	18499	4
20333	61	Port Input	2	1046580	18922	4
20333	61	Port Input	2	1046583	18925	3
20333	61	Port Input	2	1047477	19818	3
20333	61	Response	3	1047477	19818	3
20333	62	Nothing	90	1047729	0	0			0		other	0
20333	62	Port Input	2	1047919	190	3
20333	62	Port Input	2	1048849	1120	4
20333	62	Response	3	1048849	1120	4
20333	62	Port Input	2	1049259	1530	3
20333	62	Port Input	2	1049263	1535	3
20333	62	Port Input	2	1049442	1714	3
20333	62	Port Input	2	1050220	2492	4
20333	62	Response	3	1050220	2492	4
20333	62	Port Input	2	1050590	2861	3
20333	62	Port Input	2	1050769	3040	3
20333	62	Port Input	2	1051593	3864	3
20333	62	Response	3	1051593	3864	3
20333	62	Port Input	2	1051924	4195	3
20333	62	Port Input	2	1051928	4199	3
20333	62	Port Input	2	1052113	4385	3
20333	62	Port Input	2	1052957	5229	3
20333	62	Response	3	1052957	5229	3
20333	62	Port Input	2	1053254	5525	4
20333	62	Port Input	2	1053445	5716	3
20333	62	Port Input	2	1054609	6881	3
20333	62	Response	3	1054609	6881	3
20333	62	Port Input	2	1078807	31079	3
20333	62	Response	3	1078807	31079	3
20333	62	Port Input	2	1079940	32211	3
20333	62	Response	3	1079940	32211	3
20333	62	Port Input	2	1081146	33417	3
20333	62	Response	3	1081146	33417	3
20333	62	Port Input	2	1082556	34828	3
20333	62	Response	3	1082556	34828	3
20333	62	Port Input	2	1082911	35183	4
20333	62	Port Input	2	1083089	35360	3
20333	62	Port Input	2	1084102	36374	3
20333	62	Response	3	1084102	36374	3
20333	62	Port Input	2	1085886	38158	3
20333	62	Response	3	1085886	38158	3
20333	63	Nothing	90	1094473	0	0			0		other	0
20333	63	Port Input	2	1117653	23180	3
20333	63	Response	3	1117653	23180	3
20333	63	Port Input	2	1118640	24167	5
20333	63	Response	3	1118640	24167	5
20333	63	Port Input	2	1119775	25301	3
20333	63	Response	3	1119775	25301	3
20333	63	Port Input	2	1121007	26534	3
20333	63	Response	3	1121007	26534	3
20333	64	Nothing	90	1121232	0	1			0		other	0
20333	64	Port Input	2	1122360	1128	3
20333	64	Response	3	1122360	1128	3
20333	64	Port Input	2	1123686	2454	3
20333	64	Response	3	1123686	2454	3
20333	64	Port Input	2	1125011	3779	3
20333	64	Response	3	1125011	3779	3
20333	64	Port Input	2	1126444	5212	3
20333	64	Response	3	1126444	5212	3
20333	64	Port Input	2	1127990	6758	3
20333	64	Response	3	1127990	6758	3
20333	64	Port Input	2	1129367	8135	3
20333	64	Response	3	1129367	8135	3
20333	64	Port Input	2	1131076	9844	3
20333	64	Response	3	1131076	9844	3
20333	65	Nothing	90	1141510	0	0			0		other	0
20333	65	Port Input	2	1151496	9986	3
20333	65	Response	3	1151496	9986	3
20333	65	Port Input	2	1152534	11024	3
20333	65	Response	3	1152534	11024	3
20333	65	Port Input	2	1152536	11026	3
20333	65	Port Input	2	1153769	12259	3
20333	65	Response	3	1153769	12259	3
20333	65	Port Input	2	1155241	13731	4
20333	65	Response	3	1155241	13731	4
20333	65	Port Input	2	1155398	13888	4
20333	65	Port Input	2	1155401	13891	3
20333	65	Port Input	2	1155614	14104	4
20333	65	Response	3	1155614	14104	4
20333	65	Port Input	2	1155617	14107	4
20333	65	Port Input	2	1155782	14272	3
20333	65	Response	3	1155782	14272	3
20333	65	Port Input	2	1155901	14391	3
20333	65	Port Input	2	1157052	15542	4
20333	65	Response	3	1157052	15542	4
20333	65	Port Input	2	1158578	17068	3
20333	65	Response	3	1158578	17068	3
20333	66	Nothing	99	1160847	0	0			0		other	0
20333	67	Nothing	42	1161000	0	0			0		other	0
20333	67	Port Input	2	1161794	795	3
20333	67	Response	3	1161794	795	3
20333	68	Sound	21	1162333	0	1			0		hit	513
20333	68	Port Input	2	1163398	1065	3
20333	68	Response	3	1163398	1065	3
20333	69	Nothing	6	1163559	0	1			0		other	0
20333	69	Port Input	2	1165115	1556	3
20333	69	Response	3	1165115	1556	3
20333	69	Port Input	2	1166166	2607	3
20333	69	Response	3	1166166	2607	3
20333	69	Port Input	2	1167177	3618	4
20333	69	Response	3	1167177	3618	4
20333	69	Port Input	2	1167180	3621	4
20333	69	Port Input	2	1167429	3870	3
20333	69	Port Input	2	1167587	4029	3
20333	69	Port Input	2	1168321	4762	3
20333	69	Response	3	1168321	4762	3
20333	69	Port Input	2	1168586	5027	3
20333	69	Port Input	2	1168762	5204	3
20333	69	Port Input	2	1168765	5206	3
20333	69	Port Input	2	1169494	5935	4
20333	69	Response	3	1169494	5935	4
20333	69	Port Input	2	1169919	6360	3
20333	69	Port Input	2	1170707	7148	3
20333	69	Response	3	1170707	7148	3
20333	69	Port Input	2	1171958	8399	3
20333	69	Response	3	1171958	8399	3
20333	69	Port Input	2	1173195	9636	3
20333	69	Response	3	1173195	9636	3
20333	69	Port Input	2	1173198	9639	3
20333	69	Port Input	2	1174479	10920	3
20333	69	Response	3	1174479	10920	3
20333	69	Port Input	2	1175776	12217	3
20333	69	Response	3	1175776	12217	3
20333	69	Port Input	2	1177079	13520	3
20333	69	Response	3	1177079	13520	3
20333	69	Port Input	2	1178320	14761	3
20333	69	Response	3	1178320	14761	3
20333	69	Port Input	2	1179593	16034	3
20333	69	Response	3	1179593	16034	3
20333	69	Port Input	2	1180939	17381	4
20333	69	Response	3	1180939	17381	4
20333	69	Port Input	2	1182292	18733	3
20333	69	Response	3	1182292	18733	3
20333	69	Port Input	2	1183629	20070	4
20333	69	Response	3	1183629	20070	4
20333	69	Port Input	2	1185126	21567	3
20333	69	Response	3	1185126	21567	3
20333	69	Port Input	2	1186405	22846	3
20333	69	Response	3	1186405	22846	3
20333	69	Port Input	2	1187952	24393	3
20333	69	Response	3	1187952	24393	3
20333	69	Port Input	2	1189411	25852	4
20333	69	Response	3	1189411	25852	4
20333	71	Nothing	90	1193868	0	0			0		other	0
20333	71	Port Input	2	1202290	8422	4
20333	71	Response	3	1202290	8422	4
20333	71	Port Input	2	1203633	9765	3
20333	71	Response	3	1203633	9765	3
20333	71	Port Input	2	1204948	11079	3
20333	71	Response	3	1204948	11079	3
20333	71	Port Input	2	1212386	18518	3
20333	71	Response	3	1212386	18518	3
20333	71	Port Input	2	1213729	19861	3
20333	71	Response	3	1213729	19861	3
20333	71	Port Input	2	1213931	20063	4
20333	71	Response	3	1213931	20063	4
20333	71	Port Input	2	1214095	20226	3
20333	71	Response	3	1214095	20226	3
20333	71	Port Input	2	1214099	20230	3
20333	71	Port Input	2	1214262	20393	4
20333	71	Response	3	1214262	20393	4
20333	71	Port Input	2	1215098	21229	3
20333	71	Response	3	1215098	21229	3
20333	72	Nothing	90	1220229	0	1			0		other	0
20333	73	Nothing	99	1231237	0	1			0		other	0
20333	74	Nothing	42	1231389	0	0			0		other	0
20333	75	Sound	21	1232733	0	1			0		hit	588
20333	75	Port Input	2	1247787	15054	3
20333	75	Response	3	1247787	15054	3
20333	76	Nothing	76	1247942	0	0			0		other	0
20333	76	Port Input	2	1248811	869	3
20333	76	Response	3	1248811	869	3
20333	76	Port Input	2	1249921	1979	4
20333	76	Response	3	1249921	1979	4
20333	76	Port Input	2	1251216	3274	3
20333	76	Response	3	1251216	3274	3
20333	76	Port Input	2	1252493	4551	3
20333	76	Response	3	1252493	4551	3
20333	76	Port Input	2	1253060	5118	3
20333	76	Port Input	2	1253827	5885	4
20333	76	Response	3	1253827	5885	4
20333	76	Port Input	2	1253830	5888	4
20333	76	Port Input	2	1254218	6275	3
20333	76	Port Input	2	1255197	7255	3
20333	76	Response	3	1255197	7255	3
20333	76	Port Input	2	1256561	8619	4
20333	76	Response	3	1256561	8619	4
20333	76	Port Input	2	1257995	10052	3
20333	76	Response	3	1257995	10052	3
20333	76	Port Input	2	1259529	11587	3
20333	76	Response	3	1259529	11587	3
20333	76	Port Input	2	1261188	13246	3
20333	76	Response	3	1261188	13246	3
20333	77	Nothing	90	1278203	0	0			0		other	0
20333	77	Port Input	2	1285256	7053	3
20333	77	Response	3	1285256	7053	3
20333	77	Port Input	2	1286340	8137	3
20333	77	Response	3	1286340	8137	3
20333	77	Port Input	2	1287398	9195	3
20333	77	Response	3	1287398	9195	3
20333	77	Port Input	2	1288729	10526	3
20333	77	Response	3	1288729	10526	3
20333	77	Port Input	2	1290199	11997	3
20333	77	Response	3	1290199	11997	3
20333	77	Port Input	2	1291661	13458	4
20333	77	Response	3	1291661	13458	4
20333	77	Port Input	2	1293210	15007	4
20333	77	Response	3	1293210	15007	4
20333	77	Port Input	2	1294684	16481	3
20333	77	Response	3	1294684	16481	3
20333	77	Port Input	2	1296334	18131	3
20333	77	Response	3	1296334	18131	3
20333	78	Nothing	90	1297111	0	0			0		other	0
20333	78	Port Input	2	1299600	2489	3
20333	78	Response	3	1299600	2489	3
20333	78	Port Input	2	1300869	3758	4
20333	78	Response	3	1300869	3758	4
20333	78	Port Input	2	1302252	5141	3
20333	78	Response	3	1302252	5141	3
20333	78	Port Input	2	1303660	6549	3
20333	78	Response	3	1303660	6549	3
20333	78	Port Input	2	1305151	8040	4
20333	78	Response	3	1305151	8040	4
20333	78	Port Input	2	1306659	9548	3
20333	78	Response	3	1306659	9548	3
20333	79	Nothing	90	1312245	0	0			0		other	0
20333	79	Port Input	2	1323089	10844	3
20333	79	Response	3	1323089	10844	3
20333	79	Port Input	2	1324297	12052	3
20333	79	Response	3	1324297	12052	3
20333	79	Port Input	2	1325819	13574	3
20333	79	Response	3	1325819	13574	3
20333	79	Port Input	2	1326031	13786	3
20333	79	Port Input	2	1326035	13790	3
20333	79	Port Input	2	1327232	14987	4
20333	79	Response	3	1327232	14987	4
20333	79	Port Input	2	1328790	16545	5
20333	79	Response	3	1328790	16545	5
20333	79	Port Input	2	1330411	18166	3
20333	79	Response	3	1330411	18166	3
20333	79	Port Input	2	1331910	19665	3
20333	79	Response	3	1331910	19665	3
20333	79	Port Input	2	1333426	21181	3
20333	79	Response	3	1333426	21181	3
20333	79	Port Input	2	1335024	22779	3
20333	79	Response	3	1335024	22779	3
20333	80	Nothing	90	1354295	0	0			0		other	0
20333	80	Port Input	2	1363690	9395	3
20333	80	Response	3	1363690	9395	3
20333	80	Port Input	2	1364885	10589	3
20333	80	Response	3	1364885	10589	3
20333	80	Port Input	2	1366107	11812	3
20333	80	Response	3	1366107	11812	3
20333	80	Port Input	2	1367430	13134	3
20333	80	Response	3	1367430	13134	3
20333	80	Port Input	2	1369038	14743	3
20333	80	Response	3	1369038	14743	3
20333	81	Nothing	90	1374589	0	0			0		other	0
20333	81	Port Input	2	1380796	6206	3
20333	81	Response	3	1380796	6206	3
20333	81	Port Input	2	1382096	7506	3
20333	81	Response	3	1382096	7506	3
20333	81	Port Input	2	1383521	8932	4
20333	81	Response	3	1383521	8932	4
20333	81	Port Input	2	1385090	10501	4
20333	81	Response	3	1385090	10501	4
20333	81	Port Input	2	1386751	12162	4
20333	81	Response	3	1386751	12162	4
20333	81	Port Input	2	1407204	32615	3
20333	81	Response	3	1407204	32615	3
20333	81	Port Input	2	1408521	33932	4
20333	81	Response	3	1408521	33932	4
20333	81	Port Input	2	1409867	35277	3
20333	81	Response	3	1409867	35277	3
20333	81	Port Input	2	1409870	35280	3
20333	81	Port Input	2	1411188	36599	3
20333	81	Response	3	1411188	36599	3
20333	82	Nothing	99	1415676	0	0			0		other	0
20333	83	Nothing	42	1415827	0	0			0		other	0
20333	84	Sound	21	1417233	0	1			0		hit	701
20333	84	Port Input	2	1421153	3921	3
20333	84	Response	3	1421153	3921	3
20333	85	Nothing	6	1421315	0	0			0		other	0
20333	85	Port Input	2	1422561	1246	3
20333	85	Response	3	1422561	1246	3
20333	85	Port Input	2	1423540	2225	4
20333	85	Response	3	1423540	2225	4
20333	85	Port Input	2	1423719	2404	4
20333	85	Port Input	2	1423903	2588	3
20333	85	Response	3	1423903	2588	3
20333	85	Port Input	2	1423908	2592	3
20333	85	Port Input	2	1424669	3354	3
20333	85	Response	3	1424669	3354	3
20333	85	Port Input	2	1426013	4698	4
20333	85	Response	3	1426013	4698	4
20333	85	Port Input	2	1427117	5801	4
20333	85	Response	3	1427117	5801	4
20333	85	Port Input	2	1428294	6979	3
20333	85	Response	3	1428294	6979	3
20333	85	Port Input	2	1429542	8227	3
20333	85	Response	3	1429542	8227	3
20333	85	Port Input	2	1429696	8381	3
20333	85	Port Input	2	1429700	8385	3
20333	85	Port Input	2	1429859	8544	3
20333	85	Port Input	2	1430025	8710	4
20333	85	Port Input	2	1430916	9601	3
20333	85	Response	3	1430916	9601	3
20333	85	Port Input	2	1432288	10973	3
20333	85	Response	3	1432288	10973	3
20333	85	Port Input	2	1433731	12416	4
20333	85	Response	3	1433731	12416	4
20333	85	Port Input	2	1435237	13922	3
20333	85	Response	3	1435237	13922	3
20333	85	Port Input	2	1436513	15198	3
20333	85	Response	3	1436513	15198	3
20333	85	Port Input	2	1438103	16788	3
20333	85	Response	3	1438103	16788	3
20333	85	Port Input	2	1439618	18303	3
20333	85	Response	3	1439618	18303	3
20333	85	Port Input	2	1440839	19523	4
20333	85	Response	3	1440839	19523	4
20333	85	Port Input	2	1442205	20889	3
20333	85	Response	3	1442205	20889	3
20333	85	Port Input	2	1443674	22359	3
20333	85	Response	3	1443674	22359	3
20333	85	Port Input	2	1445287	23972	3
20333	85	Response	3	1445287	23972	3
20333	86	Nothing	90	1451632	0	0			0		other	0
20333	86	Port Input	2	1464284	12653	3
20333	86	Response	3	1464284	12653	3
20333	86	Port Input	2	1465441	13809	3
20333	86	Response	3	1465441	13809	3
20333	86	Port Input	2	1466684	15052	3
20333	86	Response	3	1466684	15052	3
20333	86	Port Input	2	1468201	16569	4
20333	86	Response	3	1468201	16569	4
20333	86	Port Input	2	1468719	17088	3
20333	86	Port Input	2	1485714	34082	3
20333	86	Response	3	1485714	34082	3
20333	86	Port Input	2	1486883	35251	4
20333	86	Response	3	1486883	35251	4
20333	86	Port Input	2	1488174	36542	3
20333	86	Response	3	1488174	36542	3
20333	86	Port Input	2	1488502	36870	3
20333	87	Nothing	90	1493951	0	0			0		other	0
20333	88	Nothing	99	1512417	0	0			0		other	0
20333	89	Nothing	42	1512569	0	0			0		other	0
20333	90	Sound	21	1513933	0	1			0		hit	769
20333	90	Port Input	2	1533099	19166	3
20333	90	Response	3	1533099	19166	3
20333	91	Nothing	6	1533257	0	0			0		other	0
20333	91	Port Input	2	1534042	785	4
20333	91	Response	3	1534042	785	4
20333	91	Port Input	2	1534989	1732	3
20333	91	Response	3	1534989	1732	3
20333	91	Port Input	2	1535941	2684	4
20333	91	Response	3	1535941	2684	4
20333	91	Port Input	2	1537051	3794	4
20333	91	Response	3	1537051	3794	4
20333	91	Port Input	2	1538228	4971	3
20333	91	Response	3	1538228	4971	3
20333	91	Port Input	2	1539383	6126	4
20333	91	Response	3	1539383	6126	4
20333	91	Port Input	2	1540633	7376	3
20333	91	Response	3	1540633	7376	3
20333	91	Port Input	2	1541864	8607	4
20333	91	Response	3	1541864	8607	4
20333	91	Port Input	2	1543066	9809	3
20333	91	Response	3	1543066	9809	3
20333	91	Port Input	2	1544307	11050	3
20333	91	Response	3	1544307	11050	3
20333	91	Port Input	2	1545573	12316	3
20333	91	Response	3	1545573	12316	3
20333	91	Port Input	2	1546839	13582	3
20333	91	Response	3	1546839	13582	3
20333	91	Port Input	2	1548139	14882	3
20333	91	Response	3	1548139	14882	3
20333	91	Port Input	2	1549458	16201	3
20333	91	Response	3	1549458	16201	3
20333	91	Port Input	2	1550911	17655	4
20333	91	Response	3	1550911	17655	4
20333	91	Port Input	2	1552138	18881	3
20333	91	Response	3	1552138	18881	3
20333	91	Port Input	2	1553475	20218	3
20333	91	Response	3	1553475	20218	3
20333	91	Port Input	2	1555013	21757	3
20333	91	Response	3	1555013	21757	3
20333	91	Port Input	2	1556415	23158	3
20333	91	Response	3	1556415	23158	3
20333	91	Port Input	2	1558059	24802	3
20333	91	Response	3	1558059	24802	3
20333	91	Port Input	2	1560035	26778	3
20333	91	Response	3	1560035	26778	3
20333	92	Nothing	90	1563528	0	0			0		other	0
20333	92	Port Input	2	1575887	12359	3
20333	92	Response	3	1575887	12359	3
20333	92	Port Input	2	1576927	13399	3
20333	92	Response	3	1576927	13399	3
20333	92	Port Input	2	1577330	13802	4
20333	92	Port Input	2	1578002	14474	3
20333	92	Response	3	1578002	14474	3
20333	92	Port Input	2	1579173	15645	3
20333	92	Response	3	1579173	15645	3
20333	92	Port Input	2	1579537	16009	3
20333	92	Response	3	1579537	16009	3
20333	92	Port Input	2	1579701	16173	3
20333	92	Response	3	1579701	16173	3
20333	92	Port Input	2	1580518	16991	3
20333	92	Response	3	1580518	16991	3
20333	92	Port Input	2	1580850	17322	4
20333	92	Port Input	2	1580854	17326	3
20333	92	Port Input	2	1581027	17500	3
20333	92	Port Input	2	1581910	18382	3
20333	92	Response	3	1581910	18382	3
20333	92	Port Input	2	1582163	18635	3
20333	92	Port Input	2	1582334	18806	3
20333	92	Port Input	2	1582338	18810	3
20333	92	Port Input	2	1583210	19683	3
20333	92	Response	3	1583210	19683	3
20333	92	Port Input	2	1583669	20141	3
20333	92	Port Input	2	1583843	20315	4
20333	92	Port Input	2	1584630	21103	4
20333	92	Response	3	1584630	21103	4
20333	92	Port Input	2	1585171	21643	4
20333	92	Port Input	2	1586065	22537	3
20333	92	Response	3	1586065	22537	3
20333	92	Port Input	2	1586496	22968	3
20333	92	Port Input	2	1587574	24046	4
20333	92	Response	3	1587574	24046	4
20333	92	Port Input	2	1602812	39284	3
20333	92	Response	3	1602812	39284	3
20333	92	Port Input	2	1604271	40743	4
20333	92	Response	3	1604271	40743	4
20333	92	Port Input	2	1605631	42104	3
20333	92	Response	3	1605631	42104	3
20333	93	Nothing	90	1606696	0	1			0		other	0
20333	93	Port Input	2	1606727	31	3
20333	93	Response	3	1606727	31	3
20333	93	Port Input	2	1608017	1321	3
20333	93	Response	3	1608017	1321	3
20333	93	Port Input	2	1609444	2748	3
20333	93	Response	3	1609444	2748	3
20333	93	Port Input	2	1610860	4164	3
20333	93	Response	3	1610860	4164	3
20333	93	Port Input	2	1612381	5685	4
20333	93	Response	3	1612381	5685	4
20333	94	Nothing	90	1630095	0	1			0		other	0
20333	94	Port Input	2	1634257	4162	3
20333	94	Response	3	1634257	4162	3
20333	94	Port Input	2	1635489	5394	3
20333	94	Response	3	1635489	5394	3
20333	94	Port Input	2	1636918	6823	3
20333	94	Response	3	1636918	6823	3
20333	94	Port Input	2	1636998	6903	3
20333	94	Port Input	2	1637208	7113	3
20333	94	Response	3	1637208	7113	3
20333	94	Port Input	2	1637365	7270	3
20333	94	Response	3	1637365	7270	3
20333	94	Port Input	2	1637369	7274	3
20333	94	Port Input	2	1638274	8179	3
20333	94	Response	3	1638274	8179	3
20333	94	Port Input	2	1639639	9544	4
20333	94	Response	3	1639639	9544	4
20333	95	Nothing	90	1640734	0	1			0		other	0
20333	95	Port Input	2	1641063	328	3
20333	95	Response	3	1641063	328	3
20333	95	Port Input	2	1642487	1752	3
20333	95	Response	3	1642487	1752	3
20333	95	Port Input	2	1644095	3361	3
20333	95	Response	3	1644095	3361	3
20333	95	Port Input	2	1669088	28354	3
20333	95	Response	3	1669088	28354	3
20333	95	Port Input	2	1670475	29741	3
20333	95	Response	3	1670475	29741	3
20333	95	Port Input	2	1671696	30961	3
20333	95	Response	3	1671696	30961	3
20333	96	Nothing	90	1672645	0	0			0		other	0
20333	96	Port Input	2	1672977	332	3
20333	96	Response	3	1672977	332	3
20333	96	Port Input	2	1674530	1884	4
20333	96	Response	3	1674530	1884	4
20333	96	Port Input	2	1692259	19614	4
20333	96	Response	3	1692259	19614	4
20333	96	Port Input	2	1693859	21214	4
20333	96	Response	3	1693859	21214	4
20333	96	Port Input	2	1695143	22498	3
20333	96	Response	3	1695143	22498	3
20333	96	Port Input	2	1695319	22674	4
20333	96	Port Input	2	1695478	22833	3
20333	96	Port Input	2	1696447	23802	3
20333	96	Response	3	1696447	23802	3
20333	96	Port Input	2	1697006	24361	3
20333	96	Port Input	2	1697010	24365	3
20333	96	Port Input	2	1698042	25397	3
20333	96	Response	3	1698042	25397	3
20333	96	Port Input	2	1699375	26730	4
20333	96	Response	3	1699375	26730	4
20333	96	Port Input	2	1700795	28150	3
20333	96	Response	3	1700795	28150	3
20333	96	Port Input	2	1702243	29598	4
20333	96	Response	3	1702243	29598	4
20333	96	Port Input	2	1704094	31449	3
20333	96	Response	3	1704094	31449	3
20333	97	Nothing	99	1714251	0	0			0		other	0
20333	98	Nothing	42	1714404	0	1			0		other	0
20333	99	Sound	21	1715733	0	1			0		hit	927
20333	99	Port Input	2	1717565	1833	3
20333	99	Response	3	1717565	1833	3
20333	100	Nothing	6	1717727	0	0			0		other	0
20333	100	Port Input	2	1718931	1204	3
20333	100	Response	3	1718931	1204	3
20333	100	Port Input	2	1719990	2262	4
20333	100	Response	3	1719990	2262	4
20333	100	Port Input	2	1720160	2432	3
20333	100	Port Input	2	1720347	2620	3
20333	100	Port Input	2	1721175	3448	3
20333	100	Response	3	1721175	3448	3
20333	100	Port Input	2	1721178	3451	3
20333	100	Port Input	2	1721338	3611	3
20333	100	Port Input	2	1722567	4839	3
20333	100	Response	3	1722567	4839	3
20333	100	Port Input	2	1723835	6107	4
20333	100	Response	3	1723835	6107	4
20333	100	Port Input	2	1723995	6268	3
20333	100	Port Input	2	1723998	6271	3
20333	100	Port Input	2	1724144	6417	3
20333	100	Port Input	2	1725071	7343	3
20333	100	Response	3	1725071	7343	3
20333	100	Port Input	2	1726305	8578	3
20333	100	Response	3	1726305	8578	3
20333	100	Port Input	2	1727561	9834	3
20333	100	Response	3	1727561	9834	3
20333	100	Port Input	2	1728762	11035	3
20333	100	Response	3	1728762	11035	3
20333	100	Port Input	2	1730089	12362	3
20333	100	Response	3	1730089	12362	3
20333	100	Port Input	2	1731426	13698	3
20333	100	Response	3	1731426	13698	3
20333	100	Port Input	2	1732701	14973	3
20333	100	Response	3	1732701	14973	3
20333	100	Port Input	2	1734062	16334	3
20333	100	Response	3	1734062	16334	3
20333	100	Port Input	2	1735526	17799	3
20333	100	Response	3	1735526	17799	3
20333	100	Port Input	2	1737044	19317	3
20333	100	Response	3	1737044	19317	3
20333	100	Port Input	2	1738472	20745	3
20333	100	Response	3	1738472	20745	3
20333	100	Port Input	2	1740166	22439	4
20333	100	Response	3	1740166	22439	4
20333	100	Port Input	2	1741531	23803	3
20333	100	Response	3	1741531	23803	3
20333	100	Port Input	2	1743199	25472	3
20333	100	Response	3	1743199	25472	3
20333	100	Port Input	2	1744922	27194	3
20333	100	Response	3	1744922	27194	3
20333	101	Nothing	90	1748051	0	0			0		other	0
20333	101	Port Input	2	1754712	6661	4
20333	101	Response	3	1754712	6661	4
20333	101	Port Input	2	1755912	7861	3
20333	101	Response	3	1755912	7861	3
20333	101	Port Input	2	1756334	8283	4
20333	101	Port Input	2	1757211	9160	3
20333	101	Response	3	1757211	9160	3
20333	101	Port Input	2	1757354	9303	3
20333	101	Port Input	2	1757531	9480	4
20333	101	Response	3	1757531	9480	4
20333	101	Port Input	2	1757704	9653	3
20333	101	Response	3	1757704	9653	3
20333	101	Port Input	2	1758650	10599	3
20333	101	Response	3	1758650	10599	3
20333	101	Port Input	2	1758868	10817	3
20333	101	Response	3	1758868	10817	3
20333	101	Port Input	2	1760111	12060	3
20333	101	Response	3	1760111	12060	3
20333	101	Port Input	2	1760367	12316	3
20333	101	Response	3	1760367	12316	3
20333	101	Port Input	2	1761608	13557	3
20333	101	Response	3	1761608	13557	3
20333	101	Port Input	2	1761611	13560	4
20333	101	Port Input	2	1761824	13773	3
20333	101	Port Input	2	1761828	13777	3
20333	101	Port Input	2	1762014	13963	3
20333	101	Port Input	2	1762017	13966	3
20333	102	Nothing	90	1764385	0	0			0		other	0
20333	102	Port Input	2	1793296	28911	3
20333	102	Response	3	1793296	28911	3
20333	102	Port Input	2	1793524	29139	3
20333	102	Port Input	2	1794313	29928	4
20333	102	Response	3	1794313	29928	4
20333	103	Nothing	90	1795335	0	0			0		other	0
20333	103	Port Input	2	1795446	111	3
20333	103	Response	3	1795446	111	3
20333	103	Port Input	2	1796755	1421	3
20333	103	Response	3	1796755	1421	3
20333	103	Port Input	2	1798331	2996	4
20333	103	Response	3	1798331	2996	4
20333	104	Nothing	90	1818236	0	1			0		other	0
20333	104	Port Input	2	1831255	13020	3
20333	104	Response	3	1831255	13020	3
20333	104	Port Input	2	1832531	14295	4
20333	104	Response	3	1832531	14295	4
20333	104	Port Input	2	1832660	14425	3
20333	104	Port Input	2	1833018	14783	3
20333	105	Nothing	90	1833459	0	0			0		other	0
20333	105	Port Input	2	1833769	310	3
20333	105	Response	3	1833769	310	3
20333	105	Port Input	2	1835224	1766	3
20333	105	Response	3	1835224	1766	3
20333	105	Port Input	2	1836533	3074	3
20333	105	Response	3	1836533	3074	3
20333	105	Port Input	2	1838064	4605	3
20333	105	Response	3	1838064	4605	3
20333	105	Port Input	2	1838514	5056	3
20333	105	Port Input	2	1843070	9611	3
20333	105	Response	3	1843070	9611	3
20333	105	Port Input	2	1844341	10882	4
20333	105	Response	3	1844341	10882	4
20333	105	Port Input	2	1844698	11239	3
20333	105	Port Input	2	1844830	11371	4
20333	106	Nothing	99	1860075	0	0			0		other	0
20333	107	Nothing	42	1860225	0	0			0		other	0
20333	108	Sound	21	1861632	0	1			0		miss	0
20333	109	Nothing	8	1881686	0	1			0		other	0
20333	109	Port Input	2	1892689	11003	3
20333	109	Response	3	1892689	11003	3
20333	109	Port Input	2	1893023	11337	4
20333	109	Port Input	2	1893026	11340	4
20333	109	Port Input	2	1893908	12222	3
20333	109	Response	3	1893908	12222	3
20333	109	Port Input	2	1894209	12523	3
20333	109	Response	3	1894209	12523	3
20333	109	Port Input	2	1894214	12528	3
20333	109	Port Input	2	1894384	12698	4
20333	109	Response	3	1894384	12698	4
20333	109	Port Input	2	1895243	13557	3
20333	109	Response	3	1895243	13557	3
20333	109	Port Input	2	1895323	13636	3
20333	109	Port Input	2	1895327	13640	3
20333	109	Port Input	2	1895516	13830	3
20333	109	Port Input	2	1895699	14013	5
20333	109	Port Input	2	1896893	15207	4
20333	109	Response	3	1896893	15207	4
20333	109	Port Input	2	1897338	15652	3
20333	109	Port Input	2	1898671	16984	4
20333	109	Response	3	1898671	16984	4
20333	109	Port Input	2	1899173	17486	3
20333	109	Port Input	2	1899987	18301	3
20333	109	Response	3	1899987	18301	3
20333	109	Port Input	2	1900190	18504	4
20333	109	Port Input	2	1900194	18508	3
20333	109	Port Input	2	1900546	18860	3
20333	109	Response	3	1900546	18860	3
20333	109	Port Input	2	1900549	18863	3
20333	109	Port Input	2	1901348	19662	3
20333	109	Response	3	1901348	19662	3
20333	109	Port Input	2	1901535	19849	3
20333	109	Port Input	2	1901710	20024	4
20333	109	Response	3	1901710	20024	4
20333	109	Port Input	2	1901881	20195	3
20333	109	Response	3	1901881	20195	3
20333	109	Port Input	2	1902986	21300	3
20333	109	Response	3	1902986	21300	3
20333	109	Port Input	2	1903205	21519	3
20333	109	Port Input	2	1903208	21521	3
20333	109	Port Input	2	1903382	21696	3
20333	109	Response	3	1903382	21696	3
20333	109	Port Input	2	1903385	21698	3
20333	111	Nothing	90	1912012	0	1			0		other	0
20333	111	Port Input	2	1939898	27886	3
20333	111	Response	3	1939898	27886	3
20333	111	Port Input	2	1941085	29073	3
20333	111	Response	3	1941085	29073	3
20333	111	Port Input	2	1941337	29325	3
20333	111	Port Input	2	1941340	29328	4
20333	111	Port Input	2	1942193	30181	3
20333	111	Response	3	1942193	30181	3
20333	111	Port Input	2	1942342	30331	3
20333	111	Port Input	2	1942525	30513	3
20333	111	Port Input	2	1943856	31845	3
20333	111	Response	3	1943856	31845	3
20333	111	Port Input	2	1944007	31995	3
20333	111	Port Input	2	1944195	32184	3
20333	112	Nothing	90	1958254	0	1			0		other	0
20333	113	Nothing	99	1977450	0	1			0		other	0
20333	114	Nothing	42	1977602	0	0			0		other	0
20333	115	Sound	21	1978932	0	1			0		hit	1108
20333	115	Port Input	2	1993360	14427	3
20333	115	Response	3	1993360	14427	3
20333	116	Nothing	6	1993523	0	1			0		other	0
20333	116	Port Input	2	1994618	1095	3
20333	116	Response	3	1994618	1095	3
20333	116	Port Input	2	1995576	2053	3
20333	116	Response	3	1995576	2053	3
20333	116	Port Input	2	1995860	2337	3
20333	116	Port Input	2	1995862	2339	3
20333	116	Port Input	2	1996563	3040	3
20333	116	Response	3	1996563	3040	3
20333	116	Port Input	2	1996690	3167	4
20333	116	Port Input	2	1996893	3370	3
20333	116	Response	3	1996893	3370	3
20333	116	Port Input	2	1997054	3531	3
20333	116	Response	3	1997054	3531	3
20333	116	Port Input	2	1997744	4221	3
20333	116	Response	3	1997744	4221	3
20333	116	Port Input	2	1998026	4502	3
20333	116	Port Input	2	1998030	4507	3
20333	116	Port Input	2	1998220	4696	4
20333	116	Response	3	1998220	4696	4
20333	116	Port Input	2	1998983	5460	3
20333	116	Response	3	1998983	5460	3
20333	116	Port Input	2	2000214	6691	3
20333	116	Response	3	2000214	6691	3
20333	116	Port Input	2	2001459	7936	3
20333	116	Response	3	2001459	7936	3
20333	116	Port Input	2	2002781	9258	4
20333	116	Response	3	2002781	9258	4
20333	116	Port Input	2	2004167	10644	3
20333	116	Response	3	2004167	10644	3
20333	116	Port Input	2	2005515	11992	3
20333	116	Response	3	2005515	11992	3
20333	116	Port Input	2	2007060	13537	4
20333	116	Response	3	2007060	13537	4
20333	116	Port Input	2	2008529	15006	3
20333	116	Response	3	2008529	15006	3
20333	116	Port Input	2	2009978	16455	3
20333	116	Response	3	2009978	16455	3
20333	116	Port Input	2	2011634	18111	3
20333	116	Response	3	2011634	18111	3
20333	116	Port Input	2	2013138	19615	3
20333	116	Response	3	2013138	19615	3
20333	117	Nothing	90	2023826	0	0			0		other	0
20333	117	Port Input	2	2037614	13788	3
20333	117	Response	3	2037614	13788	3
20333	117	Port Input	2	2038629	14803	3
20333	117	Response	3	2038629	14803	3
20333	117	Port Input	2	2039788	15962	3
20333	117	Response	3	2039788	15962	3
20333	117	Port Input	2	2041182	17356	3
20333	117	Response	3	2041182	17356	3
20333	117	Port Input	2	2042789	18963	3
20333	117	Response	3	2042789	18963	3
20333	117	Port Input	2	2066338	42512	3
20333	117	Response	3	2066338	42512	3
20333	117	Port Input	2	2067348	43522	3
20333	117	Response	3	2067348	43522	3
20333	117	Port Input	2	2068405	44579	3
20333	117	Response	3	2068405	44579	3
20333	118	Nothing	90	2068555	0	0			0		other	0
20333	118	Port Input	2	2069706	1151	3
20333	118	Response	3	2069706	1151	3
20333	118	Port Input	2	2071275	2720	3
20333	118	Response	3	2071275	2720	3
20333	118	Port Input	2	2073064	4509	3
20333	118	Response	3	2073064	4509	3
20333	119	Nothing	90	2078965	0	0			0		other	0
20333	119	Port Input	2	2081020	2055	3
20333	119	Response	3	2081020	2055	3
20333	119	Port Input	2	2082342	3378	3
20333	119	Response	3	2082342	3378	3
20333	119	Port Input	2	2083469	4505	3
20333	119	Response	3	2083469	4505	3
20333	119	Port Input	2	2083723	4758	3
20333	119	Port Input	2	2083889	4924	4
20333	119	Port Input	2	2084916	5951	3
20333	119	Response	3	2084916	5951	3
20333	119	Port Input	2	2085034	6070	3
20333	119	Port Input	2	2085038	6074	3
20333	119	Port Input	2	2085187	6223	3
20333	119	Port Input	2	2085410	6446	4
20333	119	Response	3	2085410	6446	4
20333	119	Port Input	2	2088114	9149	3
20333	119	Response	3	2088114	9149	3
20333	119	Port Input	2	2089591	10626	3
20333	119	Response	3	2089591	10626	3
20333	119	Port Input	2	2098540	19575	3
20333	119	Response	3	2098540	19575	3
20333	119	Port Input	2	2100021	21057	3
20333	119	Response	3	2100021	21057	3
20333	119	Port Input	2	2100391	21427	3
20333	119	Port Input	2	2100535	21571	3
20333	119	Port Input	2	2101690	22726	4
20333	119	Response	3	2101690	22726	4
20333	119	Port Input	2	2101859	22894	3
20333	119	Port Input	2	2102070	23106	4
20333	119	Port Input	2	2102240	23276	5
20333	119	Response	3	2102240	23276	5
20333	120	Nothing	90	2102367	0	1			0		other	0
20333	120	Port Input	2	2103141	774	3
20333	120	Response	3	2103141	774	3
20333	120	Port Input	2	2103372	1005	4
20333	120	Port Input	2	2104650	2284	4
20333	120	Response	3	2104650	2284	4
20333	120	Port Input	2	2104911	2544	3
20333	120	Port Input	2	2105076	2709	4
20333	120	Response	3	2105076	2709	4
20333	120	Port Input	2	2105219	2853	3
20333	120	Response	3	2105219	2853	3
20333	120	Port Input	2	2105224	2857	3
20333	120	Port Input	2	2106504	4137	3
20333	120	Response	3	2106504	4137	3
20333	121	Nothing	90	2125615	0	0			0		other	0
20333	121	Port Input	2	2130991	5376	3
20333	121	Response	3	2130991	5376	3
20333	121	Port Input	2	2132724	7109	3
20333	121	Response	3	2132724	7109	3
20333	121	Port Input	2	2132913	7298	4
20333	121	Port Input	2	2134780	9165	4
20333	121	Response	3	2134780	9165	4
20333	121	Port Input	2	2136679	11064	4
20333	121	Response	3	2136679	11064	4
20333	121	Port Input	2	2136682	11067	3
20333	122	Nothing	99	2147590	0	1			0		other	0
20333	123	Nothing	42	2147742	0	0			0		other	0
20333	124	Sound	21	2149132	0	1			0		miss	0
20333	125	Nothing	8	2169185	0	1			0		other	0
20333	126	Nothing	90	2199454	0	0			0		other	0
20333	126	Port Input	2	2207928	8474	4
20333	126	Response	3	2207928	8474	4
20333	126	Port Input	2	2209040	9586	3
20333	126	Response	3	2209040	9586	3
20333	126	Port Input	2	2210280	10826	4
20333	126	Response	3	2210280	10826	4
20333	126	Port Input	2	2210876	11422	3
20333	126	Port Input	2	2211854	12399	4
20333	126	Response	3	2211854	12399	4
20333	127	Nothing	90	2218575	0	0			0		other	0
20333	128	Nothing	99	2256221	0	0			0		other	0
20333	129	Nothing	42	2256380	0	0			0		other	0
20333	130	Sound	21	2257732	0	1			0		miss	0
20333	131	Nothing	8	2277784	0	1			0		other	0
20333	132	Nothing	90	2308005	0	0			0		other	0
20333	132	Port Input	2	2311029	3024	3
20333	132	Response	3	2311029	3024	3
20333	132	Port Input	2	2312252	4247	3
20333	132	Response	3	2312252	4247	3
20333	132	Port Input	2	2313589	5584	4
20333	132	Response	3	2313589	5584	4
20333	132	Port Input	2	2316505	8500	3
20333	132	Response	3	2316505	8500	3
20333	132	Port Input	2	2317852	9847	3
20333	132	Response	3	2317852	9847	3
20333	132	Port Input	2	2318065	10060	3
20333	132	Port Input	2	2319240	11235	4
20333	132	Response	3	2319240	11235	4
20333	132	Port Input	2	2320804	12799	3
20333	132	Response	3	2320804	12799	3
20333	133	Nothing	90	2329134	0	1			0		other	0
20333	134	Nothing	99	2347262	0	1			0		other	0
20333	135	Nothing	42	2347413	0	0			0		other	0
20333	136	Sound	21	2348832	0	1			0		miss	0
20333	137	Nothing	8	2368885	0	1			0		other	0
20333	138	Nothing	90	2399101	0	0			0		other	0
20333	139	Nothing	99	2419447	0	0			0		other	0
20333	140	Nothing	42	2419599	0	1			0		other	0
20333	141	Sound	21	2420932	0	1			0		miss	0
20333	142	Nothing	8	2440985	0	0			0		other	0
20333	142	Port Input	2	2451463	10478	4
20333	142	Response	3	2451463	10478	4
20333	142	Port Input	2	2452669	11684	4
20333	142	Response	3	2452669	11684	4
20333	142	Port Input	2	2453905	12920	3
20333	142	Response	3	2453905	12920	3
20333	144	Nothing	90	2471261	0	1			0		other	0
20333	145	Nothing	99	2492907	0	1			0		other	0
20333	146	Nothing	42	2493058	0	0			0		other	0
20333	147	Sound	21	2494432	0	1			0		miss	0
20333	148	Nothing	8	2514483	0	0			0		other	0
20333	148	Port Input	2	2537927	23444	3
20333	148	Response	3	2537927	23444	3
20333	148	Port Input	2	2539013	24530	3
20333	148	Response	3	2539013	24530	3
20333	148	Port Input	2	2540223	25740	3
20333	148	Response	3	2540223	25740	3
20333	148	Port Input	2	2543210	28727	4
20333	148	Response	3	2543210	28727	4
20333	148	Port Input	2	2544475	29991	3
20333	148	Response	3	2544475	29991	3
20333	149	Nothing	90	2544697	0	0			0		other	0
20333	149	Port Input	2	2546017	1320	3
20333	149	Response	3	2546017	1320	3
20333	149	Port Input	2	2547279	2581	4
20333	149	Response	3	2547279	2581	4
20333	150	Nothing	90	2557390	0	0			0		other	0
20333	150	Port Input	2	2574342	16953	3
20333	150	Response	3	2574342	16953	3
20333	150	Port Input	2	2575566	18176	3
20333	150	Response	3	2575566	18176	3
20333	150	Port Input	2	2576905	19516	4
20333	150	Response	3	2576905	19516	4
20333	151	Nothing	90	2601234	0	1			0		other	0
20333	152	Nothing	99	2619702	0	1			0		other	0
20333	153	Nothing	42	2619854	0	0			0		other	0
20333	154	Sound	21	2621232	0	1			0		miss	0
20333	155	Nothing	8	2641283	0	0			0		other	0
20333	156	Nothing	90	2671493	0	0			0		other	0
20333	156	Port Input	2	2675124	3631	4
20333	156	Response	3	2675124	3631	4
20333	156	Port Input	2	2677412	5919	3
20333	156	Response	3	2677412	5919	3
20333	157	Nothing	90	2683121	0	0			0		other	0
20333	158	Nothing	99	2696398	0	0			0		other	0
20333	159	Nothing	42	2696549	0	0			0		other	0
20333	160	Sound	21	2697932	0	1			0		hit	1325
20333	160	Port Input	1	2706398	8467	4
20333	160	Response	2	2706398	8467	4
20333	161	Nothing	75	2706458	0	1			0		other	0
20333	162	Nothing	90	2736858	0	0			0		other	0
20333	163	Nothing	99	2759904	0	1			0		other	0
20333	164	Nothing	42	2760055	0	0			0		other	0
20333	165	Sound	21	2761432	0	1			0		miss	0
20333	166	Nothing	8	2781484	0	1			0		other	0
20333	166	Port Input	1	2792046	10562	3
20333	166	Response	2	2792046	10562	3
20333	166	Port Input	1	2797070	15586	3
20333	166	Response	2	2797070	15586	3
20333	167	Nothing	90	2811692	0	0			0		other	0
20333	168	Nothing	99	2834799	0	0			0		other	0
20333	169	Nothing	42	2834950	0	0			0		other	0
20333	170	Sound	21	2836331	0	1			0		miss	0
20333	171	Nothing	8	2856384	0	0			0		other	0
20333	173	Nothing	90	2886649	0	0			0		other	0
20333	173	Port Input	1	2912280	25630	3
20333	173	Response	2	2912280	25630	3
20333	173	Port Input	1	2913877	27227	3
20333	173	Response	2	2913877	27227	3
20333	174	Nothing	90	2918688	0	0			0		other	0
20333	175	Nothing	99	2930404	0	0			0		other	0
20333	176	Nothing	42	2930555	0	0			0		other	0
20333	177	Sound	21	2931931	0	1			0		miss	0
20333	178	Nothing	8	2951984	0	1			0		other	0
20333	179	Nothing	90	2982200	0	1			0		other	0
20333	179	Port Input	1	2999972	17772	3
20333	179	Response	2	2999972	17772	3
20333	179	Port Input	1	3001852	19652	3
20333	179	Response	2	3001852	19652	3
20333	180	Nothing	90	3020060	0	0			0		other	0
20333	181	Nothing	99	3032587	0	0			0		other	0
20333	182	Nothing	42	3032743	0	0			0		other	0
20333	183	Sound	21	3034131	0	1			0		miss	0
20333	184	Nothing	8	3054185	0	0			0		other	0
20333	185	Nothing	90	3084400	0	0			0		other	0
20333	186	Nothing	99	3097646	0	0			0		other	0
20333	187	Nothing	42	3097803	0	1			0		other	0
20333	188	Sound	21	3099131	0	1			0		miss	0
20333	189	Nothing	8	3119183	0	0			0		other	0
20333	190	Nothing	90	3149395	0	0			0		other	0
20333	191	Nothing	99	3162781	0	0			0		other	0
20333	192	Nothing	42	3162932	0	0			0		other	0
20333	193	Sound	21	3164331	0	1			0		miss	0
20333	194	Nothing	8	3184382	0	0			0		other	0
20333	195	Nothing	90	3214594	0	1			0		other	0
20333	196	Nothing	99	3242589	0	1			0		other	0
20333	197	Nothing	42	3242742	0	0			0		other	0
20333	198	Sound	21	3244131	0	1			0		miss	0
20333	199	Nothing	8	3264185	0	0			0		other	0
20333	199	Port Input	2	3288759	24574	3
20333	199	Response	3	3288759	24574	3
20333	199	Port Input	1	3290223	26037	3
20333	199	Response	2	3290223	26037	3
20333	201	Nothing	90	3294463	0	1			0		other	0
20333	201	Port Input	2	3300046	5583	3
20333	201	Response	3	3300046	5583	3
20333	202	Nothing	90	3316315	0	0			0		other	0
20333	202	Port Input	2	3327325	11010	3
20333	202	Response	3	3327325	11010	3
20333	202	Port Input	2	3329495	13180	3
20333	202	Response	3	3329495	13180	3
20333	203	Nothing	90	3353316	0	1			0		other	0
20333	203	Port Input	1	3356636	3319	4
20333	203	Response	2	3356636	3319	4
20333	203	Port Input	1	3358624	5308	3
20333	203	Response	2	3358624	5308	3
20333	204	Nothing	90	3402778	0	1			0		other	0
20333	205	Nothing	99	3428794	0	0			0		other	0
20333	206	Nothing	42	3428945	0	0			0		other	0
20333	207	Sound	21	3430331	0	1			0		miss	0
20333	208	Nothing	8	3450383	0	1			0		other	0
20333	209	Nothing	90	3480591	0	1			0		other	0
20333	210	Nothing	99	3524488	0	0			0		other	0
20333	211	Nothing	42	3524640	0	0			0		other	0
20333	212	Sound	21	3526031	0	1			0		miss	0
20333	213	Nothing	8	3546083	0	1			0		other	0
20333	213	Port Input	2	3575062	28979	3
20333	213	Response	3	3575062	28979	3
20333	213	Port Input	2	3575375	29292	3
20333	213	Response	3	3575375	29292	3
20333	213	Port Input	2	3575540	29457	3
20333	213	Port Input	2	3575691	29608	4
20333	213	Port Input	2	3575862	29779	3
20333	214	Nothing	90	3576298	0	1			0		other	0
20333	214	Port Input	2	3577934	1636	3
20333	214	Response	3	3577934	1636	3
20333	214	Port Input	2	3580274	3976	3
20333	214	Response	3	3580274	3976	3
20333	214	Port Input	2	3581941	5643	3
20333	214	Response	3	3581941	5643	3
20333	214	Port Input	2	3582531	6233	3
20333	214	Response	3	3582531	6233	3
20333	214	Port Input	2	3582700	6402	3
20333	214	Port Input	2	3582704	6406	3
20333	214	Port Input	2	3582876	6578	3
20333	214	Port Input	2	3582879	6581	4
20333	214	Port Input	2	3583024	6726	3
20333	214	Port Input	2	3583026	6728	3
20333	214	Port Input	2	3583282	6984	3
20333	214	Response	3	3583282	6984	3
20333	214	Port Input	2	3583457	7159	5
20333	214	Response	3	3583457	7159	5
20333	214	Port Input	2	3583533	7235	4
20333	214	Port Input	2	3583708	7410	4
20333	214	Port Input	2	3584164	7866	3
20333	214	Response	3	3584164	7866	3
20333	214	Port Input	2	3584405	8107	3
20333	214	Port Input	2	3585048	8750	3
20333	214	Response	3	3585048	8750	3
20333	214	Port Input	2	3585223	8925	3
20333	214	Response	3	3585223	8925	3
20333	214	Port Input	2	3585229	8931	3
20333	214	Port Input	2	3585393	9095	3
20333	214	Response	3	3585393	9095	3
20333	214	Port Input	2	3589921	13623	3
20333	214	Response	3	3589921	13623	3
20333	214	Port Input	2	3593939	17641	4
20333	214	Response	3	3593939	17641	4
20333	214	Port Input	1	3594015	17717	3
20333	214	Response	2	3594015	17717	3
20333	214	Port Input	2	3597702	21404	3
20333	214	Response	3	3597702	21404	3
20333	214	Port Input	2	3598084	21786	3
20333	214	Response	3	3598084	21786	3
20333	214	Port Input	1	3598387	22089	3
20333	214	Response	2	3598387	22089	3
20333	214	Port Input	1	3598546	22248	3
20333	214	Port Input	1	3602889	26591	4
20333	214	Response	2	3602889	26591	4
20333	214	Port Input	1	3602926	26628	3
20333	214	Port Input	1	3602929	26631	4
20333	214	Port Input	1	3602971	26673	3
20333	214	Port Input	1	3602973	26675	3
20333	214	Port Input	1	3603378	27080	4
20333	214	Port Input	1	3603554	27256	3
20333	214	Port Input	1	3603709	27411	3
20333	214	Port Input	1	3603874	27576	3
20333	214	Port Input	1	3603877	27579	3
20333	214	Port Input	1	3604048	27750	3
20333	215	Nothing	90	3608067	0	1			0		other	0
20333	215	Port Input	1	3613406	5339	3
20333	215	Response	2	3613406	5339	3
20333	215	Port Input	1	3613718	5651	3
20333	215	Response	2	3613718	5651	3
20333	215	Port Input	1	3613879	5812	3
20333	215	Port Input	1	3613884	5817	3
20333	215	Port Input	1	3614049	5983	3
20333	215	Port Input	1	3614214	6147	3
20333	215	Port Input	1	3614380	6314	4
20333	215	Port Input	1	3614563	6496	4
20333	215	Response	2	3614563	6496	4
20333	215	Port Input	1	3614732	6666	3
20333	215	Response	2	3614732	6666	3
20333	215	Port Input	1	3614735	6669	3
20333	215	Port Input	2	3627222	19155	4
20333	215	Response	3	3627222	19155	4
20333	215	Port Input	1	3627261	19194	3
20333	215	Response	2	3627261	19194	3
20333	215	Port Input	1	3627342	19275	3
20333	215	Port Input	1	3627573	19507	3
20333	215	Port Input	1	3627728	19661	3
20333	215	Response	2	3627728	19661	3
20333	216	Nothing	90	3640701	0	0			0		other	0
20333	217	Nothing	99	3663757	0	0			0		other	0
20333	218	Nothing	42	3663908	0	0			0		other	0
20333	219	Sound	21	3665331	0	1			0		miss	0
20333	220	Nothing	8	3685382	0	1			0		other	0
20333	221	Nothing	90	3715596	0	1			0		other	0
20333	222	Nothing	99	3752932	0	0			0		other	0
20333	223	Nothing	42	3753083	0	0			0		other	0
20333	224	Sound	21	3754431	0	1			0		miss	0
20333	225	Nothing	8	3774483	0	1			0		other	0
20333	226	Nothing	90	3804693	0	0			0		other	0
20333	227	Nothing	99	3816019	0	1			0		other	0
20333	228	Nothing	42	3816171	0	1			0		other	0
20333	229	Sound	21	3817530	0	1			0		miss	0
20333	230	Nothing	8	3837583	0	0			0		other	0
20333	232	Nothing	90	3867863	0	1			0		other	0
20333	233	Nothing	99	3890631	0	1			0		other	0
20333	234	Nothing	42	3890786	0	1			0		other	0
20333	235	Sound	21	3892130	0	1			0		miss	0
20333	236	Nothing	8	3912182	0	1			0		other	0
20333	237	Nothing	90	3942389	0	1			0		other	0
20333	238	Nothing	99	3953985	0	0			0		other	0
20333	239	Nothing	42	3954141	0	1			0		other	0
20333	240	Sound	21	3955530	0	1			0		miss	0
20333	241	Nothing	8	3975583	0	1			0		other	0
20333	242	Nothing	90	4005799	0	0			0		other	0
20333	243	Nothing	99	4037435	0	1			0		other	0
20333	244	Nothing	42	4037588	0	0			0		other	0
20333	245	Sound	21	4038930	0	1			0		miss	0
20333	246	Nothing	8	4058982	0	1			0		other	0
20333	247	Nothing	90	4089193	0	0			0		other	0
20333	248	Nothing	99	4134710	0	0			0		other	0
20333	249	Nothing	42	4134862	0	1			0		other	0
20333	250	Sound	21	4136230	0	1			0		miss	0
20333	251	Nothing	8	4156282	0	0			0		other	0
20333	251	Port Input	1	4181122	24840	3
20333	251	Response	2	4181122	24840	3
20333	251	Port Input	1	4184355	28072	3
20333	251	Response	2	4184355	28072	3
20333	252	Nothing	90	4186491	0	1			0		other	0
20333	253	Nothing	99	4205897	0	0			0		other	0
20333	254	Nothing	42	4206048	0	1			0		other	0
20333	255	Sound	21	4207430	0	1			0		miss	0
20333	256	Nothing	8	4227482	0	0			0		other	0
20333	258	Nothing	90	4257766	0	1			0		other	0
20333	259	Nothing	99	4299773	0	1			0		other	0
20333	260	Nothing	42	4299923	0	1			0		other	0
20333	261	Sound	21	4301330	0	1			0		miss	0
20333	262	Nothing	8	4321384	0	1			0		other	0
20333	263	Nothing	90	4351598	0	1			0		other	0
20333	264	Nothing	99	4364394	0	1			0		other	0
20333	265	Nothing	42	4364546	0	0			0		other	0
20333	266	Sound	21	4365930	0	1			0		miss	0
20333	267	Nothing	8	4385982	0	0			0		other	0
20333	268	Nothing	90	4416209	0	1			0		other	0
20333	269	Nothing	99	4460605	0	0			0		other	0
20333	270	Nothing	42	4460757	0	1			0		other	0
20333	271	Sound	21	4462130	0	1			0		miss	0
20333	272	Nothing	8	4482184	0	1			0		other	0
