Scenario - Phase3_R71NoCue
Logfile written - 11/17/2020 17:10:54

Subject	Trial	Event Type	Code	Time	TTime	Uncertainty	Duration	Uncertainty	ReqTime	ReqDur	Stim Type	Pair Index

20331	1	Nothing	90	11307	0	1			0		other	0
20331	1	Port Input	1	25451	14145	3
20331	1	Response	2	25451	14145	3
20331	1	Port Input	1	25608	14301	3
20331	1	Port Input	2	26936	15630	3
20331	1	Response	3	26936	15630	3
20331	2	Nothing	90	50545	0	0			0		other	0
20331	2	Port Input	1	51116	571	3
20331	2	Response	2	51116	571	3
20331	2	Port Input	1	51258	713	3
20331	2	Port Input	1	51261	715	3
20331	2	Port Input	1	69610	19065	3
20331	2	Response	2	69610	19065	3
20331	2	Port Input	1	69747	19202	3
20331	3	Nothing	90	79747	0	0			0		other	0
20331	3	Port Input	2	87412	7666	3
20331	3	Response	3	87412	7666	3
20331	3	Port Input	2	87570	7823	4
20331	3	Port Input	2	87575	7829	4
20331	3	Port Input	2	91087	11341	3
20331	3	Response	3	91087	11341	3
20331	3	Port Input	2	91240	11494	3
20331	3	Port Input	2	91409	11662	3
20331	3	Port Input	2	91580	11833	4
20331	3	Port Input	2	91753	12007	3
20331	3	Response	3	91753	12007	3
20331	3	Port Input	2	93250	13503	4
20331	3	Response	3	93250	13503	4
20331	3	Port Input	2	93416	13669	4
20331	3	Response	3	93416	13669	4
20331	3	Port Input	2	93589	13842	4
20331	3	Response	3	93589	13842	4
20331	3	Port Input	2	94588	14842	4
20331	3	Response	3	94588	14842	4
20331	3	Port Input	2	94759	15012	3
20331	3	Response	3	94759	15012	3
20331	3	Port Input	2	94926	15179	3
20331	3	Response	3	94926	15179	3
20331	3	Port Input	2	96089	16342	3
20331	3	Response	3	96089	16342	3
20331	3	Port Input	2	96261	16515	3
20331	3	Response	3	96261	16515	3
20331	3	Port Input	2	96429	16682	3
20331	3	Response	3	96429	16682	3
20331	4	Nothing	90	100093	0	0			0		other	0
20331	4	Port Input	2	114740	14647	4
20331	4	Response	3	114740	14647	4
20331	4	Port Input	2	114907	14814	3
20331	4	Port Input	2	115077	14984	3
20331	5	Nothing	90	144817	0	0			0		other	0
20331	6	Nothing	42	160498	0	0			0		other	0
20331	7	Sound	21	161835	0	1			0		hit	54
20331	7	Port Input	2	164109	2274	3
20331	7	Response	3	164109	2274	3
20331	7	Port Input	2	164114	2278	3
20331	7	Port Input	2	164166	2330	46
20331	7	Port Input	2	164213	2378	45
20331	8	Nothing	6	164270	0	1			0		other	0
20331	8	Port Input	2	164380	110	4
20331	8	Port Input	2	164551	280	3
20331	8	Manual	15	194463	30193	NA
20331	9	Nothing	90	194706	0	0			0		other	0
20331	10	Nothing	42	211669	0	0			0		other	0
20331	11	Sound	21	213035	0	1			0		hit	66
20331	11	Port Input	2	221854	8818	3
20331	11	Response	3	221854	8818	3
20331	12	Nothing	6	222013	0	0			0		other	0
20331	12	Port Input	2	222016	3	4
20331	12	Response	3	222016	3	4
20331	12	Port Input	2	222187	175	3
20331	12	Port Input	2	223025	1012	3
20331	12	Response	3	223025	1012	3
20331	12	Port Input	2	223192	1179	3
20331	12	Port Input	2	223365	1352	3
20331	12	Port Input	2	224032	2019	3
20331	12	Response	3	224032	2019	3
20331	12	Port Input	2	224036	2023	3
20331	12	Port Input	2	224196	2183	3
20331	12	Port Input	2	224367	2354	3
20331	12	Response	3	224367	2354	3
20331	12	Port Input	2	225366	3353	3
20331	12	Response	3	225366	3353	3
20331	12	Port Input	2	225536	3523	3
20331	12	Response	3	225536	3523	3
20331	12	Port Input	2	225703	3690	3
20331	12	Response	3	225703	3690	3
20331	12	Port Input	2	226711	4698	3
20331	12	Response	3	226711	4698	3
20331	12	Port Input	2	226713	4700	3
20331	12	Port Input	2	226870	4857	4
20331	12	Response	3	226870	4857	4
20331	12	Port Input	2	227045	5032	3
20331	12	Response	3	227045	5032	3
20331	12	Port Input	2	228206	6193	3
20331	12	Response	3	228206	6193	3
20331	12	Port Input	2	228376	6364	3
20331	12	Response	3	228376	6364	3
20331	12	Port Input	2	228544	6532	3
20331	12	Response	3	228544	6532	3
20331	12	Port Input	2	229540	7527	4
20331	12	Response	3	229540	7527	4
20331	12	Port Input	2	229710	7697	3
20331	12	Response	3	229710	7697	3
20331	12	Port Input	2	229876	7863	3
20331	12	Response	3	229876	7863	3
20331	12	Port Input	2	230876	8863	3
20331	12	Response	3	230876	8863	3
20331	12	Port Input	2	231041	9028	3
20331	12	Response	3	231041	9028	3
20331	12	Port Input	2	231212	9199	3
20331	12	Response	3	231212	9199	3
20331	12	Port Input	2	232212	10199	3
20331	12	Response	3	232212	10199	3
20331	12	Port Input	2	232215	10202	3
20331	12	Port Input	2	232379	10366	3
20331	12	Response	3	232379	10366	3
20331	12	Port Input	2	232544	10531	3
20331	12	Response	3	232544	10531	3
20331	12	Port Input	2	232711	10699	3
20331	12	Response	3	232711	10699	3
20331	12	Port Input	2	233707	11694	3
20331	12	Response	3	233707	11694	3
20331	12	Port Input	2	233878	11865	3
20331	12	Response	3	233878	11865	3
20331	12	Port Input	2	234047	12034	3
20331	12	Response	3	234047	12034	3
20331	12	Port Input	2	235043	13030	3
20331	12	Response	3	235043	13030	3
20331	12	Port Input	2	235046	13033	3
20331	12	Port Input	2	235209	13196	4
20331	12	Response	3	235209	13196	4
20331	12	Port Input	2	235212	13199	4
20331	12	Port Input	2	235379	13366	3
20331	12	Response	3	235379	13366	3
20331	12	Port Input	2	236380	14367	4
20331	12	Response	3	236380	14367	4
20331	12	Port Input	2	236542	14529	3
20331	12	Response	3	236542	14529	3
20331	12	Port Input	2	236545	14532	3
20331	12	Port Input	2	236713	14700	3
20331	12	Response	3	236713	14700	3
20331	12	Port Input	2	238041	16028	4
20331	12	Response	3	238041	16028	4
20331	12	Port Input	2	238209	16196	3
20331	12	Response	3	238209	16196	3
20331	12	Port Input	2	238211	16199	4
20331	12	Port Input	2	238377	16364	4
20331	12	Response	3	238377	16364	4
20331	12	Port Input	2	238544	16531	3
20331	12	Response	3	238544	16531	3
20331	12	Port Input	2	238546	16533	3
20331	12	Port Input	2	239706	17693	3
20331	12	Response	3	239706	17693	3
20331	12	Port Input	2	239875	17862	3
20331	12	Response	3	239875	17862	3
20331	12	Port Input	2	240045	18032	3
20331	12	Response	3	240045	18032	3
20331	12	Port Input	2	240212	18199	4
20331	12	Response	3	240212	18199	4
20331	12	Port Input	2	240215	18202	4
20331	12	Port Input	2	241207	19195	3
20331	12	Response	3	241207	19195	3
20331	12	Port Input	2	241377	19364	3
20331	12	Response	3	241377	19364	3
20331	12	Port Input	2	241546	19533	3
20331	12	Response	3	241546	19533	3
20331	12	Port Input	2	241711	19698	4
20331	12	Response	3	241711	19698	4
20331	12	Port Input	2	242708	20696	3
20331	12	Response	3	242708	20696	3
20331	12	Port Input	2	242877	20864	3
20331	12	Response	3	242877	20864	3
20331	12	Port Input	2	243043	21030	3
20331	12	Response	3	243043	21030	3
20331	12	Port Input	2	243211	21198	4
20331	12	Response	3	243211	21198	4
20331	12	Port Input	2	244549	22536	4
20331	12	Response	3	244549	22536	4
20331	12	Port Input	2	244709	22696	3
20331	12	Response	3	244709	22696	3
20331	12	Port Input	2	244875	22863	4
20331	12	Response	3	244875	22863	4
20331	12	Port Input	2	246207	24194	3
20331	12	Response	3	246207	24194	3
20331	12	Port Input	2	246376	24363	3
20331	12	Response	3	246376	24363	3
20331	12	Port Input	2	246543	24531	3
20331	12	Response	3	246543	24531	3
20331	12	Port Input	2	246709	24696	3
20331	12	Response	3	246709	24696	3
20331	12	Port Input	2	248374	26361	3
20331	12	Response	3	248374	26361	3
20331	12	Port Input	2	248541	26529	3
20331	12	Response	3	248541	26529	3
20331	12	Port Input	2	248710	26697	4
20331	12	Response	3	248710	26697	4
20331	12	Port Input	2	250039	28026	3
20331	12	Response	3	250039	28026	3
20331	12	Port Input	2	250042	28029	3
20331	12	Port Input	2	250210	28197	3
20331	12	Response	3	250210	28197	3
20331	12	Port Input	2	250375	28362	3
20331	12	Response	3	250375	28362	3
20331	12	Port Input	2	251538	29525	3
20331	12	Response	3	251538	29525	3
20331	12	Port Input	2	251706	29693	3
20331	12	Response	3	251706	29693	3
20331	12	Port Input	2	251709	29696	3
20331	12	Port Input	2	251876	29863	3
20331	12	Response	3	251876	29863	3
20331	12	Port Input	2	252016	30003	46
20331	12	Response	3	252016	30003	46
20331	13	Nothing	90	252257	0	1			0		other	0
20331	14	Nothing	42	269561	0	0			0		other	0
20331	15	Sound	21	270935	0	1			0		miss	0
20331	16	Nothing	8	290989	0	0			0		other	0
20331	17	Nothing	90	321220	0	0			0		other	0
20331	18	Nothing	42	351383	0	0			0		other	0
20331	19	Sound	21	352735	0	1			0		hit	221
20331	19	Port Input	2	355169	2434	3
20331	19	Response	3	355169	2434	3
20331	19	Port Input	2	355276	2541	47
20331	20	Nothing	76	355324	0	1			0		other	0
20331	20	Port Input	2	355481	157	4
20331	20	Port Input	1	356850	1525	4
20331	20	Response	2	356850	1525	4
20331	20	Port Input	1	356990	1666	3
20331	20	Response	2	356990	1666	3
20331	20	Port Input	1	356993	1669	3
20331	20	Port Input	1	357163	1839	3
20331	20	Response	2	357163	1839	3
20331	20	Port Input	1	357167	1843	3
20331	21	Nothing	90	385610	0	0			0		other	0
20331	22	Nothing	42	416041	0	0			0		other	0
20331	23	Sound	21	417435	0	1			0		hit	237
20331	23	Port Input	2	420826	3391	4
20331	23	Response	3	420826	3391	4
20331	23	Port Input	2	420938	3503	46
20331	24	Nothing	76	420985	0	0			0		other	0
20331	24	Port Input	2	421126	141	3
20331	24	Port Input	2	421129	143	3
20331	26	Nothing	90	451256	0	0			0		other	0
20331	27	Nothing	42	465438	0	0			0		other	0
20331	28	Sound	21	466835	0	1			0		miss	0
20331	29	Nothing	8	486888	0	1			0		other	0
20331	30	Nothing	90	517128	0	0			0		other	0
20331	30	Port Input	2	553097	35969	3
20331	30	Response	3	553097	35969	3
20331	30	Port Input	2	553244	36116	3
20331	30	Port Input	2	553409	36281	3
20331	30	Port Input	2	553579	36451	3
20331	30	Port Input	2	553754	36626	3
20331	31	Nothing	90	555041	0	1			0		other	0
20331	31	Port Input	1	561923	6881	3
20331	31	Response	2	561923	6881	3
20331	31	Port Input	1	562086	7044	4
20331	31	Port Input	1	562251	7209	4
20331	31	Port Input	1	562255	7213	4
20331	32	Nothing	90	601260	0	1			0		other	0
20331	32	Port Input	2	606404	5144	3
20331	32	Response	3	606404	5144	3
20331	32	Port Input	2	606564	5304	4
20331	32	Port Input	2	608229	6969	3
20331	32	Response	3	608229	6969	3
20331	32	Port Input	2	608399	7140	3
20331	32	Port Input	2	608583	7324	3
20331	32	Response	3	608583	7324	3
20331	33	Nothing	90	634653	0	0			0		other	0
20331	34	Nothing	42	648795	0	1			0		other	0
20331	35	Sound	21	650135	0	1			0		hit	272
20331	35	Port Input	2	652743	2608	3
20331	35	Response	3	652743	2608	3
20331	35	Port Input	2	652846	2711	45
20331	36	Nothing	6	652902	0	1			0		other	0
20331	36	Port Input	2	653044	142	3
20331	36	Port Input	2	653215	313	4
20331	36	Port Input	2	653218	316	3
20331	36	Port Input	1	654901	1999	4
20331	36	Response	2	654901	1999	4
20331	36	Port Input	1	655055	2153	4
20331	36	Response	2	655055	2153	4
20331	36	Port Input	1	655060	2158	3
20331	36	Port Input	2	656720	3818	4
20331	36	Response	3	656720	3818	4
20331	36	Port Input	2	656889	3987	3
20331	36	Response	3	656889	3987	3
20331	36	Port Input	2	657063	4161	4
20331	36	Response	3	657063	4161	4
20331	36	Port Input	2	657229	4326	4
20331	36	Response	3	657229	4326	4
20331	36	Port Input	2	657910	5008	3
20331	36	Response	3	657910	5008	3
20331	36	Port Input	2	657913	5011	3
20331	36	Port Input	2	658062	5160	3
20331	36	Response	3	658062	5160	3
20331	36	Port Input	2	658066	5164	5
20331	36	Port Input	2	658232	5330	3
20331	36	Response	3	658232	5330	3
20331	36	Port Input	2	659395	6493	3
20331	36	Response	3	659395	6493	3
20331	36	Port Input	2	659563	6661	3
20331	36	Response	3	659563	6661	3
20331	36	Port Input	2	659734	6832	3
20331	36	Response	3	659734	6832	3
20331	36	Port Input	2	661066	8164	3
20331	36	Response	3	661066	8164	3
20331	36	Port Input	2	661232	8330	3
20331	36	Response	3	661232	8330	3
20331	36	Port Input	2	661401	8499	3
20331	36	Response	3	661401	8499	3
20331	36	Port Input	2	662564	9662	3
20331	36	Response	3	662564	9662	3
20331	36	Port Input	2	662733	9830	3
20331	36	Response	3	662733	9830	3
20331	36	Port Input	2	662901	9999	4
20331	36	Response	3	662901	9999	4
20331	36	Port Input	2	663736	10834	4
20331	36	Response	3	663736	10834	4
20331	36	Port Input	2	663897	10995	3
20331	36	Response	3	663897	10995	3
20331	36	Port Input	2	663900	10998	3
20331	36	Port Input	2	664068	11166	3
20331	36	Response	3	664068	11166	3
20331	36	Port Input	2	665564	12662	3
20331	36	Response	3	665564	12662	3
20331	36	Port Input	2	665567	12665	3
20331	36	Port Input	2	665732	12830	3
20331	36	Response	3	665732	12830	3
20331	36	Port Input	2	668563	15660	3
20331	36	Response	3	668563	15660	3
20331	36	Port Input	2	668729	15827	4
20331	36	Response	3	668729	15827	4
20331	36	Port Input	2	668896	15994	3
20331	36	Response	3	668896	15994	3
20331	36	Port Input	2	669063	16161	3
20331	36	Response	3	669063	16161	3
20331	36	Port Input	2	670395	17493	3
20331	36	Response	3	670395	17493	3
20331	36	Port Input	2	670566	17663	3
20331	36	Response	3	670566	17663	3
20331	37	Nothing	90	683296	0	0			0		other	0
20331	38	Nothing	42	702548	0	0			0		other	0
20331	39	Sound	21	703935	0	1			0		miss	0
20331	40	Nothing	8	723988	0	1			0		other	0
20331	41	Nothing	90	754213	0	1			0		other	0
20331	42	Nothing	42	780646	0	1			0		other	0
20331	43	Sound	21	782035	0	1			0		hit	349
20331	43	Port Input	2	788875	6841	3
20331	43	Response	3	788875	6841	3
20331	43	Port Input	2	788979	6944	46
20331	44	Nothing	6	789038	0	1			0		other	0
20331	44	Port Input	2	789167	128	3
20331	44	Port Input	2	789334	296	5
20331	44	Port Input	2	789339	301	4
20331	44	Port Input	2	789506	467	3
20331	44	Response	3	789506	467	3
20331	44	Port Input	2	789679	641	3
20331	44	Response	3	789679	641	3
20331	44	Port Input	2	790520	1482	3
20331	44	Response	3	790520	1482	3
20331	44	Port Input	2	790676	1638	3
20331	44	Response	3	790676	1638	3
20331	44	Port Input	2	790679	1641	3
20331	44	Port Input	2	790847	1809	3
20331	44	Response	3	790847	1809	3
20331	44	Port Input	2	791017	1978	3
20331	44	Response	3	791017	1978	3
20331	44	Port Input	1	791855	2817	3
20331	44	Response	2	791855	2817	3
20331	44	Port Input	1	791858	2820	3
20331	44	Port Input	1	792021	2982	4
20331	44	Response	2	792021	2982	4
20331	44	Port Input	1	792186	3148	4
20331	44	Response	2	792186	3148	4
20331	44	Port Input	1	792190	3152	4
20331	44	Port Input	2	793522	4483	3
20331	44	Response	3	793522	4483	3
20331	44	Port Input	2	793524	4486	3
20331	44	Port Input	2	793685	4647	3
20331	44	Response	3	793685	4647	3
20331	44	Port Input	2	793854	4816	3
20331	44	Response	3	793854	4816	3
20331	44	Port Input	2	794855	5817	3
20331	44	Response	3	794855	5817	3
20331	44	Port Input	2	794858	5820	3
20331	44	Port Input	2	795020	5982	4
20331	44	Response	3	795020	5982	4
20331	44	Port Input	2	795186	6147	3
20331	44	Response	3	795186	6147	3
20331	44	Port Input	2	796185	7147	4
20331	44	Response	3	796185	7147	4
20331	44	Port Input	2	796352	7313	3
20331	44	Response	3	796352	7313	3
20331	44	Port Input	2	796519	7481	3
20331	44	Response	3	796519	7481	3
20331	44	Port Input	2	796522	7484	3
20331	44	Port Input	2	797518	8479	3
20331	44	Response	3	797518	8479	3
20331	44	Port Input	2	797520	8482	3
20331	44	Port Input	2	797688	8650	3
20331	44	Response	3	797688	8650	3
20331	44	Port Input	2	797853	8815	3
20331	44	Response	3	797853	8815	3
20331	44	Port Input	2	798852	9814	3
20331	44	Response	3	798852	9814	3
20331	44	Port Input	2	799021	9983	3
20331	44	Response	3	799021	9983	3
20331	44	Port Input	2	799187	10149	3
20331	44	Response	3	799187	10149	3
20331	44	Port Input	2	800351	11313	3
20331	44	Response	3	800351	11313	3
20331	44	Port Input	2	800354	11316	3
20331	44	Port Input	2	800519	11481	4
20331	44	Response	3	800519	11481	4
20331	44	Port Input	2	800523	11484	3
20331	44	Port Input	2	800688	11650	3
20331	44	Response	3	800688	11650	3
20331	44	Port Input	2	801855	12817	3
20331	44	Response	3	801855	12817	3
20331	44	Port Input	2	802018	12980	4
20331	44	Response	3	802018	12980	4
20331	44	Port Input	2	802188	13150	3
20331	44	Response	3	802188	13150	3
20331	44	Port Input	2	803686	14648	3
20331	44	Response	3	803686	14648	3
20331	44	Port Input	2	804854	15816	3
20331	44	Response	3	804854	15816	3
20331	44	Port Input	2	805018	15980	3
20331	44	Response	3	805018	15980	3
20331	44	Port Input	2	805021	15983	3
20331	44	Port Input	2	805188	16150	3
20331	44	Response	3	805188	16150	3
20331	44	Port Input	2	806187	17148	3
20331	44	Response	3	806187	17148	3
20331	44	Port Input	2	806352	17314	3
20331	44	Response	3	806352	17314	3
20331	44	Port Input	2	806354	17316	3
20331	44	Port Input	2	806520	17482	4
20331	44	Response	3	806520	17482	4
20331	44	Port Input	2	806687	17649	3
20331	44	Response	3	806687	17649	3
20331	44	Port Input	2	808183	19145	3
20331	44	Response	3	808183	19145	3
20331	44	Port Input	2	808186	19148	3
20331	44	Port Input	2	808351	19313	3
20331	44	Response	3	808351	19313	3
20331	45	Nothing	90	819383	0	0			0		other	0
20331	46	Nothing	42	846604	0	0			0		other	0
20331	47	Sound	21	847935	0	1			0		miss	0
20331	48	Nothing	8	867989	0	0			0		other	0
20331	50	Nothing	90	898263	0	1			0		other	0
20331	51	Nothing	42	920736	0	0			0		other	0
20331	52	Sound	21	922135	0	1			0		hit	455
20331	52	Port Input	1	924643	2508	4
20331	52	Response	2	924643	2508	4
20331	53	Nothing	75	924708	0	1			0		other	0
20331	53	Port Input	1	924802	94	3
20331	53	Response	2	924802	94	3
20331	53	Port Input	1	924971	263	3
20331	53	Response	2	924971	263	3
20331	53	Port Input	2	926462	1754	3
20331	53	Response	3	926462	1754	3
20331	53	Port Input	2	926640	1932	3
20331	53	Response	3	926640	1932	3
20331	53	Port Input	2	928303	3594	3
20331	53	Response	3	928303	3594	3
20331	53	Port Input	2	928306	3597	3
20331	53	Port Input	2	928472	3764	3
20331	53	Response	3	928472	3764	3
20331	53	Port Input	2	928642	3934	3
20331	53	Response	3	928642	3934	3
20331	53	Port Input	2	929809	5100	3
20331	53	Response	3	929809	5100	3
20331	53	Port Input	2	929975	5267	3
20331	53	Response	3	929975	5267	3
20331	53	Port Input	2	930144	5436	4
20331	53	Response	3	930144	5436	4
20331	53	Port Input	2	930980	6272	3
20331	53	Response	3	930980	6272	3
20331	53	Port Input	2	931142	6433	3
20331	53	Response	3	931142	6433	3
20331	53	Port Input	2	931144	6436	3
20331	53	Port Input	2	931312	6604	3
20331	53	Response	3	931312	6604	3
20331	53	Port Input	2	931480	6772	3
20331	53	Response	3	931480	6772	3
20331	53	Port Input	2	953306	28598	3
20331	53	Response	3	953306	28598	3
20331	53	Port Input	2	953309	28601	4
20331	53	Port Input	2	953466	28758	3
20331	53	Response	3	953466	28758	3
20331	53	Port Input	2	953636	28927	4
20331	53	Response	3	953636	28927	4
20331	54	Nothing	90	955130	0	0			0		other	0
20331	55	Nothing	42	974574	0	0			0		other	0
20331	56	Sound	21	975935	0	1			0		hit	498
20331	56	Port Input	1	978138	2204	3
20331	56	Response	2	978138	2204	3
20331	57	Nothing	75	978198	0	0			0		other	0
20331	57	Port Input	1	978296	98	4
20331	57	Response	2	978296	98	4
20331	57	Port Input	1	978301	103	4
20331	57	Port Input	2	979797	1600	3
20331	57	Response	3	979797	1600	3
20331	57	Port Input	2	979964	1766	3
20331	57	Response	3	979964	1766	3
20331	58	Nothing	90	1008545	0	0			0		other	0
20331	59	Nothing	42	1053647	0	0			0		other	0
20331	60	Sound	21	1055034	0	1			0		hit	511
20331	60	Port Input	1	1057613	2578	4
20331	60	Response	2	1057613	2578	4
20331	60	Port Input	1	1057616	2582	4
20331	61	Nothing	75	1057678	0	0			0		other	0
20331	61	Port Input	1	1057775	97	3
20331	61	Response	2	1057775	97	3
20331	61	Port Input	1	1057941	262	3
20331	61	Response	2	1057941	262	3
20331	61	Port Input	1	1058113	435	4
20331	61	Response	2	1058113	435	4
20331	61	Port Input	1	1058282	604	3
20331	61	Response	2	1058282	604	3
20331	61	Port Input	1	1058284	606	3
20331	61	Port Input	2	1059608	1930	3
20331	61	Response	3	1059608	1930	3
20331	61	Port Input	2	1059610	1932	4
20331	61	Port Input	2	1059780	2102	3
20331	61	Response	3	1059780	2102	3
20331	61	Port Input	2	1061780	4102	3
20331	61	Response	3	1061780	4102	3
20331	61	Port Input	2	1061783	4105	3
20331	61	Port Input	2	1061946	4268	3
20331	61	Response	3	1061946	4268	3
20331	61	Port Input	2	1062114	4435	3
20331	61	Response	3	1062114	4435	3
20331	61	Port Input	2	1062279	4601	3
20331	61	Response	3	1062279	4601	3
20331	61	Port Input	2	1062282	4604	3
20331	61	Port Input	2	1063279	5601	4
20331	61	Response	3	1063279	5601	4
20331	61	Port Input	2	1063446	5768	3
20331	61	Response	3	1063446	5768	3
20331	61	Port Input	2	1063614	5936	3
20331	61	Response	3	1063614	5936	3
20331	62	Nothing	90	1088026	0	0			0		other	0
20331	63	Nothing	42	1134350	0	0			0		other	0
20331	64	Sound	21	1135734	0	1			0		hit	548
20331	64	Port Input	2	1140252	4518	3
20331	64	Response	3	1140252	4518	3
20331	64	Port Input	2	1140255	4521	3
20331	65	Nothing	6	1140413	0	0			0		other	0
20331	65	Port Input	2	1142255	1842	3
20331	65	Response	3	1142255	1842	3
20331	65	Port Input	2	1142424	2011	3
20331	65	Response	3	1142424	2011	3
20331	65	Port Input	2	1142591	2178	3
20331	65	Response	3	1142591	2178	3
20331	65	Port Input	2	1142761	2348	3
20331	65	Response	3	1142761	2348	3
20331	65	Port Input	2	1143592	3179	3
20331	65	Response	3	1143592	3179	3
20331	65	Port Input	2	1143764	3351	3
20331	65	Response	3	1143764	3351	3
20331	65	Port Input	2	1143929	3516	4
20331	65	Response	3	1143929	3516	4
20331	65	Port Input	2	1144771	4358	3
20331	65	Response	3	1144771	4358	3
20331	65	Port Input	2	1144931	4518	3
20331	65	Response	3	1144931	4518	3
20331	65	Port Input	2	1145100	4687	3
20331	65	Response	3	1145100	4687	3
20331	65	Port Input	2	1145265	4852	3
20331	65	Response	3	1145265	4852	3
20331	65	Port Input	2	1146273	5860	4
20331	65	Response	3	1146273	5860	4
20331	65	Port Input	2	1146430	6017	4
20331	65	Response	3	1146430	6017	4
20331	65	Port Input	2	1146599	6186	3
20331	65	Response	3	1146599	6186	3
20331	65	Port Input	2	1146763	6351	3
20331	65	Response	3	1146763	6351	3
20331	65	Port Input	2	1146766	6353	3
20331	65	Port Input	1	1147773	7360	4
20331	65	Response	2	1147773	7360	4
20331	65	Port Input	1	1147936	7523	3
20331	65	Response	2	1147936	7523	3
20331	65	Port Input	1	1148100	7687	3
20331	65	Response	2	1148100	7687	3
20331	65	Port Input	1	1148103	7690	3
20331	65	Port Input	2	1149266	8853	3
20331	65	Response	3	1149266	8853	3
20331	65	Port Input	2	1149430	9017	4
20331	65	Response	3	1149430	9017	4
20331	65	Port Input	2	1149600	9187	4
20331	65	Response	3	1149600	9187	4
20331	65	Port Input	2	1150434	10021	3
20331	65	Response	3	1150434	10021	3
20331	65	Port Input	2	1150596	10183	3
20331	65	Response	3	1150596	10183	3
20331	65	Port Input	2	1150768	10355	4
20331	65	Response	3	1150768	10355	4
20331	65	Port Input	2	1151768	11355	3
20331	65	Response	3	1151768	11355	3
20331	65	Port Input	2	1151936	11523	3
20331	65	Response	3	1151936	11523	3
20331	65	Port Input	2	1152101	11688	3
20331	65	Response	3	1152101	11688	3
20331	65	Port Input	2	1153099	12686	3
20331	65	Response	3	1153099	12686	3
20331	65	Port Input	2	1153104	12691	3
20331	65	Port Input	2	1153267	12854	3
20331	65	Response	3	1153267	12854	3
20331	65	Port Input	2	1153270	12857	3
20331	65	Port Input	2	1153435	13022	3
20331	65	Response	3	1153435	13022	3
20331	65	Port Input	2	1154601	14188	3
20331	65	Response	3	1154601	14188	3
20331	65	Port Input	2	1154767	14354	3
20331	65	Response	3	1154767	14354	3
20331	65	Port Input	2	1154936	14523	3
20331	65	Response	3	1154936	14523	3
20331	65	Port Input	2	1155933	15520	4
20331	65	Response	3	1155933	15520	4
20331	65	Port Input	2	1156100	15687	3
20331	65	Response	3	1156100	15687	3
20331	65	Port Input	2	1156267	15855	3
20331	65	Response	3	1156267	15855	3
20331	65	Port Input	2	1157268	16855	3
20331	65	Response	3	1157268	16855	3
20331	65	Port Input	2	1157270	16857	4
20331	65	Port Input	2	1157431	17018	3
20331	65	Response	3	1157431	17018	3
20331	65	Port Input	2	1157434	17021	3
20331	65	Port Input	2	1157605	17192	3
20331	65	Response	3	1157605	17192	3
20331	65	Port Input	2	1158777	18364	2
20331	65	Response	3	1158777	18364	2
20331	65	Port Input	2	1160273	19860	3
20331	65	Response	3	1160273	19860	3
20331	65	Port Input	2	1163597	23185	3
20331	65	Response	3	1163597	23185	3
20331	65	Port Input	2	1163600	23187	4
20331	65	Port Input	2	1165100	24687	4
20331	65	Response	3	1165100	24687	4
20331	65	Port Input	2	1166437	26024	3
20331	65	Response	3	1166437	26024	3
20331	65	Port Input	2	1166606	26193	3
20331	65	Response	3	1166606	26193	3
20331	65	Port Input	2	1166609	26196	3
20331	65	Port Input	2	1168096	27683	3
20331	65	Response	3	1168096	27683	3
20331	65	Port Input	2	1169778	29365	3
20331	65	Response	3	1169778	29365	3
20331	66	Nothing	90	1170806	0	1			0		other	0
20331	67	Nothing	42	1201138	0	0			0		other	0
20331	68	Sound	21	1202534	0	1			0		miss	0
20331	69	Nothing	8	1222589	0	0			0		other	0
20331	71	Nothing	90	1252869	0	1			0		other	0
20331	72	Nothing	42	1291630	0	0			0		other	0
20331	73	Sound	21	1293034	0	1			0		hit	661
20331	73	Port Input	2	1295030	1996	4
20331	73	Response	3	1295030	1996	4
20331	74	Nothing	6	1295193	0	0			0		other	0
20331	74	Port Input	2	1295207	14	4
20331	74	Response	3	1295207	14	4
20331	74	Port Input	2	1295210	17	4
20331	74	Port Input	2	1295376	183	3
20331	74	Port Input	2	1296379	1186	3
20331	74	Response	3	1296379	1186	3
20331	74	Port Input	2	1296383	1190	3
20331	74	Port Input	2	1296553	1360	3
20331	74	Response	3	1296553	1360	3
20331	74	Port Input	2	1296721	1528	4
20331	74	Response	3	1296721	1528	4
20331	74	Port Input	2	1296892	1699	3
20331	74	Response	3	1296892	1699	3
20331	74	Port Input	2	1297719	2525	3
20331	74	Response	3	1297719	2525	3
20331	74	Port Input	2	1297721	2528	3
20331	74	Port Input	2	1297896	2702	3
20331	74	Response	3	1297896	2702	3
20331	74	Port Input	2	1297898	2705	3
20331	74	Port Input	2	1298065	2872	3
20331	74	Response	3	1298065	2872	3
20331	74	Port Input	2	1299067	3874	3
20331	74	Response	3	1299067	3874	3
20331	74	Port Input	2	1299233	4040	3
20331	74	Response	3	1299233	4040	3
20331	74	Port Input	2	1299401	4208	3
20331	74	Response	3	1299401	4208	3
20331	74	Port Input	2	1300241	5048	4
20331	74	Response	3	1300241	5048	4
20331	74	Port Input	2	1300402	5209	3
20331	74	Response	3	1300402	5209	3
20331	74	Port Input	2	1300567	5374	3
20331	74	Response	3	1300567	5374	3
20331	74	Port Input	2	1301567	6374	3
20331	74	Response	3	1301567	6374	3
20331	74	Port Input	2	1301734	6540	3
20331	74	Response	3	1301734	6540	3
20331	74	Port Input	2	1301900	6707	3
20331	74	Response	3	1301900	6707	3
20331	74	Port Input	2	1302907	7714	3
20331	74	Response	3	1302907	7714	3
20331	74	Port Input	2	1302910	7717	4
20331	74	Port Input	2	1303070	7877	4
20331	74	Response	3	1303070	7877	4
20331	74	Port Input	2	1303239	8046	3
20331	74	Response	3	1303239	8046	3
20331	74	Port Input	2	1304400	9206	3
20331	74	Response	3	1304400	9206	3
20331	74	Port Input	2	1304570	9377	4
20331	74	Response	3	1304570	9377	4
20331	74	Port Input	2	1305569	10376	4
20331	74	Response	3	1305569	10376	4
20331	74	Port Input	2	1305736	10543	4
20331	74	Response	3	1305736	10543	4
20331	74	Port Input	2	1305905	10711	3
20331	74	Response	3	1305905	10711	3
20331	74	Port Input	2	1306903	11710	3
20331	74	Response	3	1306903	11710	3
20331	74	Port Input	2	1307072	11879	3
20331	74	Response	3	1307072	11879	3
20331	74	Port Input	2	1307242	12049	3
20331	74	Response	3	1307242	12049	3
20331	74	Port Input	2	1308070	12877	4
20331	74	Response	3	1308070	12877	4
20331	74	Port Input	2	1308241	13047	3
20331	74	Response	3	1308241	13047	3
20331	74	Port Input	2	1308400	13207	4
20331	74	Response	3	1308400	13207	4
20331	74	Port Input	2	1308403	13210	3
20331	74	Port Input	2	1309401	14208	3
20331	74	Response	3	1309401	14208	3
20331	74	Port Input	2	1309404	14210	3
20331	74	Port Input	2	1309570	14376	3
20331	74	Response	3	1309570	14376	3
20331	74	Port Input	2	1309736	14543	3
20331	74	Response	3	1309736	14543	3
20331	74	Port Input	2	1309905	14712	3
20331	74	Response	3	1309905	14712	3
20331	74	Port Input	2	1311069	15875	3
20331	74	Response	3	1311069	15875	3
20331	74	Port Input	2	1311071	15878	3
20331	74	Port Input	2	1311241	16047	4
20331	74	Response	3	1311241	16047	4
20331	74	Port Input	2	1311400	16207	4
20331	74	Response	3	1311400	16207	4
20331	75	Nothing	90	1325565	0	0			0		other	0
20331	76	Nothing	42	1351236	0	0			0		other	0
20331	77	Sound	21	1352634	0	1			0		hit	752
20331	77	Port Input	2	1357558	4924	3
20331	77	Response	3	1357558	4924	3
20331	78	Nothing	6	1357726	0	1			0		other	0
20331	78	Port Input	2	1357726	0	4
20331	78	Response	3	1357726	0	4
20331	78	Port Input	2	1358392	666	3
20331	78	Response	3	1358392	666	3
20331	78	Port Input	2	1358561	834	4
20331	78	Response	3	1358561	834	4
20331	78	Port Input	2	1358723	997	3
20331	78	Response	3	1358723	997	3
20331	78	Port Input	2	1358889	1163	3
20331	78	Response	3	1358889	1163	3
20331	78	Port Input	2	1359726	2000	4
20331	78	Response	3	1359726	2000	4
20331	78	Port Input	2	1359730	2003	4
20331	78	Port Input	2	1359891	2165	3
20331	78	Response	3	1359891	2165	3
20331	78	Port Input	2	1360059	2332	4
20331	78	Response	3	1360059	2332	4
20331	78	Port Input	2	1361230	3504	3
20331	78	Response	3	1361230	3504	3
20331	78	Port Input	2	1361398	3672	3
20331	78	Response	3	1361398	3672	3
20331	78	Port Input	2	1361562	3836	3
20331	78	Response	3	1361562	3836	3
20331	78	Port Input	2	1361566	3840	3
20331	78	Port Input	2	1362730	5004	4
20331	78	Response	3	1362730	5004	4
20331	78	Port Input	2	1362898	5172	3
20331	78	Response	3	1362898	5172	3
20331	78	Port Input	2	1363064	5337	3
20331	78	Response	3	1363064	5337	3
20331	78	Port Input	2	1363066	5340	3
20331	78	Port Input	2	1364232	6506	3
20331	78	Response	3	1364232	6506	3
20331	78	Port Input	2	1364399	6673	3
20331	78	Response	3	1364399	6673	3
20331	78	Port Input	2	1364566	6839	4
20331	78	Response	3	1364566	6839	4
20331	78	Port Input	2	1365566	7840	3
20331	78	Response	3	1365566	7840	3
20331	78	Port Input	2	1365732	8006	3
20331	78	Response	3	1365732	8006	3
20331	78	Port Input	2	1365900	8174	3
20331	78	Response	3	1365900	8174	3
20331	78	Port Input	2	1366901	9175	3
20331	78	Response	3	1366901	9175	3
20331	78	Port Input	2	1367063	9337	3
20331	78	Response	3	1367063	9337	3
20331	78	Port Input	2	1367066	9340	3
20331	78	Port Input	2	1368236	10510	3
20331	78	Response	3	1368236	10510	3
20331	78	Port Input	2	1368404	10677	3
20331	78	Response	3	1368404	10677	3
20331	78	Port Input	2	1368408	10681	3
20331	78	Port Input	2	1369733	12007	3
20331	78	Response	3	1369733	12007	3
20331	78	Port Input	2	1371067	13341	4
20331	78	Response	3	1371067	13341	4
20331	78	Port Input	2	1371230	13503	4
20331	78	Response	3	1371230	13503	4
20331	78	Port Input	2	1372553	14827	4
20331	78	Response	3	1372553	14827	4
20331	78	Port Input	2	1372735	15008	3
20331	78	Response	3	1372735	15008	3
20331	78	Port Input	2	1372740	15014	4
20331	78	Port Input	2	1373727	16001	3
20331	78	Response	3	1373727	16001	3
20331	78	Port Input	2	1373900	16174	4
20331	78	Response	3	1373900	16174	4
20331	78	Port Input	2	1375569	17843	3
20331	78	Response	3	1375569	17843	3
20331	78	Port Input	2	1375728	18002	3
20331	78	Response	3	1375728	18002	3
20331	79	Nothing	90	1388076	0	1			0		other	0
20331	80	Nothing	42	1403359	0	1			0		other	0
20331	81	Sound	21	1404734	0	1			0		hit	830
20331	81	Port Input	2	1408039	3305	4
20331	81	Response	3	1408039	3305	4
20331	82	Nothing	76	1408194	0	1			0		other	0
20331	82	Port Input	2	1408215	21	4
20331	82	Response	3	1408215	21	4
20331	82	Port Input	2	1408396	202	3
20331	82	Response	3	1408396	202	3
20331	82	Port Input	2	1408562	368	4
20331	82	Response	3	1408562	368	4
20331	82	Port Input	2	1409556	1361	3
20331	82	Response	3	1409556	1361	3
20331	82	Port Input	2	1409560	1366	4
20331	82	Port Input	2	1409730	1536	3
20331	82	Response	3	1409730	1536	3
20331	82	Port Input	2	1409900	1706	4
20331	82	Response	3	1409900	1706	4
20331	82	Port Input	2	1411059	2865	3
20331	82	Response	3	1411059	2865	3
20331	82	Port Input	2	1411063	2869	3
20331	82	Port Input	2	1411232	3038	4
20331	82	Response	3	1411232	3038	4
20331	82	Port Input	2	1417899	9704	6
20331	82	Response	3	1417899	9704	6
20331	83	Nothing	90	1438588	0	1			0		other	0
20331	84	Nothing	42	1483351	0	0			0		other	0
20331	85	Sound	21	1484734	0	1			0		hit	856
20331	85	Port Input	2	1487378	2644	3
20331	85	Response	3	1487378	2644	3
20331	85	Port Input	2	1487539	2805	4
20331	85	Response	3	1487539	2805	4
20331	86	Nothing	6	1487541	0	0			0		other	0
20331	86	Port Input	2	1487717	176	3
20331	86	Response	3	1487717	176	3
20331	86	Port Input	2	1487880	339	3
20331	86	Response	3	1487880	339	3
20331	86	Port Input	2	1488727	1186	3
20331	86	Response	3	1488727	1186	3
20331	86	Port Input	2	1488883	1342	3
20331	86	Response	3	1488883	1342	3
20331	86	Port Input	2	1489067	1526	3
20331	86	Response	3	1489067	1526	3
20331	86	Port Input	2	1489071	1530	3
20331	86	Port Input	2	1490050	2509	3
20331	86	Response	3	1490050	2509	3
20331	86	Port Input	2	1490235	2694	4
20331	86	Response	3	1490235	2694	4
20331	86	Port Input	2	1490402	2861	3
20331	86	Response	3	1490402	2861	3
20331	86	Port Input	2	1491218	3677	3
20331	86	Response	3	1491218	3677	3
20331	86	Port Input	2	1491399	3858	4
20331	86	Response	3	1491399	3858	4
20331	86	Port Input	2	1492892	5351	3
20331	86	Response	3	1492892	5351	3
20331	86	Port Input	2	1493060	5519	4
20331	86	Response	3	1493060	5519	4
20331	86	Port Input	2	1494061	6520	3
20331	86	Response	3	1494061	6520	3
20331	86	Port Input	2	1494220	6679	3
20331	86	Response	3	1494220	6679	3
20331	86	Port Input	2	1494392	6851	3
20331	86	Response	3	1494392	6851	3
20331	86	Port Input	2	1495240	7699	4
20331	86	Response	3	1495240	7699	4
20331	86	Port Input	2	1495384	7843	3
20331	86	Response	3	1495384	7843	3
20331	86	Port Input	2	1495386	7845	3
20331	86	Port Input	2	1495552	8011	3
20331	86	Response	3	1495552	8011	3
20331	86	Port Input	2	1495725	8184	4
20331	86	Response	3	1495725	8184	4
20331	86	Port Input	2	1496729	9188	3
20331	86	Response	3	1496729	9188	3
20331	86	Port Input	2	1496894	9353	3
20331	86	Response	3	1496894	9353	3
20331	86	Port Input	2	1497062	9521	3
20331	86	Response	3	1497062	9521	3
20331	86	Port Input	2	1497066	9525	3
20331	86	Port Input	2	1498063	10522	3
20331	86	Response	3	1498063	10522	3
20331	86	Port Input	2	1498232	10691	3
20331	86	Response	3	1498232	10691	3
20331	86	Port Input	2	1501064	13524	3
20331	86	Response	3	1501064	13524	3
20331	86	Port Input	2	1501230	13689	4
20331	86	Response	3	1501230	13689	4
20331	86	Port Input	2	1501233	13692	3
20331	86	Port Input	2	1501403	13862	3
20331	86	Response	3	1501403	13862	3
20331	86	Port Input	2	1502396	14855	3
20331	86	Response	3	1502396	14855	3
20331	86	Port Input	2	1502399	14858	3
20331	86	Port Input	2	1502564	15024	3
20331	86	Response	3	1502564	15024	3
20331	86	Port Input	2	1503899	16358	3
20331	86	Response	3	1503899	16358	3
20331	86	Port Input	2	1504067	16526	3
20331	86	Response	3	1504067	16526	3
20331	86	Port Input	2	1504234	16693	3
20331	86	Response	3	1504234	16693	3
20331	86	Port Input	2	1504239	16698	3
20331	86	Port Input	2	1505396	17855	3
20331	86	Response	3	1505396	17855	3
20331	86	Port Input	2	1505568	18027	3
20331	86	Response	3	1505568	18027	3
20331	87	Nothing	90	1517919	0	1			0		other	0
20331	88	Nothing	42	1539052	0	1			0		other	0
20331	89	Sound	21	1540434	0	1			0		hit	938
20331	89	Port Input	2	1542744	2310	3
20331	89	Response	3	1542744	2310	3
20331	89	Port Input	2	1542748	2314	3
20331	89	Port Input	2	1542847	2413	46
20331	90	Nothing	76	1542895	0	0			0		other	0
20331	90	Port Input	2	1543059	164	3
20331	90	Response	3	1543059	164	3
20331	90	Port Input	2	1543226	332	4
20331	90	Response	3	1543226	332	4
20331	90	Port Input	2	1543392	497	3
20331	90	Response	3	1543392	497	3
20331	90	Port Input	2	1543394	500	3
20331	90	Port Input	2	1544392	1497	3
20331	90	Response	3	1544392	1497	3
20331	90	Port Input	2	1544560	1666	3
20331	90	Response	3	1544560	1666	3
20331	90	Port Input	2	1544726	1831	3
20331	90	Response	3	1544726	1831	3
20331	90	Port Input	2	1544729	1834	4
20331	90	Port Input	2	1544894	2000	3
20331	90	Response	3	1544894	2000	3
20331	90	Port Input	2	1546227	3332	3
20331	90	Response	3	1546227	3332	3
20331	90	Port Input	2	1546398	3504	3
20331	90	Response	3	1546398	3504	3
20331	90	Port Input	2	1547894	5000	3
20331	90	Response	3	1547894	5000	3
20331	90	Port Input	2	1548065	5171	4
20331	90	Response	3	1548065	5171	4
20331	90	Port Input	2	1549240	6345	3
20331	90	Response	3	1549240	6345	3
20331	90	Port Input	2	1549242	6348	3
20331	90	Port Input	2	1549397	6503	3
20331	90	Response	3	1549397	6503	3
20331	90	Port Input	2	1550734	7839	4
20331	90	Response	3	1550734	7839	4
20331	90	Port Input	2	1550901	8006	3
20331	90	Response	3	1550901	8006	3
20331	90	Port Input	2	1552233	9339	3
20331	90	Response	3	1552233	9339	3
20331	90	Port Input	2	1557062	14167	3
20331	90	Response	3	1557062	14167	3
20331	90	Port Input	2	1557066	14171	3
20331	92	Nothing	90	1573331	0	0			0		other	0
20331	93	Nothing	42	1593823	0	1			0		other	0
20331	94	Sound	21	1595234	0	1			0		hit	984
20331	94	Port Input	2	1597223	1989	3
20331	94	Response	3	1597223	1989	3
20331	95	Nothing	6	1597387	0	0			0		other	0
20331	95	Port Input	2	1597391	4	4
20331	95	Response	3	1597391	4	4
20331	95	Port Input	2	1597562	174	3
20331	95	Response	3	1597562	174	3
20331	95	Port Input	2	1597728	340	3
20331	95	Response	3	1597728	340	3
20331	95	Port Input	2	1597730	343	3
20331	95	Port Input	2	1597898	511	4
20331	95	Response	3	1597898	511	4
20331	95	Port Input	2	1598730	1342	4
20331	95	Response	3	1598730	1342	4
20331	95	Port Input	2	1598899	1512	3
20331	95	Response	3	1598899	1512	3
20331	95	Port Input	2	1599063	1676	4
20331	95	Response	3	1599063	1676	4
20331	95	Port Input	2	1599067	1679	4
20331	95	Port Input	2	1599233	1846	3
20331	95	Response	3	1599233	1846	3
20331	95	Port Input	2	1600063	2676	3
20331	95	Response	3	1600063	2676	3
20331	95	Port Input	2	1600234	2847	3
20331	95	Response	3	1600234	2847	3
20331	95	Port Input	2	1600238	2851	3
20331	95	Port Input	2	1605398	8011	3
20331	95	Response	3	1605398	8011	3
20331	95	Port Input	2	1605402	8015	3
20331	95	Port Input	2	1606562	9174	3
20331	95	Response	3	1606562	9174	3
20331	95	Port Input	2	1609398	12011	3
20331	95	Response	3	1609398	12011	3
20331	95	Port Input	2	1610893	13506	3
20331	95	Response	3	1610893	13506	3
20331	95	Port Input	2	1610896	13508	3
20331	95	Port Input	2	1612403	15016	3
20331	95	Response	3	1612403	15016	3
20331	95	Port Input	2	1613734	16347	3
20331	95	Response	3	1613734	16347	3
20331	95	Port Input	2	1615233	17845	4
20331	95	Response	3	1615233	17845	4
20331	95	Port Input	2	1616896	19508	3
20331	95	Response	3	1616896	19508	3
20331	95	Port Input	2	1618570	21183	3
20331	95	Response	3	1618570	21183	3
20331	95	Port Input	2	1620060	22673	3
20331	95	Response	3	1620060	22673	3
20331	95	Port Input	2	1623900	26513	3
20331	95	Response	3	1623900	26513	3
20331	96	Nothing	90	1627783	0	1			0		other	0
20331	97	Nothing	42	1650678	0	0			0		other	0
20331	98	Sound	21	1652034	0	1			0		hit	1037
20331	98	Port Input	2	1653732	1698	4
20331	98	Response	3	1653732	1698	4
20331	99	Nothing	6	1653895	0	1			0		other	0
20331	99	Port Input	2	1653900	5	3
20331	99	Response	3	1653900	5	3
20331	99	Port Input	2	1654068	173	3
20331	99	Response	3	1654068	173	3
20331	99	Port Input	2	1655067	1172	3
20331	99	Response	3	1655067	1172	3
20331	99	Port Input	2	1655240	1345	3
20331	99	Response	3	1655240	1345	3
20331	99	Port Input	2	1656401	2506	3
20331	99	Response	3	1656401	2506	3
20331	99	Port Input	2	1656403	2508	3
20331	99	Port Input	2	1656571	2676	4
20331	99	Response	3	1656571	2676	4
20331	99	Port Input	2	1662242	8347	4
20331	99	Response	3	1662242	8347	4
20331	99	Port Input	2	1663906	10011	3
20331	99	Response	3	1663906	10011	3
20331	99	Port Input	2	1669565	15670	3
20331	99	Response	3	1669565	15670	3
20331	99	Port Input	2	1673069	19174	3
20331	99	Response	3	1673069	19174	3
20331	99	Port Input	2	1674564	20669	3
20331	99	Response	3	1674564	20669	3
20331	99	Port Input	2	1676229	22334	3
20331	99	Response	3	1676229	22334	3
20331	99	Port Input	2	1677908	24013	4
20331	99	Response	3	1677908	24013	4
20331	99	Port Input	2	1677912	24017	3
20331	99	Port Input	2	1679730	25835	4
20331	99	Response	3	1679730	25835	4
20331	100	Nothing	90	1684291	0	0			0		other	0
20331	101	Nothing	42	1717874	0	1			0		other	0
20331	102	Sound	21	1719234	0	1			0		hit	1073
20331	102	Port Input	2	1721227	1993	3
20331	102	Response	3	1721227	1993	3
20331	102	Port Input	2	1721230	1996	4
20331	103	Nothing	76	1721379	0	0			0		other	0
20331	103	Port Input	2	1721397	18	4
20331	103	Response	3	1721397	18	4
20331	103	Port Input	2	1721567	188	3
20331	103	Response	3	1721567	188	3
20331	103	Port Input	2	1721573	194	3
20331	103	Port Input	2	1722399	1020	3
20331	103	Response	3	1722399	1020	3
20331	103	Port Input	2	1722564	1185	3
20331	103	Response	3	1722564	1185	3
20331	103	Port Input	2	1722568	1189	3
20331	103	Port Input	2	1723893	2514	3
20331	103	Response	3	1723893	2514	3
20331	103	Port Input	2	1727074	5695	3
20331	103	Response	3	1727074	5695	3
20331	103	Port Input	2	1729066	7687	3
20331	103	Response	3	1729066	7687	3
20331	103	Manual	23	1751554	30175	NA
20331	104	Nothing	90	1751913	0	0			0		other	0
20331	105	Nothing	41	1787855	0	0			0		other	0
20331	106	Sound	21	1789234	0	1			0		hit	1097
20331	106	Port Input	2	1790713	1480	3
20331	106	Response	3	1790713	1480	3
20331	107	Nothing	76	1790774	0	1			0		other	0
20331	107	Port Input	2	1790883	109	3
20331	107	Response	3	1790883	109	3
20331	107	Port Input	2	1791050	276	4
20331	107	Response	3	1791050	276	4
20331	107	Port Input	2	1791054	280	4
20331	107	Port Input	2	1791220	446	4
20331	107	Response	3	1791220	446	4
20331	107	Port Input	2	1792051	1278	3
20331	107	Response	3	1792051	1278	3
20331	107	Port Input	2	1792216	1443	4
20331	107	Response	3	1792216	1443	4
20331	107	Port Input	2	1792220	1446	4
20331	107	Port Input	2	1792386	1612	3
20331	107	Response	3	1792386	1612	3
20331	107	Port Input	2	1792557	1783	3
20331	107	Response	3	1792557	1783	3
20331	107	Port Input	2	1792563	1790	3
20331	107	Port Input	2	1793719	2945	3
20331	107	Response	3	1793719	2945	3
20331	107	Port Input	2	1795048	4274	3
20331	107	Response	3	1795048	4274	3
20331	107	Port Input	2	1795052	4278	3
20331	107	Port Input	2	1796881	6108	3
20331	107	Response	3	1796881	6108	3
20331	107	Port Input	2	1796884	6111	3
20331	108	Nothing	90	1821121	0	0			0		other	0
20331	109	Nothing	41	1832353	0	0			0		other	0
20331	110	Sound	21	1833734	0	1			0		hit	1128
20331	110	Port Input	2	1836202	2469	4
20331	110	Response	3	1836202	2469	4
20331	111	Nothing	76	1836267	0	0			0		other	0
20331	111	Port Input	2	1836373	106	3
20331	111	Response	3	1836373	106	3
20331	111	Port Input	2	1836543	277	3
20331	111	Response	3	1836543	277	3
20331	111	Port Input	2	1837537	1270	3
20331	111	Response	3	1837537	1270	3
20331	111	Port Input	2	1837706	1440	4
20331	111	Response	3	1837706	1440	4
20331	113	Nothing	90	1866670	0	0			0		other	0
20331	114	Nothing	41	1877667	0	0			0		other	0
20331	115	Sound	21	1879034	0	1			0		hit	1142
20331	115	Port Input	2	1881190	2156	4
20331	115	Response	3	1881190	2156	4
20331	116	Nothing	76	1881252	0	0			0		other	0
20331	116	Port Input	2	1881356	103	3
20331	116	Response	3	1881356	103	3
20331	116	Port Input	2	1881525	272	5
20331	116	Response	3	1881525	272	5
20331	116	Port Input	2	1882860	1608	4
20331	116	Response	3	1882860	1608	4
20331	116	Port Input	2	1883023	1771	3
20331	116	Response	3	1883023	1771	3
20331	116	Port Input	2	1883193	1941	3
20331	116	Response	3	1883193	1941	3
20331	116	Port Input	2	1883197	1945	4
20331	116	Port Input	2	1885522	4270	4
20331	116	Response	3	1885522	4270	4
20331	116	Port Input	2	1885526	4273	4
20331	116	Port Input	2	1886855	5603	3
20331	116	Response	3	1886855	5603	3
20331	116	Port Input	2	1886858	5606	4
20331	116	Port Input	2	1887034	5782	3
20331	116	Response	3	1887034	5782	3
20331	117	Nothing	90	1911601	0	0			0		other	0
20331	118	Nothing	41	1941293	0	1			0		other	0
20331	119	Sound	21	1942634	0	1			0		hit	1167
20331	119	Port Input	2	1944670	2036	4
20331	119	Response	3	1944670	2036	4
20331	120	Nothing	76	1944735	0	0			0		other	0
20331	120	Port Input	2	1944839	104	4
20331	120	Response	3	1944839	104	4
20331	120	Port Input	2	1945008	273	4
20331	120	Response	3	1945008	273	4
20331	120	Port Input	2	1945175	440	3
20331	120	Response	3	1945175	440	3
20331	120	Port Input	2	1946006	1270	3
20331	120	Response	3	1946006	1270	3
20331	120	Port Input	2	1946173	1437	3
20331	120	Response	3	1946173	1437	3
20331	120	Port Input	2	1946344	1609	3
20331	120	Response	3	1946344	1609	3
20331	120	Port Input	2	1946511	1775	3
20331	120	Response	3	1946511	1775	3
20331	120	Port Input	2	1947504	2769	3
20331	120	Response	3	1947504	2769	3
20331	120	Port Input	2	1947507	2772	3
20331	120	Port Input	2	1947677	2941	3
20331	120	Response	3	1947677	2941	3
20331	121	Nothing	90	1975068	0	1			0		other	0
20331	122	Nothing	41	2019720	0	1			0		other	0
20331	123	Sound	21	2021133	0	1			0		hit	1192
20331	123	Port Input	2	2024148	3014	3
20331	123	Response	3	2024148	3014	3
20331	124	Nothing	76	2024210	0	0			0		other	0
20331	124	Port Input	2	2024312	102	3
20331	124	Response	3	2024312	102	3
20331	124	Port Input	2	2024315	105	3
20331	124	Port Input	2	2024483	273	3
20331	124	Response	3	2024483	273	3
20331	124	Port Input	2	2024648	437	3
20331	124	Response	3	2024648	437	3
20331	124	Port Input	2	2024816	605	3
20331	124	Response	3	2024816	605	3
20331	124	Port Input	2	2024818	608	4
20331	124	Port Input	2	2025649	1438	3
20331	124	Response	3	2025649	1438	3
20331	124	Port Input	2	2025819	1609	4
20331	124	Response	3	2025819	1609	4
20331	124	Port Input	2	2025985	1775	3
20331	124	Response	3	2025985	1775	3
20331	124	Port Input	2	2025988	1778	3
20331	124	Port Input	2	2026154	1944	3
20331	124	Response	3	2026154	1944	3
20331	124	Port Input	2	2026158	1947	3
20331	124	Port Input	2	2026982	2771	3
20331	124	Response	3	2026982	2771	3
20331	124	Port Input	2	2027156	2945	3
20331	124	Response	3	2027156	2945	3
20331	125	Nothing	90	2054548	0	0			0		other	0
20331	126	Nothing	41	2102012	0	0			0		other	0
20331	127	Sound	21	2103433	0	1			0		hit	1222
20331	127	Port Input	1	2109449	6016	4
20331	127	Response	2	2109449	6016	4
20331	127	Port Input	1	2109453	6019	3
20331	128	Nothing	5	2109614	0	1			0		other	0
20331	128	Port Input	1	2109622	8	4
20331	128	Response	2	2109622	8	4
20331	128	Port Input	1	2109790	176	3
20331	128	Response	2	2109790	176	3
20331	128	Port Input	1	2109954	340	3
20331	128	Response	2	2109954	340	3
20331	128	Port Input	1	2110128	514	4
20331	128	Response	2	2110128	514	4
20331	128	Port Input	1	2111286	1672	3
20331	128	Response	2	2111286	1672	3
20331	128	Port Input	1	2111290	1676	3
20331	128	Port Input	1	2111294	1680	3
20331	129	Nothing	90	2139995	0	0			0		other	0
20331	130	Nothing	41	2162269	0	0			0		other	0
20331	131	Sound	21	2163633	0	1			0		miss	0
20331	132	Nothing	8	2183687	0	0			0		other	0
20331	134	Nothing	90	2213997	0	0			0		other	0
20331	134	Port Input	1	2243056	29059	3
20331	134	Response	2	2243056	29059	3
20331	134	Port Input	1	2243224	29227	3
20331	134	Response	2	2243224	29227	3
20331	134	Port Input	1	2243226	29230	3
20331	134	Port Input	1	2244724	30727	4
20331	134	Response	2	2244724	30727	4
20331	135	Nothing	90	2249637	0	0			0		other	0
20331	135	Port Input	2	2252048	2411	4
20331	135	Response	3	2252048	2411	4
20331	136	Nothing	90	2299087	0	0			0		other	0
20331	137	Nothing	41	2314790	0	1			0		other	0
20331	138	Sound	21	2316133	0	1			0		miss	0
20331	139	Nothing	8	2336187	0	0			0		other	0
20331	140	Nothing	90	2366428	0	0			0		other	0
20331	141	Nothing	41	2400563	0	0			0		other	0
20331	142	Sound	21	2401933	0	1			0		miss	0
20331	143	Nothing	8	2421987	0	0			0		other	0
20331	144	Nothing	90	2452236	0	1			0		other	0
20331	145	Nothing	41	2499269	0	0			0		other	0
20331	146	Sound	21	2500633	0	1			0		hit	1264
20331	146	Port Input	1	2503181	2548	3
20331	146	Response	2	2503181	2548	3
20331	147	Nothing	5	2503340	0	1			0		other	0
20331	147	Port Input	1	2503348	8	4
20331	147	Response	2	2503348	8	4
20331	147	Port Input	1	2504848	1508	3
20331	147	Response	2	2504848	1508	3
20331	148	Nothing	90	2533730	0	1			0		other	0
20331	149	Nothing	41	2557196	0	0			0		other	0
20331	150	Sound	21	2558533	0	1			0		miss	0
20331	151	Nothing	8	2578587	0	0			0		other	0
20331	152	Nothing	90	2608840	0	1			0		other	0
20331	153	Nothing	41	2645893	0	1			0		other	0
20331	154	Sound	21	2647233	0	1			0		miss	0
20331	155	Nothing	8	2667288	0	0			0		other	0
20331	157	Nothing	90	2697589	0	1			0		other	0
20331	158	Nothing	41	2745943	0	0			0		other	0
20331	159	Sound	21	2747333	0	1			0		hit	1282
20331	159	Port Input	1	2749234	1902	3
20331	159	Response	2	2749234	1902	3
20331	159	Port Input	1	2749240	1907	3
20331	160	Nothing	5	2749395	0	1			0		other	0
20331	161	Nothing	90	2779785	0	0			0		other	0
20331	162	Nothing	41	2798768	0	1			0		other	0
20331	163	Sound	21	2800133	0	1			0		miss	0
20331	164	Nothing	8	2820187	0	0			0		other	0
20331	165	Nothing	90	2850419	0	1			0		other	0
20331	166	Nothing	41	2871342	0	0			0		other	0
20331	167	Sound	21	2872733	0	1			0		miss	0
20331	168	Nothing	8	2892787	0	1			0		other	0
20331	169	Nothing	90	2923013	0	0			0		other	0
20331	170	Nothing	41	2943734	0	1			0		other	0
20331	171	Sound	21	2945133	0	1			0		hit	1297
20331	171	Port Input	2	2951648	6516	3
20331	171	Response	3	2951648	6516	3
20331	171	Port Input	2	2951651	6518	3
20331	172	Nothing	76	2951708	0	0			0		other	0
20331	173	Nothing	90	2982141	0	0			0		other	0
20331	174	Nothing	41	2992704	0	0			0		other	0
20331	175	Sound	21	2994032	0	1			0		miss	0
20331	176	Nothing	8	3014086	0	1			0		other	0
20331	178	Nothing	90	3044401	0	0			0		other	0
20331	179	Nothing	41	3078105	0	0			0		other	0
20331	180	Sound	21	3079532	0	1			0		hit	1308
20331	180	Port Input	2	3086553	7021	3
20331	180	Response	3	3086553	7021	3
20331	181	Nothing	76	3086619	0	0			0		other	0
20331	181	Port Input	2	3086716	97	3
20331	181	Response	3	3086716	97	3
20331	181	Port Input	2	3086880	261	3
20331	181	Response	3	3086880	261	3
20331	181	Port Input	2	3086884	265	3
20331	181	Port Input	2	3087051	432	4
20331	181	Response	3	3087051	432	4
20331	181	Port Input	2	3087054	435	4
20331	181	Port Input	2	3087217	599	3
20331	181	Response	3	3087217	599	3
20331	181	Port Input	2	3087222	603	3
20331	181	Port Input	2	3088715	2096	3
20331	181	Response	3	3088715	2096	3
20331	181	Port Input	2	3088886	2267	3
20331	181	Response	3	3088886	2267	3
20331	181	Port Input	2	3088888	2269	4
20331	182	Nothing	90	3117012	0	1			0		other	0
20331	183	Nothing	41	3166154	0	1			0		other	0
20331	184	Sound	21	3167532	0	1			0		hit	1330
20331	184	Port Input	1	3178773	11241	3
20331	184	Response	2	3178773	11241	3
20331	184	Port Input	1	3178777	11245	3
20331	184	Port Input	1	3178780	11248	3
20331	185	Nothing	5	3178936	0	0			0		other	0
20331	185	Port Input	1	3190286	11349	3
20331	185	Response	2	3190286	11349	3
20331	186	Nothing	90	3209331	0	0			0		other	0
20331	187	Nothing	41	3231596	0	1			0		other	0
20331	188	Sound	21	3232932	0	1			0		miss	0
20331	189	Nothing	8	3252986	0	0			0		other	0
20331	189	Port Input	2	3254815	1829	3
20331	189	Response	3	3254815	1829	3
20331	190	Nothing	90	3283230	0	1			0		other	0
20331	191	Nothing	41	3300741	0	1			0		other	0
20331	192	Sound	21	3302132	0	1			0		miss	0
20331	193	Nothing	8	3322186	0	1			0		other	0
20331	194	Nothing	90	3352432	0	0			0		other	0
20331	195	Nothing	41	3368274	0	0			0		other	0
20331	196	Sound	21	3369632	0	1			0		miss	0
20331	197	Nothing	8	3389686	0	0			0		other	0
20331	199	Nothing	90	3419982	0	1			0		other	0
20331	200	Nothing	41	3437138	0	0			0		other	0
20331	201	Sound	21	3438532	0	1			0		miss	0
20331	202	Nothing	8	3458586	0	1			0		other	0
20331	203	Nothing	90	3488814	0	1			0		other	0
20331	204	Nothing	41	3499099	0	0			0		other	0
20331	205	Sound	21	3500432	0	1			0		miss	0
20331	206	Nothing	8	3520485	0	1			0		other	0
20331	207	Nothing	90	3550712	0	0			0		other	0
20331	208	Nothing	41	3579874	0	0			0		other	0
20331	209	Sound	21	3581232	0	1			0		miss	0
20331	210	Nothing	8	3601287	0	1			0		other	0
20331	211	Nothing	90	3631523	0	1			0		other	0
20331	211	Port Input	1	3665200	33677	3
20331	211	Response	2	3665200	33677	3
20331	212	Nothing	90	3668699	0	0			0		other	0
20331	213	Nothing	41	3685742	0	1			0		other	0
20331	214	Sound	21	3687132	0	1			0		miss	0
20331	215	Nothing	8	3707184	0	0			0		other	0
20331	216	Nothing	90	3737430	0	0			0		other	0
20331	217	Nothing	41	3766000	0	0			0		other	0
20331	218	Sound	21	3767332	0	1			0		miss	0
20331	219	Nothing	8	3787387	0	1			0		other	0
20331	221	Nothing	90	3817690	0	1			0		other	0
20331	222	Nothing	41	3851493	0	1			0		other	0
20331	223	Sound	21	3852832	0	1			0		miss	0
20331	224	Nothing	8	3872885	0	1			0		other	0
20331	225	Nothing	90	3903121	0	1			0		other	0
20331	226	Nothing	41	3920833	0	1			0		other	0
20331	227	Sound	21	3922231	0	1			0		miss	0
20331	228	Nothing	8	3942286	0	1			0		other	0
20331	229	Nothing	90	3972511	0	1			0		other	0
20331	230	Nothing	41	3986593	0	1			0		other	0
20331	231	Sound	21	3987931	0	1			0		miss	0
20331	232	Nothing	8	4007985	0	1			0		other	0
20331	233	Nothing	90	4038227	0	0			0		other	0
20331	233	Port Input	1	4052508	14281	3
20331	233	Response	2	4052508	14281	3
20331	233	Port Input	2	4058013	19787	3
20331	233	Response	3	4058013	19787	3
20331	233	Port Input	2	4058016	19789	4
20331	234	Nothing	90	4072938	0	1			0		other	0
20331	235	Nothing	41	4096562	0	0			0		other	0
20331	236	Sound	21	4097931	0	1			0		hit	1395
20331	236	Port Input	2	4107187	9256	4
20331	236	Response	3	4107187	9256	4
20331	237	Nothing	76	4107248	0	0			0		other	0
20331	238	Nothing	90	4137672	0	1			0		other	0
20331	239	Nothing	41	4147824	0	0			0		other	0
20331	240	Sound	21	4149231	0	1			0		miss	0
20331	241	Nothing	8	4169285	0	1			0		other	0
20331	243	Nothing	90	4199583	0	1			0		other	0
20331	244	Nothing	41	4225836	0	1			0		other	0
20331	245	Sound	21	4227231	0	1			0		miss	0
20331	246	Nothing	8	4247284	0	1			0		other	0
20331	246	Quit		4266455	19171	NA
